2019-10-03T04:51:07.856Z - info: Website generation started at 12:51:06 PM
2019-10-03T04:51:09.077Z - info: Building assets...
2019-10-03T04:51:10.715Z - info: Assets built
2019-10-03T04:51:10.716Z - info: Generating pages...
2019-10-03T04:52:17.863Z - info: Pages built
2019-10-03T04:52:30.183Z - info: Website generation complete! Total build time: 83.5s
2019-10-03T04:52:30.555Z - info: Serving "E:\Teaching\CS2113\CS2113-AY1920Sem1\website\_site" at http://127.0.0.1:8080
2019-10-03T04:52:30.555Z - info: Press CTRL+C to stop ...
2019-10-03T04:52:30.584Z - info: Site data built
2019-10-03T04:54:11.384Z - info: [12:54:11 PM] Reload for file change: E:\Teaching\CS2113\CS2113-AY1920Sem1\website\admin\projectList.md
2019-10-03T04:54:12.387Z - info: Rebuilding affected source files
2019-10-03T04:54:12.389Z - info: Rebuilding 1 pages
2019-10-03T04:54:12.634Z - info: Pages rebuilt
2019-10-03T04:54:12.646Z - info: Site data built
2019-10-03T04:56:22.950Z - info: [12:56:22 PM] Reload for file change: E:\Teaching\CS2113\CS2113-AY1920Sem1\website\admin\projectList.md
2019-10-03T04:56:23.951Z - info: Rebuilding affected source files
2019-10-03T04:56:23.953Z - info: Rebuilding 1 pages
2019-10-03T04:56:24.168Z - info: Pages rebuilt
2019-10-03T04:56:24.178Z - info: Site data built
2019-10-03T04:57:02.621Z - info: [12:57:02 PM] Reload for file change: E:\Teaching\CS2113\CS2113-AY1920Sem1\website\admin\projectList.md
2019-10-03T04:57:03.626Z - info: Rebuilding affected source files
2019-10-03T04:57:03.629Z - info: Rebuilding 1 pages
2019-10-03T04:57:03.812Z - info: Pages rebuilt
2019-10-03T04:57:03.820Z - info: Site data built
2019-10-03T04:59:46.004Z - info: [12:59:46 PM] Reload for file change: E:\Teaching\CS2113\CS2113-AY1920Sem1\website\admin\projectList.md
2019-10-03T04:59:47.005Z - info: Rebuilding affected source files
2019-10-03T04:59:47.006Z - info: Rebuilding 1 pages
2019-10-03T04:59:47.205Z - info: Pages rebuilt
2019-10-03T04:59:47.218Z - info: Site data built
2019-10-03T05:04:18.905Z - info: [1:04:18 PM] Reload for file change: E:\Teaching\CS2113\CS2113-AY1920Sem1\website\admin\projectList.md
2019-10-03T05:04:19.907Z - info: Rebuilding affected source files
2019-10-03T05:04:19.909Z - info: Rebuilding 1 pages
2019-10-03T05:04:20.135Z - info: Pages rebuilt
2019-10-03T05:04:20.144Z - info: Site data built
2019-10-03T05:07:08.350Z - info: [1:07:08 PM] Reload for file change: E:\Teaching\CS2113\CS2113-AY1920Sem1\website\admin\projectList.md
2019-10-03T05:07:09.352Z - info: Rebuilding affected source files
2019-10-03T05:07:09.353Z - info: Rebuilding 1 pages
2019-10-03T05:07:09.521Z - info: Pages rebuilt
2019-10-03T05:07:09.529Z - info: Site data built
2019-10-03T05:08:11.054Z - info: [1:08:11 PM] Reload for file change: E:\Teaching\CS2113\CS2113-AY1920Sem1\website\admin\projectList.md
2019-10-03T05:08:12.056Z - info: Rebuilding affected source files
2019-10-03T05:08:12.057Z - info: Rebuilding 1 pages
2019-10-03T05:08:12.245Z - info: Pages rebuilt
2019-10-03T05:08:12.252Z - info: Site data built
2019-10-03T05:09:45.780Z - info: [1:09:45 PM] Reload for file change: E:\Teaching\CS2113\CS2113-AY1920Sem1\website\admin\projectList.md
2019-10-03T05:09:46.782Z - info: Rebuilding affected source files
2019-10-03T05:09:46.783Z - info: Rebuilding 1 pages
2019-10-03T05:09:46.952Z - info: Pages rebuilt
2019-10-03T05:09:46.961Z - info: Site data built
2019-10-03T05:09:54.122Z - info: [1:09:54 PM] Reload for file change: E:\Teaching\CS2113\CS2113-AY1920Sem1\website\admin\projectList.md
2019-10-03T05:09:55.124Z - info: Rebuilding affected source files
2019-10-03T05:09:55.125Z - info: Rebuilding 1 pages
2019-10-03T05:09:55.303Z - info: Pages rebuilt
2019-10-03T05:09:55.312Z - info: Site data built
2019-10-03T05:11:45.761Z - info: [1:11:45 PM] Reload for file change: E:\Teaching\CS2113\CS2113-AY1920Sem1\website\admin\projectList.md
2019-10-03T05:11:46.762Z - info: Rebuilding affected source files
2019-10-03T05:11:46.763Z - info: Rebuilding 1 pages
2019-10-03T05:11:46.906Z - info: Pages rebuilt
2019-10-03T05:11:46.916Z - info: Site data built
2019-10-03T05:12:26.083Z - info: [1:12:26 PM] Reload for file change: E:\Teaching\CS2113\CS2113-AY1920Sem1\website\admin\projectList.md
2019-10-03T05:12:27.084Z - info: Rebuilding affected source files
2019-10-03T05:12:27.085Z - info: Rebuilding 1 pages
2019-10-03T05:12:27.221Z - info: Pages rebuilt
2019-10-03T05:12:27.232Z - info: Site data built
2019-10-03T05:13:53.169Z - info: [1:13:53 PM] Reload for file change: E:\Teaching\CS2113\CS2113-AY1920Sem1\website\admin\projectList.md
2019-10-03T05:13:54.170Z - info: Rebuilding affected source files
2019-10-03T05:13:54.171Z - info: Rebuilding 1 pages
2019-10-03T05:13:54.450Z - info: Pages rebuilt
2019-10-03T05:13:54.457Z - info: Site data built
2019-10-03T05:15:32.734Z - info: [1:15:32 PM] Reload for file change: E:\Teaching\CS2113\CS2113-AY1920Sem1\website\admin\projectList.md
2019-10-03T05:15:33.737Z - info: Rebuilding affected source files
2019-10-03T05:15:33.738Z - info: Rebuilding 1 pages
2019-10-03T05:15:34.352Z - info: Pages rebuilt
2019-10-03T05:15:34.360Z - info: Site data built
2019-10-03T05:17:27.419Z - info: [1:17:27 PM] Reload for file change: E:\Teaching\CS2113\CS2113-AY1920Sem1\website\admin\projectList.md
2019-10-03T05:17:28.421Z - info: Rebuilding affected source files
2019-10-03T05:17:28.422Z - info: Rebuilding 1 pages
2019-10-03T05:17:28.968Z - info: Pages rebuilt
2019-10-03T05:17:28.977Z - info: Site data built
2019-10-03T05:19:10.200Z - info: [1:19:10 PM] Reload for file change: E:\Teaching\CS2113\CS2113-AY1920Sem1\website\admin\projectList.md
2019-10-03T05:19:11.204Z - info: Rebuilding affected source files
2019-10-03T05:19:11.205Z - info: Rebuilding 1 pages
2019-10-03T05:19:11.897Z - info: Pages rebuilt
2019-10-03T05:19:11.907Z - info: Site data built
2019-10-03T08:23:50.978Z - info: [4:23:50 PM] Reload for file add: E:\Teaching\CS2113\CS2113-AY1920Sem1\website\schedule\index_beforesnip.md
2019-10-03T08:23:50.984Z - info: [4:23:50 PM] Reload for file change: E:\Teaching\CS2113\CS2113-AY1920Sem1\website\schedule\index_beforesnip.md
2019-10-03T08:23:51.983Z - warn: Rebuilding all source files
2019-10-03T08:23:52.537Z - info: Rebuilding affected source files
2019-10-03T08:23:52.542Z - info: Rebuilding 0 pages
2019-10-03T08:23:52.543Z - info: Pages rebuilt
2019-10-03T08:23:52.559Z - info: Site data built
2019-10-03T08:23:53.538Z - info: Assets removed
2019-10-03T08:23:53.538Z - info: Generating pages...
2019-10-03T08:25:09.283Z - info: [4:25:09 PM] Reload for file deletion: E:\Teaching\CS2113\CS2113-AY1920Sem1\website\schedule\index_beforesnip.md
2019-10-03T08:25:09.597Z - info: Pages built
2019-10-03T08:25:10.285Z - warn: Rebuilding all source files
2019-10-03T08:25:11.868Z - info: Assets removed
2019-10-03T08:25:11.869Z - info: Generating pages...
2019-10-03T08:25:42.348Z - info: [4:25:42 PM] Reload for file change: E:\Teaching\CS2113\CS2113-AY1920Sem1\website\schedule\index.md
2019-10-03T08:25:43.383Z - info: Rebuilding affected source files
2019-10-03T08:25:43.383Z - info: Rebuilding 1 pages
2019-10-03T08:26:17.472Z - info: Pages rebuilt
2019-10-03T08:26:19.203Z - info: Site data built
2019-10-03T08:26:26.054Z - info: Pages built
2019-10-03T08:28:23.734Z - info: [4:28:23 PM] Reload for file change: E:\Teaching\CS2113\CS2113-AY1920Sem1\website\schedule\index.md
2019-10-03T08:28:24.736Z - info: Rebuilding affected source files
2019-10-03T08:28:24.737Z - info: Rebuilding 2 pages
2019-10-03T08:28:24.997Z - info: Pages rebuilt
2019-10-03T08:28:25.008Z - info: Site data built
2019-10-03T08:28:41.284Z - info: Website generation started at 4:28:40 PM
2019-10-03T08:28:42.498Z - info: Building assets...
2019-10-03T08:28:43.954Z - info: Assets built
2019-10-03T08:28:43.955Z - info: Generating pages...
2019-10-03T08:29:48.001Z - info: Pages built
2019-10-03T08:30:01.026Z - info: Website generation complete! Total build time: 80.843s
2019-10-03T08:30:01.396Z - info: Serving "E:\Teaching\CS2113\CS2113-AY1920Sem1\website\_site" at http://127.0.0.1:8080
2019-10-03T08:30:01.396Z - info: Press CTRL+C to stop ...
2019-10-03T08:30:01.420Z - info: Site data built
2019-10-03T08:31:53.061Z - info: [4:31:53 PM] Reload for file change: E:\Teaching\CS2113\CS2113-AY1920Sem1\website\schedule\week8\notices-cs2113.md
2019-10-03T08:31:54.063Z - info: Rebuilding affected source files
2019-10-03T08:31:54.064Z - info: Rebuilding 1 pages
2019-10-03T08:31:54.205Z - info: Pages rebuilt
2019-10-03T08:31:54.212Z - info: Site data built
2019-10-03T08:33:25.312Z - info: [4:33:25 PM] Reload for file change: E:\Teaching\CS2113\CS2113-AY1920Sem1\website\admin\project-w08-mid-v12.md
2019-10-03T08:33:26.312Z - info: Rebuilding affected source files
2019-10-03T08:33:26.314Z - info: Rebuilding 4 pages
2019-10-03T08:33:28.064Z - info: Pages rebuilt
2019-10-03T08:33:28.075Z - info: Site data built
2019-10-03T08:34:08.244Z - info: [4:34:08 PM] Reload for file change: E:\Teaching\CS2113\CS2113-AY1920Sem1\website\admin\project-w08-mid-v12.md
2019-10-03T08:34:09.247Z - info: Rebuilding affected source files
2019-10-03T08:34:09.248Z - info: Rebuilding 4 pages
2019-10-03T08:34:11.236Z - info: Pages rebuilt
2019-10-03T08:34:11.248Z - info: Site data built
2019-10-03T08:38:19.541Z - info: [4:38:19 PM] Reload for file change: E:\Teaching\CS2113\CS2113-AY1920Sem1\website\admin\project-w08-mid-v12.md
2019-10-03T08:38:20.542Z - info: Rebuilding affected source files
2019-10-03T08:38:20.547Z - info: Rebuilding 4 pages
2019-10-03T08:38:22.771Z - info: Pages rebuilt
2019-10-03T08:38:22.783Z - info: Site data built
2019-10-03T08:38:49.380Z - info: [4:38:49 PM] Reload for file change: E:\Teaching\CS2113\CS2113-AY1920Sem1\website\admin\project-w08-mid-v12.md
2019-10-03T08:38:50.383Z - info: Rebuilding affected source files
2019-10-03T08:38:50.385Z - info: Rebuilding 4 pages
2019-10-03T08:38:52.460Z - info: Pages rebuilt
2019-10-03T08:38:52.472Z - info: Site data built
2019-10-03T08:39:02.990Z - info: [4:39:02 PM] Reload for file change: E:\Teaching\CS2113\CS2113-AY1920Sem1\website\admin\project-w08-mid-v12.md
2019-10-03T08:39:03.991Z - info: Rebuilding affected source files
2019-10-03T08:39:03.992Z - info: Rebuilding 4 pages
2019-10-03T08:39:05.868Z - info: Pages rebuilt
2019-10-03T08:39:05.880Z - info: Site data built
2019-10-03T08:39:16.434Z - info: [4:39:16 PM] Reload for file change: E:\Teaching\CS2113\CS2113-AY1920Sem1\website\admin\project-w08-mid-v12.md
2019-10-03T08:39:17.436Z - info: Rebuilding affected source files
2019-10-03T08:39:17.438Z - info: Rebuilding 4 pages
2019-10-03T08:39:19.306Z - info: Pages rebuilt
2019-10-03T08:39:19.317Z - info: Site data built
2019-10-03T08:39:24.012Z - info: [4:39:24 PM] Reload for file change: E:\Teaching\CS2113\CS2113-AY1920Sem1\website\admin\project-w08-mid-v12.md
2019-10-03T08:39:25.015Z - info: Rebuilding affected source files
2019-10-03T08:39:25.017Z - info: Rebuilding 4 pages
2019-10-03T08:39:26.665Z - info: Pages rebuilt
2019-10-03T08:39:26.674Z - info: Site data built
2019-10-03T08:39:45.590Z - info: [4:39:45 PM] Reload for file change: E:\Teaching\CS2113\CS2113-AY1920Sem1\website\admin\project-w08-mid-v12.md
2019-10-03T08:39:46.593Z - info: Rebuilding affected source files
2019-10-03T08:39:46.594Z - info: Rebuilding 4 pages
2019-10-03T08:39:48.569Z - info: Pages rebuilt
2019-10-03T08:39:48.578Z - info: Site data built
2019-10-03T08:39:54.315Z - info: [4:39:54 PM] Reload for file change: E:\Teaching\CS2113\CS2113-AY1920Sem1\website\admin\project-w08-mid-v12.md
2019-10-03T08:39:55.317Z - info: Rebuilding affected source files
2019-10-03T08:39:55.319Z - info: Rebuilding 4 pages
2019-10-03T08:39:57.182Z - info: Pages rebuilt
2019-10-03T08:39:57.198Z - info: Site data built
2019-10-03T08:40:18.285Z - info: [4:40:18 PM] Reload for file change: E:\Teaching\CS2113\CS2113-AY1920Sem1\website\admin\project-w08-mid-v12.md
2019-10-03T08:40:19.287Z - info: Rebuilding affected source files
2019-10-03T08:40:19.288Z - info: Rebuilding 4 pages
2019-10-03T08:40:21.358Z - info: Pages rebuilt
2019-10-03T08:40:21.368Z - info: Site data built
2019-10-03T08:41:06.301Z - info: [4:41:06 PM] Reload for file change: E:\Teaching\CS2113\CS2113-AY1920Sem1\website\admin\appendixE-gitHub.md
2019-10-03T08:41:07.302Z - info: Rebuilding affected source files
2019-10-03T08:41:07.304Z - info: Rebuilding 19 pages
2019-10-03T08:41:14.314Z - info: Pages rebuilt
2019-10-03T08:41:14.327Z - info: Site data built
2019-10-03T08:43:09.466Z - info: [4:43:09 PM] Reload for file change: E:\Teaching\CS2113\CS2113-AY1920Sem1\website\admin\project-w08-mid-v12.md
2019-10-03T08:43:10.470Z - info: Rebuilding affected source files
2019-10-03T08:43:10.472Z - info: Rebuilding 4 pages
2019-10-03T08:43:12.654Z - info: Pages rebuilt
2019-10-03T08:43:12.664Z - info: Site data built
2019-10-03T08:43:20.784Z - info: [4:43:20 PM] Reload for file change: E:\Teaching\CS2113\CS2113-AY1920Sem1\website\admin\project-w08-mid-v12.md
2019-10-03T08:43:21.785Z - info: Rebuilding affected source files
2019-10-03T08:43:21.787Z - info: Rebuilding 4 pages
2019-10-03T08:43:23.935Z - info: Pages rebuilt
2019-10-03T08:43:23.947Z - info: Site data built
2019-10-03T08:43:34.031Z - info: [4:43:34 PM] Reload for file change: E:\Teaching\CS2113\CS2113-AY1920Sem1\website\admin\project-w08-mid-v12.md
2019-10-03T08:43:35.031Z - info: Rebuilding affected source files
2019-10-03T08:43:35.033Z - info: Rebuilding 4 pages
2019-10-03T08:43:36.806Z - info: Pages rebuilt
2019-10-03T08:43:36.818Z - info: Site data built
2019-10-03T08:43:49.786Z - info: [4:43:49 PM] Reload for file change: E:\Teaching\CS2113\CS2113-AY1920Sem1\website\admin\project-w08-mid-v12.md
2019-10-03T08:43:50.786Z - info: Rebuilding affected source files
2019-10-03T08:43:50.788Z - info: Rebuilding 4 pages
2019-10-03T08:43:52.502Z - info: Pages rebuilt
2019-10-03T08:43:52.511Z - info: Site data built
2019-10-03T08:44:16.322Z - info: [4:44:16 PM] Reload for file change: E:\Teaching\CS2113\CS2113-AY1920Sem1\website\admin\project-w08-mid-v12.md
2019-10-03T08:44:17.323Z - info: Rebuilding affected source files
2019-10-03T08:44:17.324Z - info: Rebuilding 4 pages
2019-10-03T08:44:19.439Z - info: Pages rebuilt
2019-10-03T08:44:19.449Z - info: Site data built
2019-10-03T08:45:06.269Z - info: [4:45:06 PM] Reload for file change: E:\Teaching\CS2113\CS2113-AY1920Sem1\website\admin\project-w08-mid-v12.md
2019-10-03T08:45:07.270Z - info: Rebuilding affected source files
2019-10-03T08:45:07.272Z - info: Rebuilding 4 pages
2019-10-03T08:45:09.292Z - info: Pages rebuilt
2019-10-03T08:45:09.303Z - info: Site data built
2019-10-03T08:45:23.579Z - info: [4:45:23 PM] Reload for file change: E:\Teaching\CS2113\CS2113-AY1920Sem1\website\admin\project-w08-mid-v12.md
2019-10-03T08:45:24.580Z - info: Rebuilding affected source files
2019-10-03T08:45:24.582Z - info: Rebuilding 4 pages
2019-10-03T08:45:26.630Z - info: Pages rebuilt
2019-10-03T08:45:26.643Z - info: Site data built
2019-10-03T08:46:09.325Z - info: [4:46:09 PM] Reload for file change: E:\Teaching\CS2113\CS2113-AY1920Sem1\website\admin\project-w08-mid-v12.md
2019-10-03T08:46:10.327Z - info: Rebuilding affected source files
2019-10-03T08:46:10.329Z - info: Rebuilding 4 pages
2019-10-03T08:46:12.404Z - info: Pages rebuilt
2019-10-03T08:46:12.416Z - info: Site data built
2019-10-03T08:55:35.995Z - info: [4:55:35 PM] Reload for file change: E:\Teaching\CS2113\CS2113-AY1920Sem1\website\admin\project-w08-mid-v12.md
2019-10-03T08:55:36.999Z - info: Rebuilding affected source files
2019-10-03T08:55:37.003Z - info: Rebuilding 4 pages
2019-10-03T08:55:39.023Z - info: Pages rebuilt
2019-10-03T08:55:39.035Z - info: Site data built
2019-10-03T08:55:54.640Z - info: [4:55:54 PM] Reload for file change: E:\Teaching\CS2113\CS2113-AY1920Sem1\website\admin\project-w08-mid-v12.md
2019-10-03T08:55:55.642Z - info: Rebuilding affected source files
2019-10-03T08:55:55.644Z - info: Rebuilding 4 pages
2019-10-03T08:55:57.514Z - info: Pages rebuilt
2019-10-03T08:55:57.524Z - info: Site data built
2019-10-03T08:56:04.138Z - info: [4:56:04 PM] Reload for file change: E:\Teaching\CS2113\CS2113-AY1920Sem1\website\admin\project-w08-mid-v12.md
2019-10-03T08:56:05.142Z - info: Rebuilding affected source files
2019-10-03T08:56:05.144Z - info: Rebuilding 4 pages
2019-10-03T08:56:06.789Z - info: Pages rebuilt
2019-10-03T08:56:06.798Z - info: Site data built
2019-10-03T08:56:49.211Z - info: [4:56:49 PM] Reload for file change: E:\Teaching\CS2113\CS2113-AY1920Sem1\website\admin\project-w08-mid-v12.md
2019-10-03T08:56:50.214Z - info: Rebuilding affected source files
2019-10-03T08:56:50.216Z - info: Rebuilding 4 pages
2019-10-03T08:56:52.221Z - info: Pages rebuilt
2019-10-03T08:56:52.231Z - info: Site data built
2019-10-03T08:57:31.995Z - info: [4:57:31 PM] Reload for file change: E:\Teaching\CS2113\CS2113-AY1920Sem1\website\admin\project-w08-mid-v12.md
2019-10-03T08:57:32.997Z - info: Rebuilding affected source files
2019-10-03T08:57:32.999Z - info: Rebuilding 4 pages
2019-10-03T08:57:34.950Z - info: Pages rebuilt
2019-10-03T08:57:34.963Z - info: Site data built
2019-10-03T08:58:15.385Z - info: [4:58:15 PM] Reload for file change: E:\Teaching\CS2113\CS2113-AY1920Sem1\website\admin\project-w08-mid-v12.md
2019-10-03T08:58:16.388Z - info: Rebuilding affected source files
2019-10-03T08:58:16.389Z - info: Rebuilding 4 pages
2019-10-03T08:58:18.319Z - info: Pages rebuilt
2019-10-03T08:58:18.329Z - info: Site data built
2019-10-03T08:58:44.416Z - info: [4:58:44 PM] Reload for file change: E:\Teaching\CS2113\CS2113-AY1920Sem1\website\admin\project-w08-mid-v12.md
2019-10-03T08:58:45.417Z - info: Rebuilding affected source files
2019-10-03T08:58:45.418Z - info: Rebuilding 4 pages
2019-10-03T08:58:47.292Z - info: Pages rebuilt
2019-10-03T08:58:47.305Z - info: Site data built
2019-10-03T08:59:05.791Z - info: [4:59:05 PM] Reload for file change: E:\Teaching\CS2113\CS2113-AY1920Sem1\website\admin\project-w08-mid-v12.md
2019-10-03T08:59:06.792Z - info: Rebuilding affected source files
2019-10-03T08:59:06.794Z - info: Rebuilding 4 pages
2019-10-03T08:59:08.708Z - info: Pages rebuilt
2019-10-03T08:59:08.719Z - info: Site data built
2019-10-03T09:03:53.649Z - info: [5:03:53 PM] Reload for file change: E:\Teaching\CS2113\CS2113-AY1920Sem1\website\admin\project-deliverables.md
2019-10-03T09:03:54.652Z - info: Rebuilding affected source files
2019-10-03T09:03:54.654Z - info: Rebuilding 20 pages
2019-10-03T09:04:04.392Z - info: Pages rebuilt
2019-10-03T09:04:04.414Z - info: Site data built
2019-10-03T09:05:04.688Z - info: [5:05:04 PM] Reload for file change: E:\Teaching\CS2113\CS2113-AY1920Sem1\website\admin\project-deliverables.md
2019-10-03T09:05:05.689Z - info: Rebuilding affected source files
2019-10-03T09:05:05.692Z - info: Rebuilding 19 pages
2019-10-03T09:05:14.204Z - info: Pages rebuilt
2019-10-03T09:05:14.219Z - info: Site data built
2019-10-03T09:12:05.754Z - info: [5:12:05 PM] Reload for file change: E:\Teaching\CS2113\CS2113-AY1920Sem1\website\se-book-adapted\config.njk
2019-10-03T09:12:06.761Z - info: Assets built
2019-10-03T09:14:18.691Z - info: [5:14:18 PM] Reload for file change: E:\Teaching\CS2113\CS2113-AY1920Sem1\website\schedule\index.md
2019-10-03T09:14:19.691Z - info: Rebuilding affected source files
2019-10-03T09:14:19.693Z - info: Rebuilding 2 pages
2019-10-03T09:14:19.961Z - info: Pages rebuilt
2019-10-03T09:14:19.971Z - info: Site data built
2019-10-03T09:15:19.626Z - info: Website generation started at 5:15:18 PM
2019-10-03T09:15:20.733Z - info: Building assets...
2019-10-03T09:15:21.787Z - info: Assets built
2019-10-03T09:15:21.788Z - info: Generating pages...
2019-10-03T09:16:23.908Z - info: Pages built
2019-10-03T09:16:36.510Z - info: Website generation complete! Total build time: 78.009s
2019-10-03T09:16:36.871Z - info: Serving "E:\Teaching\CS2113\CS2113-AY1920Sem1\website\_site" at http://127.0.0.1:8080
2019-10-03T09:16:36.871Z - info: Press CTRL+C to stop ...
2019-10-03T09:16:36.893Z - info: Site data built
2019-10-03T09:37:43.699Z - info: [5:37:43 PM] Reload for file change: E:\Teaching\CS2113\CS2113-AY1920Sem1\website\se-book-adapted\config.njk
2019-10-03T09:37:44.704Z - info: Assets built
2019-10-03T09:40:40.855Z - info: [5:40:40 PM] Reload for file change: E:\Teaching\CS2113\CS2113-AY1920Sem1\website\se-book-adapted\config.njk
2019-10-03T09:40:41.865Z - info: Assets built
2019-10-03T09:41:08.926Z - info: [5:41:08 PM] Reload for file change: E:\Teaching\CS2113\CS2113-AY1920Sem1\website\se-book-adapted\config.njk
2019-10-03T09:41:09.930Z - info: Assets built
2019-10-03T09:41:58.119Z - info: [5:41:58 PM] Reload for file change: E:\Teaching\CS2113\CS2113-AY1920Sem1\website\se-book-adapted\config.njk
2019-10-03T09:41:59.125Z - info: Assets built
2019-10-03T09:43:06.662Z - info: Website generation started at 5:43:05 PM
2019-10-03T09:43:07.826Z - info: Building assets...
2019-10-03T09:43:08.919Z - info: Assets built
2019-10-03T09:43:08.920Z - info: Generating pages...
2019-10-03T09:44:12.140Z - info: Pages built
2019-10-03T09:44:25.115Z - info: Website generation complete! Total build time: 79.556s
2019-10-03T09:44:25.500Z - info: Serving "E:\Teaching\CS2113\CS2113-AY1920Sem1\website\_site" at http://127.0.0.1:8080
2019-10-03T09:44:25.501Z - info: Press CTRL+C to stop ...
2019-10-03T09:44:25.523Z - info: Site data built
2019-10-03T09:49:43.772Z - info: [5:49:43 PM] Reload for file change: E:\Teaching\CS2113\CS2113-AY1920Sem1\website\schedule\index.md
2019-10-03T09:49:44.779Z - info: Rebuilding affected source files
2019-10-03T09:49:44.783Z - info: Rebuilding 2 pages
2019-10-03T09:49:45.072Z - info: Pages rebuilt
2019-10-03T09:49:45.086Z - info: Site data built
2019-10-03T09:50:02.426Z - info: Website generation started at 5:50:01 PM
2019-10-03T09:50:03.538Z - info: Building assets...
2019-10-03T09:50:04.595Z - info: Assets built
2019-10-03T09:50:04.595Z - info: Generating pages...
2019-10-03T09:51:09.612Z - info: Pages built
2019-10-03T09:51:22.496Z - info: Website generation complete! Total build time: 81.203s
2019-10-03T09:51:22.869Z - info: Serving "E:\Teaching\CS2113\CS2113-AY1920Sem1\website\_site" at http://127.0.0.1:8080
2019-10-03T09:51:22.869Z - info: Press CTRL+C to stop ...
2019-10-03T09:51:22.902Z - info: Site data built
2019-10-03T09:53:53.284Z - info: [5:53:53 PM] Reload for file change: E:\Teaching\CS2113\CS2113-AY1920Sem1\website\schedule\week9\tutorial-cs2113.md
2019-10-03T09:53:53.286Z - info: [5:53:53 PM] Reload for file change: E:\Teaching\CS2113\CS2113-AY1920Sem1\website\schedule\week8\tutorial-cs2113.md
2019-10-03T09:53:54.287Z - info: Rebuilding affected source files
2019-10-03T09:53:54.288Z - info: Rebuilding 2 pages
2019-10-03T09:53:54.562Z - info: Pages rebuilt
2019-10-03T09:53:54.574Z - info: Site data built
2019-10-03T09:54:21.658Z - info: [5:54:21 PM] Reload for file change: E:\Teaching\CS2113\CS2113-AY1920Sem1\website\schedule\week8\tutorial-cs2113.md
2019-10-03T09:54:22.658Z - info: Rebuilding affected source files
2019-10-03T09:54:22.659Z - info: Rebuilding 1 pages
2019-10-03T09:54:22.785Z - info: Pages rebuilt
2019-10-03T09:54:22.792Z - info: Site data built
2019-10-03T09:55:33.609Z - info: [5:55:33 PM] Reload for file change: E:\Teaching\CS2113\CS2113-AY1920Sem1\website\schedule\week9\tutorial-cs2113.md
2019-10-03T09:55:34.612Z - info: Rebuilding affected source files
2019-10-03T09:55:34.613Z - info: Rebuilding 1 pages
2019-10-03T09:55:34.719Z - info: Pages rebuilt
2019-10-03T09:55:34.727Z - info: Site data built
2019-10-03T09:55:39.312Z - info: [5:55:39 PM] Reload for file change: E:\Teaching\CS2113\CS2113-AY1920Sem1\website\schedule\week8\tutorial-cs2113.md
2019-10-03T09:55:40.312Z - info: Rebuilding affected source files
2019-10-03T09:55:40.313Z - info: Rebuilding 1 pages
2019-10-03T09:55:40.411Z - info: Pages rebuilt
2019-10-03T09:55:40.421Z - info: Site data built
2019-10-03T09:56:52.446Z - info: [5:56:52 PM] Reload for file change: E:\Teaching\CS2113\CS2113-AY1920Sem1\website\schedule\week9\tutorial-cs2113.md
2019-10-03T09:56:52.448Z - info: [5:56:52 PM] Reload for file change: E:\Teaching\CS2113\CS2113-AY1920Sem1\website\schedule\week8\tutorial-cs2113.md
2019-10-03T09:56:53.448Z - info: Rebuilding affected source files
2019-10-03T09:56:53.449Z - info: Rebuilding 2 pages
2019-10-03T09:56:53.666Z - info: Pages rebuilt
2019-10-03T09:56:53.677Z - info: Site data built
2019-10-03T09:56:56.222Z - info: [5:56:56 PM] Reload for file change: E:\Teaching\CS2113\CS2113-AY1920Sem1\website\schedule\week8\tutorial-cs2113.md
2019-10-03T09:56:57.228Z - info: Rebuilding affected source files
2019-10-03T09:56:57.229Z - info: Rebuilding 1 pages
2019-10-03T09:56:57.377Z - info: Pages rebuilt
2019-10-03T09:56:57.384Z - info: Site data built
2019-10-03T09:57:03.580Z - info: [5:57:03 PM] Reload for file change: E:\Teaching\CS2113\CS2113-AY1920Sem1\website\schedule\week9\tutorial-cs2113.md
2019-10-03T09:57:04.582Z - info: Rebuilding affected source files
2019-10-03T09:57:04.582Z - info: Rebuilding 1 pages
2019-10-03T09:57:04.674Z - info: Pages rebuilt
2019-10-03T09:57:04.681Z - info: Site data built
2019-10-03T09:57:23.343Z - info: [5:57:23 PM] Reload for file change: E:\Teaching\CS2113\CS2113-AY1920Sem1\website\schedule\week9\notices-cs2113.md
2019-10-03T09:57:24.344Z - info: Rebuilding affected source files
2019-10-03T09:57:24.345Z - info: Rebuilding 1 pages
2019-10-03T09:57:24.403Z - info: Pages rebuilt
2019-10-03T09:57:24.410Z - info: Site data built
2019-10-03T09:57:55.358Z - info: [5:57:55 PM] Reload for file change: E:\Teaching\CS2113\CS2113-AY1920Sem1\website\schedule\week9\notices-cs2113.md
2019-10-03T09:57:56.360Z - info: Rebuilding affected source files
2019-10-03T09:57:56.361Z - info: Rebuilding 1 pages
2019-10-03T09:57:56.423Z - info: Pages rebuilt
2019-10-03T09:57:56.431Z - info: Site data built
2019-10-03T09:58:14.912Z - info: [5:58:14 PM] Reload for file change: E:\Teaching\CS2113\CS2113-AY1920Sem1\website\schedule\week8\tutorial-cs2113.md
2019-10-03T09:58:15.914Z - info: Rebuilding affected source files
2019-10-03T09:58:15.914Z - info: Rebuilding 1 pages
2019-10-03T09:58:16.008Z - info: Pages rebuilt
2019-10-03T09:58:16.016Z - info: Site data built
2019-10-03T09:58:42.193Z - info: [5:58:42 PM] Reload for file change: E:\Teaching\CS2113\CS2113-AY1920Sem1\website\schedule\week8\notices-cs2113.md
2019-10-03T09:58:43.195Z - info: Rebuilding affected source files
2019-10-03T09:58:43.199Z - info: Rebuilding 1 pages
2019-10-03T09:58:43.277Z - info: Pages rebuilt
2019-10-03T09:58:43.284Z - info: Site data built
2019-10-03T09:59:14.075Z - info: Website generation started at 5:59:12 PM
2019-10-03T09:59:15.215Z - info: Building assets...
2019-10-03T09:59:16.257Z - info: Assets built
2019-10-03T09:59:16.257Z - info: Generating pages...
2019-10-03T10:00:20.186Z - info: Pages built
2019-10-03T10:00:33.304Z - info: Website generation complete! Total build time: 80.399s
2019-10-03T10:00:33.304Z - info: Build success!
2019-10-03T10:00:33.312Z - info: Site data built
2019-10-03T10:01:14.749Z - info: Deployed!
