2019-08-22T02:15:49.533Z - info: Website generation started at 10:15:48 AM
2019-08-22T02:15:50.453Z - info: Building assets...
2019-08-22T02:15:51.306Z - info: Assets built
2019-08-22T02:15:51.307Z - info: Generating pages...
2019-08-22T02:16:48.723Z - info: Pages built
2019-08-22T02:17:01.588Z - info: Website generation complete! Total build time: 72.978s
2019-08-22T02:17:01.883Z - info: Serving "E:\Teaching\CS2113\CS2113-AY1920Sem1\website\_site" at http://127.0.0.1:8080
2019-08-22T02:17:01.883Z - info: Press CTRL+C to stop ...
2019-08-22T02:17:01.900Z - info: Site data built
2019-08-22T02:39:28.064Z - info: [10:39:28 AM] Reload for file change: E:\Teaching\CS2113\CS2113-AY1920Sem1\website\schedule\index.md
2019-08-22T02:39:29.065Z - info: Rebuilding affected source files
2019-08-22T02:39:29.067Z - info: Rebuilding 2 pages
2019-08-22T02:39:29.283Z - info: Pages rebuilt
2019-08-22T02:39:29.290Z - info: Site data built
2019-08-22T02:43:17.545Z - info: [10:43:17 AM] Reload for file change: E:\Teaching\CS2113\CS2113-AY1920Sem1\website\se-book-adapted\config.njk
2019-08-22T02:43:18.552Z - info: Assets built
2019-08-22T02:44:11.753Z - info: [10:44:11 AM] Reload for file change: E:\Teaching\CS2113\CS2113-AY1920Sem1\website\se-book-adapted\config.njk
2019-08-22T02:44:12.760Z - info: Assets built
2019-08-22T02:46:15.996Z - info: Website generation started at 10:46:15 AM
2019-08-22T02:46:16.916Z - info: Building assets...
2019-08-22T02:46:17.792Z - info: Assets built
2019-08-22T02:46:17.793Z - info: Generating pages...
2019-08-22T02:47:15.830Z - info: Pages built
2019-08-22T02:47:28.190Z - info: Website generation complete! Total build time: 73.108s
2019-08-22T02:47:28.463Z - info: Serving "E:\Teaching\CS2113\CS2113-AY1920Sem1\website\_site" at http://127.0.0.1:8080
2019-08-22T02:47:28.463Z - info: Press CTRL+C to stop ...
2019-08-22T02:47:28.496Z - info: Site data built
2019-08-22T03:01:34.002Z - info: [11:01:34 AM] Reload for file change: E:\Teaching\CS2113\CS2113-AY1920Sem1\website\schedule\week3\notices-cs2113.md
2019-08-22T03:01:35.004Z - info: Rebuilding affected source files
2019-08-22T03:01:35.008Z - info: Rebuilding 3 pages
2019-08-22T03:01:35.286Z - info: Pages rebuilt
2019-08-22T03:01:35.297Z - info: Site data built
2019-08-22T03:01:43.999Z - info: [11:01:43 AM] Reload for file change: E:\Teaching\CS2113\CS2113-AY1920Sem1\website\schedule\week3\notices-cs2113.md
2019-08-22T03:01:45.000Z - info: Rebuilding affected source files
2019-08-22T03:01:45.001Z - info: Rebuilding 3 pages
2019-08-22T03:01:45.240Z - info: Pages rebuilt
2019-08-22T03:01:45.246Z - info: Site data built
2019-08-22T03:02:35.927Z - info: [11:02:35 AM] Reload for file change: E:\Teaching\CS2113\CS2113-AY1920Sem1\website\schedule\week3\notices-cs2113.md
2019-08-22T03:02:36.929Z - info: Rebuilding affected source files
2019-08-22T03:02:36.932Z - info: Rebuilding 3 pages
2019-08-22T03:02:37.101Z - info: Pages rebuilt
2019-08-22T03:02:37.109Z - info: Site data built
2019-08-22T03:02:40.462Z - info: [11:02:40 AM] Reload for file change: E:\Teaching\CS2113\CS2113-AY1920Sem1\website\schedule\week3\notices-cs2113.md
2019-08-22T03:02:41.464Z - info: Rebuilding affected source files
2019-08-22T03:02:41.465Z - info: Rebuilding 3 pages
2019-08-22T03:02:41.692Z - info: Pages rebuilt
2019-08-22T03:02:41.699Z - info: Site data built
2019-08-22T03:04:34.289Z - info: [11:04:34 AM] Reload for file change: E:\Teaching\CS2113\CS2113-AY1920Sem1\website\schedule\week3\tutorial-cs2113.md
2019-08-22T03:04:35.289Z - info: Rebuilding affected source files
2019-08-22T03:04:35.291Z - info: Rebuilding 1 pages
2019-08-22T03:04:35.672Z - info: Pages rebuilt
2019-08-22T03:04:35.683Z - info: Site data built
2019-08-22T03:05:47.991Z - info: [11:05:47 AM] Reload for file change: E:\Teaching\CS2113\CS2113-AY1920Sem1\website\schedule\week3\tutorial-cs2113.md
2019-08-22T03:05:48.993Z - info: Rebuilding affected source files
2019-08-22T03:05:48.994Z - info: Rebuilding 1 pages
2019-08-22T03:05:49.324Z - info: Pages rebuilt
2019-08-22T03:05:49.336Z - info: Site data built
2019-08-22T03:07:08.144Z - info: [11:07:08 AM] Reload for file change: E:\Teaching\CS2113\CS2113-AY1920Sem1\website\schedule\week3\tutorial-cs2113.md
2019-08-22T03:07:09.147Z - info: Rebuilding affected source files
2019-08-22T03:07:09.149Z - info: Rebuilding 1 pages
2019-08-22T03:07:09.444Z - info: Pages rebuilt
2019-08-22T03:07:09.457Z - info: Site data built
2019-08-22T03:07:17.358Z - info: [11:07:17 AM] Reload for file change: E:\Teaching\CS2113\CS2113-AY1920Sem1\website\schedule\week3\tutorial-cs2113.md
2019-08-22T03:07:18.361Z - info: Rebuilding affected source files
2019-08-22T03:07:18.363Z - info: Rebuilding 1 pages
2019-08-22T03:07:18.641Z - info: Pages rebuilt
2019-08-22T03:07:18.651Z - info: Site data built
2019-08-22T03:07:31.182Z - info: [11:07:31 AM] Reload for file change: E:\Teaching\CS2113\CS2113-AY1920Sem1\website\schedule\week3\tutorial-cs2113.md
2019-08-22T03:07:32.184Z - info: Rebuilding affected source files
2019-08-22T03:07:32.187Z - info: Rebuilding 1 pages
2019-08-22T03:07:32.468Z - info: Pages rebuilt
2019-08-22T03:07:32.476Z - info: Site data built
2019-08-22T03:08:51.181Z - info: [11:08:51 AM] Reload for file change: E:\Teaching\CS2113\CS2113-AY1920Sem1\website\schedule\week3\tutorial-cs2113.md
2019-08-22T03:08:52.183Z - info: Rebuilding affected source files
2019-08-22T03:08:52.186Z - info: Rebuilding 1 pages
2019-08-22T03:08:52.425Z - info: Pages rebuilt
2019-08-22T03:08:52.432Z - info: Site data built
2019-08-22T03:09:29.227Z - info: [11:09:29 AM] Reload for file change: E:\Teaching\CS2113\CS2113-AY1920Sem1\website\schedule\week3\tutorial-cs2113.md
2019-08-22T03:09:30.229Z - info: Rebuilding affected source files
2019-08-22T03:09:30.230Z - info: Rebuilding 1 pages
2019-08-22T03:09:30.624Z - info: Pages rebuilt
2019-08-22T03:09:30.635Z - info: Site data built
2019-08-22T03:16:37.514Z - info: [11:16:37 AM] Reload for file change: E:\Teaching\CS2113\CS2113-AY1920Sem1\website\schedule\week3\tutorial-cs2113.md
2019-08-22T03:16:38.515Z - info: Rebuilding affected source files
2019-08-22T03:16:38.516Z - info: Rebuilding 1 pages
2019-08-22T03:16:38.806Z - info: Pages rebuilt
2019-08-22T03:16:38.815Z - info: Site data built
2019-08-22T03:43:25.880Z - info: [11:43:25 AM] Reload for file change: E:\Teaching\CS2113\CS2113-AY1920Sem1\website\schedule\week3\tutorial-cs2113.md
2019-08-22T03:43:26.881Z - info: Rebuilding affected source files
2019-08-22T03:43:26.886Z - info: Rebuilding 1 pages
2019-08-22T03:43:27.286Z - info: Pages rebuilt
2019-08-22T03:43:27.295Z - info: Site data built
2019-08-22T03:44:56.544Z - info: [11:44:56 AM] Reload for file change: E:\Teaching\CS2113\CS2113-AY1920Sem1\website\schedule\week3\tutorial-cs2113.md
2019-08-22T03:44:57.546Z - info: Rebuilding affected source files
2019-08-22T03:44:57.547Z - info: Rebuilding 1 pages
2019-08-22T03:44:57.850Z - info: Pages rebuilt
2019-08-22T03:44:57.860Z - info: Site data built
2019-08-22T03:45:09.418Z - info: [11:45:09 AM] Reload for file change: E:\Teaching\CS2113\CS2113-AY1920Sem1\website\schedule\week3\tutorial-cs2113.md
2019-08-22T03:45:10.420Z - info: Rebuilding affected source files
2019-08-22T03:45:10.423Z - info: Rebuilding 1 pages
2019-08-22T03:45:10.667Z - info: Pages rebuilt
2019-08-22T03:45:10.674Z - info: Site data built
2019-08-22T03:46:34.289Z - info: [11:46:34 AM] Reload for file change: E:\Teaching\CS2113\CS2113-AY1920Sem1\website\schedule\week3\tutorial-cs2113.md
2019-08-22T03:46:35.290Z - info: Rebuilding affected source files
2019-08-22T03:46:35.292Z - info: Rebuilding 1 pages
2019-08-22T03:46:35.541Z - info: Pages rebuilt
2019-08-22T03:46:35.548Z - info: Site data built
2019-08-22T04:12:38.524Z - info: [12:12:38 PM] Reload for file change: E:\Teaching\CS2113\CS2113-AY1920Sem1\website\schedule\index.md
2019-08-22T04:12:39.526Z - info: Rebuilding affected source files
2019-08-22T04:12:39.527Z - info: Rebuilding 2 pages
2019-08-22T04:12:39.680Z - info: Pages rebuilt
2019-08-22T04:12:39.688Z - info: Site data built
2019-08-22T04:18:40.314Z - info: [12:18:40 PM] Reload for file change: E:\Teaching\CS2113\CS2113-AY1920Sem1\website\schedule\index.md
2019-08-22T04:18:41.316Z - info: Rebuilding affected source files
2019-08-22T04:18:41.317Z - info: Rebuilding 2 pages
2019-08-22T04:18:41.518Z - info: Pages rebuilt
2019-08-22T04:18:41.525Z - info: Site data built
2019-08-22T04:19:09.422Z - info: [12:19:09 PM] Reload for file change: E:\Teaching\CS2113\CS2113-AY1920Sem1\website\schedule\index.md
2019-08-22T04:19:10.423Z - info: Rebuilding affected source files
2019-08-22T04:19:10.424Z - info: Rebuilding 2 pages
2019-08-22T04:19:10.440Z - error:  Template render error: (E:\Teaching\CS2113\CS2113-AY1920Sem1\website\schedule\index.md) [Line 47, Column 21]
  parseAggregate: expected comma after expression
Error while preprocessing 'E:\Teaching\CS2113\CS2113-AY1920Sem1\website\index.md'
    at Object._prettifyError (C:\users\dcsaksh\appdata\roaming\npm\node_modules\markbind-cli\node_modules\nunjucks\src\lib.js:36:11)
    at Template.render (C:\users\dcsaksh\appdata\roaming\npm\node_modules\markbind-cli\node_modules\nunjucks\src\environment.js:542:21)
    at Environment.renderString (C:\users\dcsaksh\appdata\roaming\npm\node_modules\markbind-cli\node_modules\nunjucks\src\environment.js:380:17)
    at Object.renderString (C:\users\dcsaksh\appdata\roaming\npm\node_modules\markbind-cli\node_modules\nunjucks\index.js:99:14)
    at Parser._preprocess (C:\users\dcsaksh\appdata\roaming\npm\node_modules\markbind-cli\src\lib\markbind\src\parser.js:297:28)
    at element.children.element.children.map.e (C:\users\dcsaksh\appdata\roaming\npm\node_modules\markbind-cli\src\lib\markbind\src\parser.js:399:57)
    at Array.map (<anonymous>)
    at Parser._preprocess (C:\users\dcsaksh\appdata\roaming\npm\node_modules\markbind-cli\src\lib\markbind\src\parser.js:399:43)
    at dom.map (C:\users\dcsaksh\appdata\roaming\npm\node_modules\markbind-cli\src\lib\markbind\src\parser.js:567:28)
    at Array.map (<anonymous>)
    at DomHandler.htmlparser.DomHandler [as _callback] (C:\users\dcsaksh\appdata\roaming\npm\node_modules\markbind-cli\src\lib\markbind\src\parser.js:564:25)
    at DomHandler._handleCallback.DomHandler.onerror (C:\users\dcsaksh\appdata\roaming\npm\node_modules\markbind-cli\node_modules\domhandler\index.js:52:8)
    at DomHandler.onend (C:\users\dcsaksh\appdata\roaming\npm\node_modules\markbind-cli\node_modules\domhandler\index.js:46:7)
    at Parser.onend (C:\users\dcsaksh\appdata\roaming\npm\node_modules\markbind-cli\node_modules\htmlparser2\lib\Parser.js:310:32)
    at Tokenizer._finish (C:\users\dcsaksh\appdata\roaming\npm\node_modules\markbind-cli\node_modules\htmlparser2\lib\Tokenizer.js:853:12)
    at Tokenizer.end (C:\users\dcsaksh\appdata\roaming\npm\node_modules\markbind-cli\node_modules\htmlparser2\lib\Tokenizer.js:844:25)
2019-08-22T04:19:10.473Z - error: uncaughtException: (E:\Teaching\CS2113\CS2113-AY1920Sem1\website\schedule\index.md) [Line 47, Column 21]
  parseAggregate: expected comma after expression date=Thu Aug 22 2019 12:19:10 GMT+0800 (Singapore Standard Time), pid=5668, uid=null, gid=null, cwd=E:\Teaching\CS2113\CS2113-AY1920Sem1\website, execPath=C:\Program Files\nodejs\node.exe, version=v10.16.1, argv=[C:\Program Files\nodejs\node.exe, C:\users\dcsaksh\appdata\roaming\npm\node_modules\markbind-cli\index.js, serve], rss=125976576, heapTotal=170254336, heapUsed=133432384, external=671341, loadavg=[0, 0, 0], uptime=594739
Template render error: (E:\Teaching\CS2113\CS2113-AY1920Sem1\website\schedule\index.md) [Line 47, Column 21]
  parseAggregate: expected comma after expression
    at Object._prettifyError (C:\users\dcsaksh\appdata\roaming\npm\node_modules\markbind-cli\node_modules\nunjucks\src\lib.js:36:11)
    at Template.render (C:\users\dcsaksh\appdata\roaming\npm\node_modules\markbind-cli\node_modules\nunjucks\src\environment.js:542:21)
    at Environment.renderString (C:\users\dcsaksh\appdata\roaming\npm\node_modules\markbind-cli\node_modules\nunjucks\src\environment.js:380:17)
    at Object.renderString (C:\users\dcsaksh\appdata\roaming\npm\node_modules\markbind-cli\node_modules\nunjucks\index.js:99:14)
    at fs.readFile (C:\users\dcsaksh\appdata\roaming\npm\node_modules\markbind-cli\src\lib\markbind\src\parser.js:600:36)
    at FSReqWrap.readFileAfterClose [as oncomplete] (internal/fs/read_file_context.js:53:3)
2019-08-22T04:19:39.965Z - info: [12:19:39 PM] Reload for file change: E:\Teaching\CS2113\CS2113-AY1920Sem1\website\schedule\index.md
2019-08-22T04:20:13.653Z - info: [12:20:13 PM] Reload for file change: E:\Teaching\CS2113\CS2113-AY1920Sem1\website\schedule\index.md
2019-08-22T04:20:58.536Z - info: [12:20:58 PM] Reload for file change: E:\Teaching\CS2113\CS2113-AY1920Sem1\website\schedule\index.md
2019-08-22T04:21:41.342Z - info: [12:21:41 PM] Reload for file change: E:\Teaching\CS2113\CS2113-AY1920Sem1\website\schedule\index.md
2019-08-22T04:22:46.001Z - info: [12:22:46 PM] Reload for file change: E:\Teaching\CS2113\CS2113-AY1920Sem1\website\schedule\index.md
2019-08-22T04:23:25.379Z - info: [12:23:25 PM] Reload for file change: E:\Teaching\CS2113\CS2113-AY1920Sem1\website\schedule\index.md
2019-08-22T04:24:40.249Z - info: [12:24:40 PM] Reload for file change: E:\Teaching\CS2113\CS2113-AY1920Sem1\website\schedule\index.md
2019-08-22T04:25:03.203Z - info: [12:25:03 PM] Reload for file change: E:\Teaching\CS2113\CS2113-AY1920Sem1\website\schedule\index.md
2019-08-22T04:25:32.881Z - info: Website generation started at 12:25:31 PM
2019-08-22T04:25:33.848Z - info: Building assets...
2019-08-22T04:25:34.712Z - info: Assets built
2019-08-22T04:25:34.712Z - info: Generating pages...
2019-08-22T04:25:38.214Z - error:  Error: No such file: E:\Teaching\CS2113\CS2113-AY1920Sem1\website\book\uml\objectDiagrams\introduction\path.md
Missing reference in E:\Teaching\CS2113\CS2113-AY1920Sem1\website\schedule\week3\topics.md
    at Parser._preprocess (C:\users\dcsaksh\appdata\roaming\npm\node_modules\markbind-cli\src\lib\markbind\src\parser.js:225:21)
    at element.children.element.children.map.e (C:\users\dcsaksh\appdata\roaming\npm\node_modules\markbind-cli\src\lib\markbind\src\parser.js:399:57)
    at Array.map (<anonymous>)
    at Parser._preprocess (C:\users\dcsaksh\appdata\roaming\npm\node_modules\markbind-cli\src\lib\markbind\src\parser.js:399:43)
    at element.children.element.children.map.e (C:\users\dcsaksh\appdata\roaming\npm\node_modules\markbind-cli\src\lib\markbind\src\parser.js:399:57)
    at Array.map (<anonymous>)
    at Parser._preprocess (C:\users\dcsaksh\appdata\roaming\npm\node_modules\markbind-cli\src\lib\markbind\src\parser.js:399:43)
    at element.children.element.children.map.e (C:\users\dcsaksh\appdata\roaming\npm\node_modules\markbind-cli\src\lib\markbind\src\parser.js:399:57)
    at Array.map (<anonymous>)
    at Parser._preprocess (C:\users\dcsaksh\appdata\roaming\npm\node_modules\markbind-cli\src\lib\markbind\src\parser.js:399:43)
    at element.children.element.children.map.e (C:\users\dcsaksh\appdata\roaming\npm\node_modules\markbind-cli\src\lib\markbind\src\parser.js:399:57)
    at Array.map (<anonymous>)
    at Parser._preprocess (C:\users\dcsaksh\appdata\roaming\npm\node_modules\markbind-cli\src\lib\markbind\src\parser.js:399:43)
    at dom.map (C:\users\dcsaksh\appdata\roaming\npm\node_modules\markbind-cli\src\lib\markbind\src\parser.js:567:28)
    at Array.map (<anonymous>)
    at DomHandler.htmlparser.DomHandler [as _callback] (C:\users\dcsaksh\appdata\roaming\npm\node_modules\markbind-cli\src\lib\markbind\src\parser.js:564:25)
2019-08-22T04:26:41.546Z - info: Website generation started at 12:26:41 PM
2019-08-22T04:26:42.481Z - info: Building assets...
2019-08-22T04:26:43.205Z - info: Assets built
2019-08-22T04:26:43.205Z - info: Generating pages...
2019-08-22T04:26:48.014Z - info: Website generation started at 12:26:47 PM
2019-08-22T04:26:48.945Z - info: Building assets...
2019-08-22T04:26:49.662Z - info: Assets built
2019-08-22T04:26:49.663Z - info: Generating pages...
2019-08-22T04:26:52.906Z - error:  Error: No such segment 'outcomes' in file: E:\Teaching\CS2113\CS2113-AY1920Sem1\website\book\uml\classDiagrams\associations\text.md
Missing reference in E:\Teaching\CS2113\CS2113-AY1920Sem1\website\book\uml\classDiagrams\associations\unit-inElsewhere-asPanelBody.md
    at Parser._preprocess (C:\users\dcsaksh\appdata\roaming\npm\node_modules\markbind-cli\src\lib\markbind\src\parser.js:325:25)
    at element.children.element.children.map.e (C:\users\dcsaksh\appdata\roaming\npm\node_modules\markbind-cli\src\lib\markbind\src\parser.js:399:57)
    at Array.map (<anonymous>)
    at Parser._preprocess (C:\users\dcsaksh\appdata\roaming\npm\node_modules\markbind-cli\src\lib\markbind\src\parser.js:399:43)
    at element.children.element.children.map.e (C:\users\dcsaksh\appdata\roaming\npm\node_modules\markbind-cli\src\lib\markbind\src\parser.js:399:57)
    at Array.map (<anonymous>)
    at Parser._preprocess (C:\users\dcsaksh\appdata\roaming\npm\node_modules\markbind-cli\src\lib\markbind\src\parser.js:399:43)
    at element.children.element.children.map.e (C:\users\dcsaksh\appdata\roaming\npm\node_modules\markbind-cli\src\lib\markbind\src\parser.js:399:57)
    at Array.map (<anonymous>)
    at Parser._preprocess (C:\users\dcsaksh\appdata\roaming\npm\node_modules\markbind-cli\src\lib\markbind\src\parser.js:399:43)
    at element.children.element.children.map.e (C:\users\dcsaksh\appdata\roaming\npm\node_modules\markbind-cli\src\lib\markbind\src\parser.js:399:57)
    at Array.map (<anonymous>)
    at Parser._preprocess (C:\users\dcsaksh\appdata\roaming\npm\node_modules\markbind-cli\src\lib\markbind\src\parser.js:399:43)
    at element.children.element.children.map.e (C:\users\dcsaksh\appdata\roaming\npm\node_modules\markbind-cli\src\lib\markbind\src\parser.js:382:57)
    at Array.map (<anonymous>)
    at Parser._preprocess (C:\users\dcsaksh\appdata\roaming\npm\node_modules\markbind-cli\src\lib\markbind\src\parser.js:382:43)
2019-08-22T04:33:44.522Z - info: Website generation started at 12:33:44 PM
2019-08-22T04:33:45.426Z - info: Building assets...
2019-08-22T04:33:46.305Z - info: Assets built
2019-08-22T04:33:46.305Z - info: Generating pages...
2019-08-22T04:34:45.797Z - info: Pages built
2019-08-22T04:35:00.050Z - info: Website generation complete! Total build time: 75.941s
2019-08-22T04:35:00.405Z - info: Serving "E:\Teaching\CS2113\CS2113-AY1920Sem1\website\_site" at http://127.0.0.1:8080
2019-08-22T04:35:00.405Z - info: Press CTRL+C to stop ...
2019-08-22T04:35:00.427Z - info: Site data built
2019-08-22T04:35:56.297Z - info: [12:35:56 PM] Reload for file change: E:\Teaching\CS2113\CS2113-AY1920Sem1\website\book\uml\classDiagrams\associations\roles\text.md
2019-08-22T04:35:56.302Z - info: [12:35:56 PM] Reload for file change: E:\Teaching\CS2113\CS2113-AY1920Sem1\website\book\uml\classDiagrams\classes\what\text.md
2019-08-22T04:35:57.300Z - info: Rebuilding affected source files
2019-08-22T04:35:57.311Z - info: Rebuilding 11 pages
2019-08-22T04:36:04.496Z - info: Pages rebuilt
2019-08-22T04:36:04.509Z - info: Site data built
2019-08-22T04:38:31.272Z - info: [12:38:31 PM] Reload for file change: E:\Teaching\CS2113\CS2113-AY1920Sem1\website\schedule\index.md
2019-08-22T04:38:32.274Z - info: Rebuilding affected source files
2019-08-22T04:38:32.275Z - info: Rebuilding 2 pages
2019-08-22T04:38:32.297Z - error:  Template render error: (E:\Teaching\CS2113\CS2113-AY1920Sem1\website\schedule\index.md) [Line 107, Column 54]
  unexpected token: ,
Error while preprocessing 'E:\Teaching\CS2113\CS2113-AY1920Sem1\website\index.md'
    at Object._prettifyError (C:\users\dcsaksh\appdata\roaming\npm\node_modules\markbind-cli\node_modules\nunjucks\src\lib.js:36:11)
    at Template.render (C:\users\dcsaksh\appdata\roaming\npm\node_modules\markbind-cli\node_modules\nunjucks\src\environment.js:542:21)
    at Environment.renderString (C:\users\dcsaksh\appdata\roaming\npm\node_modules\markbind-cli\node_modules\nunjucks\src\environment.js:380:17)
    at Object.renderString (C:\users\dcsaksh\appdata\roaming\npm\node_modules\markbind-cli\node_modules\nunjucks\index.js:99:14)
    at Parser._preprocess (C:\users\dcsaksh\appdata\roaming\npm\node_modules\markbind-cli\src\lib\markbind\src\parser.js:297:28)
    at element.children.element.children.map.e (C:\users\dcsaksh\appdata\roaming\npm\node_modules\markbind-cli\src\lib\markbind\src\parser.js:399:57)
    at Array.map (<anonymous>)
    at Parser._preprocess (C:\users\dcsaksh\appdata\roaming\npm\node_modules\markbind-cli\src\lib\markbind\src\parser.js:399:43)
    at dom.map (C:\users\dcsaksh\appdata\roaming\npm\node_modules\markbind-cli\src\lib\markbind\src\parser.js:567:28)
    at Array.map (<anonymous>)
    at DomHandler.htmlparser.DomHandler [as _callback] (C:\users\dcsaksh\appdata\roaming\npm\node_modules\markbind-cli\src\lib\markbind\src\parser.js:564:25)
    at DomHandler._handleCallback.DomHandler.onerror (C:\users\dcsaksh\appdata\roaming\npm\node_modules\markbind-cli\node_modules\domhandler\index.js:52:8)
    at DomHandler.onend (C:\users\dcsaksh\appdata\roaming\npm\node_modules\markbind-cli\node_modules\domhandler\index.js:46:7)
    at Parser.onend (C:\users\dcsaksh\appdata\roaming\npm\node_modules\markbind-cli\node_modules\htmlparser2\lib\Parser.js:310:32)
    at Tokenizer._finish (C:\users\dcsaksh\appdata\roaming\npm\node_modules\markbind-cli\node_modules\htmlparser2\lib\Tokenizer.js:853:12)
    at Tokenizer.end (C:\users\dcsaksh\appdata\roaming\npm\node_modules\markbind-cli\node_modules\htmlparser2\lib\Tokenizer.js:844:25)
2019-08-22T04:38:32.339Z - error: uncaughtException: (E:\Teaching\CS2113\CS2113-AY1920Sem1\website\schedule\index.md) [Line 107, Column 54]
  unexpected token: , date=Thu Aug 22 2019 12:38:32 GMT+0800 (Singapore Standard Time), pid=2364, uid=null, gid=null, cwd=E:\Teaching\CS2113\CS2113-AY1920Sem1\website, execPath=C:\Program Files\nodejs\node.exe, version=v10.16.1, argv=[C:\Program Files\nodejs\node.exe, C:\users\dcsaksh\appdata\roaming\npm\node_modules\markbind-cli\index.js, serve], rss=213438464, heapTotal=155045888, heapUsed=127845872, external=313813, loadavg=[0, 0, 0], uptime=595901
Template render error: (E:\Teaching\CS2113\CS2113-AY1920Sem1\website\schedule\index.md) [Line 107, Column 54]
  unexpected token: ,
    at Object._prettifyError (C:\users\dcsaksh\appdata\roaming\npm\node_modules\markbind-cli\node_modules\nunjucks\src\lib.js:36:11)
    at Template.render (C:\users\dcsaksh\appdata\roaming\npm\node_modules\markbind-cli\node_modules\nunjucks\src\environment.js:542:21)
    at Environment.renderString (C:\users\dcsaksh\appdata\roaming\npm\node_modules\markbind-cli\node_modules\nunjucks\src\environment.js:380:17)
    at Object.renderString (C:\users\dcsaksh\appdata\roaming\npm\node_modules\markbind-cli\node_modules\nunjucks\index.js:99:14)
    at fs.readFile (C:\users\dcsaksh\appdata\roaming\npm\node_modules\markbind-cli\src\lib\markbind\src\parser.js:600:36)
    at FSReqWrap.readFileAfterClose [as oncomplete] (internal/fs/read_file_context.js:53:3)
2019-08-22T04:40:14.062Z - info: Website generation started at 12:40:13 PM
2019-08-22T04:40:15.011Z - info: Building assets...
2019-08-22T04:40:15.866Z - info: Assets built
2019-08-22T04:40:15.867Z - info: Generating pages...
2019-08-22T04:41:15.544Z - info: Pages built
2019-08-22T04:41:27.867Z - info: Website generation complete! Total build time: 74.803s
2019-08-22T04:41:28.143Z - info: Serving "E:\Teaching\CS2113\CS2113-AY1920Sem1\website\_site" at http://127.0.0.1:8080
2019-08-22T04:41:28.144Z - info: Press CTRL+C to stop ...
2019-08-22T04:41:28.170Z - info: Site data built
2019-08-22T04:46:37.452Z - info: [12:46:37 PM] Reload for file change: E:\Teaching\CS2113\CS2113-AY1920Sem1\website\schedule\index.md
2019-08-22T04:46:38.455Z - info: Rebuilding affected source files
2019-08-22T04:46:38.460Z - info: Rebuilding 2 pages
2019-08-22T04:46:38.675Z - info: Pages rebuilt
2019-08-22T04:46:38.681Z - info: Site data built
2019-08-22T04:49:15.746Z - info: [12:49:15 PM] Reload for file change: E:\Teaching\CS2113\CS2113-AY1920Sem1\website\schedule\index.md
2019-08-22T04:49:16.748Z - info: Rebuilding affected source files
2019-08-22T04:49:16.749Z - info: Rebuilding 2 pages
2019-08-22T04:49:16.914Z - info: Pages rebuilt
2019-08-22T04:49:16.921Z - info: Site data built
2019-08-22T04:54:34.371Z - info: [12:54:34 PM] Reload for file change: E:\Teaching\CS2113\CS2113-AY1920Sem1\website\schedule\index.md
2019-08-22T04:54:35.373Z - info: Rebuilding affected source files
2019-08-22T04:54:35.375Z - info: Rebuilding 2 pages
2019-08-22T04:54:35.503Z - info: Pages rebuilt
2019-08-22T04:54:35.509Z - info: Site data built
2019-08-22T06:12:15.257Z - info: [2:12:15 PM] Reload for file change: E:\Teaching\CS2113\CS2113-AY1920Sem1\website\schedule\index.md
2019-08-22T06:12:16.257Z - info: Rebuilding affected source files
2019-08-22T06:12:16.258Z - info: Rebuilding 2 pages
2019-08-22T06:12:16.383Z - info: Pages rebuilt
2019-08-22T06:12:16.392Z - info: Site data built
2019-08-22T06:13:42.362Z - info: [2:13:42 PM] Reload for file change: E:\Teaching\CS2113\CS2113-AY1920Sem1\website\se-book-adapted\config.njk
2019-08-22T06:13:43.369Z - info: Assets built
2019-08-22T07:00:59.234Z - info: Website generation started at 3:00:58 PM
2019-08-22T07:01:00.219Z - info: Building assets...
2019-08-22T07:01:01.264Z - info: Assets built
2019-08-22T07:01:01.264Z - info: Generating pages...
2019-08-22T07:02:00.965Z - info: Pages built
2019-08-22T07:02:13.403Z - info: Website generation complete! Total build time: 75.117s
2019-08-22T07:02:13.694Z - info: Serving "E:\Teaching\CS2113\CS2113-AY1920Sem1\website\_site" at http://127.0.0.1:8080
2019-08-22T07:02:13.694Z - info: Press CTRL+C to stop ...
2019-08-22T07:02:13.729Z - info: Site data built
2019-08-22T07:08:32.112Z - info: [3:08:32 PM] Reload for file change: E:\Teaching\CS2113\CS2113-AY1920Sem1\website\admin\peerEvaluations.md
2019-08-22T07:08:33.115Z - info: Rebuilding affected source files
2019-08-22T07:08:33.116Z - info: Rebuilding 5 pages
2019-08-22T07:08:36.514Z - info: Pages rebuilt
2019-08-22T07:08:36.527Z - info: Site data built
2019-08-22T07:11:09.852Z - info: [3:11:09 PM] Reload for file change: E:\Teaching\CS2113\CS2113-AY1920Sem1\website\admin\project-timeline.md
2019-08-22T07:11:10.855Z - info: Rebuilding affected source files
2019-08-22T07:11:10.859Z - info: Rebuilding 31 pages
2019-08-22T07:11:14.498Z - info: Pages rebuilt
2019-08-22T07:11:14.509Z - info: Site data built
2019-08-22T07:15:50.404Z - info: [3:15:50 PM] Reload for file change: E:\Teaching\CS2113\CS2113-AY1920Sem1\website\admin\project-timeline.md
2019-08-22T07:15:51.406Z - info: Rebuilding affected source files
2019-08-22T07:15:51.413Z - info: Rebuilding 31 pages
2019-08-22T07:15:55.147Z - info: Pages rebuilt
2019-08-22T07:15:55.157Z - info: Site data built
2019-08-22T07:16:58.821Z - info: [3:16:58 PM] Reload for file change: E:\Teaching\CS2113\CS2113-AY1920Sem1\website\admin\project-timeline.md
2019-08-22T07:16:59.822Z - info: Rebuilding affected source files
2019-08-22T07:16:59.825Z - info: Rebuilding 31 pages
2019-08-22T07:17:03.284Z - info: Pages rebuilt
2019-08-22T07:17:03.294Z - info: Site data built
2019-08-22T07:17:41.903Z - info: [3:17:41 PM] Reload for file change: E:\Teaching\CS2113\CS2113-AY1920Sem1\website\admin\project-timeline.md
2019-08-22T07:17:42.906Z - info: Rebuilding affected source files
2019-08-22T07:17:42.909Z - info: Rebuilding 31 pages
2019-08-22T07:17:46.296Z - info: Pages rebuilt
2019-08-22T07:17:46.305Z - info: Site data built
2019-08-22T07:17:59.544Z - info: [3:17:59 PM] Reload for file change: E:\Teaching\CS2113\CS2113-AY1920Sem1\website\admin\project-timeline.md
2019-08-22T07:18:00.546Z - info: Rebuilding affected source files
2019-08-22T07:18:00.549Z - info: Rebuilding 31 pages
2019-08-22T07:18:03.960Z - info: Pages rebuilt
2019-08-22T07:18:03.968Z - info: Site data built
2019-08-22T07:20:02.969Z - info: [3:20:02 PM] Reload for file change: E:\Teaching\CS2113\CS2113-AY1920Sem1\website\admin\project-timeline.md
2019-08-22T07:20:03.972Z - info: Rebuilding affected source files
2019-08-22T07:20:03.976Z - info: Rebuilding 31 pages
2019-08-22T07:20:07.487Z - info: Pages rebuilt
2019-08-22T07:20:07.498Z - info: Site data built
2019-08-22T07:20:20.606Z - info: [3:20:20 PM] Reload for file change: E:\Teaching\CS2113\CS2113-AY1920Sem1\website\admin\project-w07-v11.md
2019-08-22T07:20:21.614Z - info: Rebuilding affected source files
2019-08-22T07:20:21.616Z - info: Rebuilding 4 pages
2019-08-22T07:20:22.439Z - info: Pages rebuilt
2019-08-22T07:20:22.448Z - info: Site data built
2019-08-22T07:21:49.307Z - info: [3:21:49 PM] Reload for file change: E:\Teaching\CS2113\CS2113-AY1920Sem1\website\admin\project-w05-v10.md
2019-08-22T07:21:50.310Z - info: Rebuilding affected source files
2019-08-22T07:21:50.312Z - info: Rebuilding 3 pages
2019-08-22T07:21:51.103Z - info: Pages rebuilt
2019-08-22T07:21:51.113Z - info: Site data built
2019-08-22T07:22:04.092Z - info: [3:22:04 PM] Reload for file change: E:\Teaching\CS2113\CS2113-AY1920Sem1\website\schedule\week5\project.md
2019-08-22T07:22:05.095Z - info: Rebuilding affected source files
2019-08-22T07:22:05.096Z - info: Rebuilding 1 pages
2019-08-22T07:22:05.160Z - info: Pages rebuilt
2019-08-22T07:22:05.166Z - info: Site data built
2019-08-22T07:47:22.316Z - info: [3:47:22 PM] Reload for file change: E:\Teaching\CS2113\CS2113-AY1920Sem1\website\admin\project-timeline.md
2019-08-22T07:47:23.318Z - info: Rebuilding affected source files
2019-08-22T07:47:23.322Z - info: Rebuilding 36 pages
2019-08-22T07:47:27.148Z - info: Pages rebuilt
2019-08-22T07:47:27.158Z - info: Site data built
2019-08-22T07:47:49.586Z - info: [3:47:49 PM] Reload for file change: E:\Teaching\CS2113\CS2113-AY1920Sem1\website\admin\project-timeline.md
2019-08-22T07:47:50.588Z - info: Rebuilding affected source files
2019-08-22T07:47:50.592Z - info: Rebuilding 36 pages
2019-08-22T07:47:54.352Z - info: Pages rebuilt
2019-08-22T07:47:54.362Z - info: Site data built
2019-08-22T07:56:47.764Z - info: Website generation started at 3:56:46 PM
2019-08-22T07:56:48.730Z - info: Building assets...
2019-08-22T07:56:49.609Z - info: Assets built
2019-08-22T07:56:49.610Z - info: Generating pages...
2019-08-22T07:57:47.913Z - info: Pages built
2019-08-22T07:58:01.447Z - info: Website generation complete! Total build time: 74.621s
2019-08-22T07:58:01.732Z - info: Serving "E:\Teaching\CS2113\CS2113-AY1920Sem1\website\_site" at http://127.0.0.1:8080
2019-08-22T07:58:01.733Z - info: Press CTRL+C to stop ...
2019-08-22T07:58:01.754Z - info: Site data built
2019-08-22T08:39:17.002Z - info: [4:39:17 PM] Reload for file change: E:\Teaching\CS2113\CS2113-AY1920Sem1\website\schedule\week4\notices-cs2113.md
2019-08-22T08:39:18.004Z - info: Rebuilding affected source files
2019-08-22T08:39:18.007Z - info: Rebuilding 1 pages
2019-08-22T08:39:18.113Z - info: Pages rebuilt
2019-08-22T08:39:18.120Z - info: Site data built
2019-08-22T08:39:54.376Z - info: [4:39:54 PM] Reload for file change: E:\Teaching\CS2113\CS2113-AY1920Sem1\website\schedule\week4\notices-cs2113.md
2019-08-22T08:39:55.377Z - info: Rebuilding affected source files
2019-08-22T08:39:55.378Z - info: Rebuilding 1 pages
2019-08-22T08:39:55.449Z - info: Pages rebuilt
2019-08-22T08:39:55.456Z - info: Site data built
2019-08-22T08:40:05.238Z - info: [4:40:05 PM] Reload for file change: E:\Teaching\CS2113\CS2113-AY1920Sem1\website\schedule\week4\notices-cs2113.md
2019-08-22T08:40:06.239Z - info: Rebuilding affected source files
2019-08-22T08:40:06.241Z - info: Rebuilding 1 pages
2019-08-22T08:40:06.306Z - info: Pages rebuilt
2019-08-22T08:40:06.312Z - info: Site data built
2019-08-22T08:40:20.618Z - info: [4:40:20 PM] Reload for file change: E:\Teaching\CS2113\CS2113-AY1920Sem1\website\schedule\week4\notices-cs2113.md
2019-08-22T08:40:21.619Z - info: Rebuilding affected source files
2019-08-22T08:40:21.620Z - info: Rebuilding 1 pages
2019-08-22T08:40:21.676Z - info: Pages rebuilt
2019-08-22T08:40:21.682Z - info: Site data built
2019-08-22T08:40:25.524Z - info: [4:40:25 PM] Reload for file change: E:\Teaching\CS2113\CS2113-AY1920Sem1\website\schedule\week4\notices-cs2113.md
2019-08-22T08:40:26.524Z - info: Rebuilding affected source files
2019-08-22T08:40:26.525Z - info: Rebuilding 1 pages
2019-08-22T08:40:26.587Z - info: Pages rebuilt
2019-08-22T08:40:26.598Z - info: Site data built
2019-08-22T08:40:55.826Z - info: [4:40:55 PM] Reload for file change: E:\Teaching\CS2113\CS2113-AY1920Sem1\website\schedule\week4\notices-cs2113.md
2019-08-22T08:40:56.829Z - info: Rebuilding affected source files
2019-08-22T08:40:56.831Z - info: Rebuilding 1 pages
2019-08-22T08:40:56.938Z - info: Pages rebuilt
2019-08-22T08:40:56.944Z - info: Site data built
2019-08-22T08:41:00.631Z - info: [4:41:00 PM] Reload for file change: E:\Teaching\CS2113\CS2113-AY1920Sem1\website\schedule\week4\notices-cs2113.md
2019-08-22T08:41:01.632Z - info: Rebuilding affected source files
2019-08-22T08:41:01.633Z - info: Rebuilding 1 pages
2019-08-22T08:41:01.722Z - info: Pages rebuilt
2019-08-22T08:41:01.732Z - info: Site data built
2019-08-22T08:41:18.390Z - info: [4:41:18 PM] Reload for file change: E:\Teaching\CS2113\CS2113-AY1920Sem1\website\schedule\week4\notices-cs2113.md
2019-08-22T08:41:19.392Z - info: Rebuilding affected source files
2019-08-22T08:41:19.394Z - info: Rebuilding 1 pages
2019-08-22T08:41:19.464Z - info: Pages rebuilt
2019-08-22T08:41:19.470Z - info: Site data built
2019-08-22T08:42:59.438Z - info: [4:42:59 PM] Reload for file change: E:\Teaching\CS2113\CS2113-AY1920Sem1\website\admin\project-w03-inception.md
2019-08-22T08:43:00.439Z - info: Rebuilding affected source files
2019-08-22T08:43:00.442Z - info: Rebuilding 3 pages
2019-08-22T08:43:01.512Z - info: Pages rebuilt
2019-08-22T08:43:01.521Z - info: Site data built
2019-08-22T08:43:06.802Z - info: [4:43:06 PM] Reload for file change: E:\Teaching\CS2113\CS2113-AY1920Sem1\website\admin\project-w04-mid-v10.md
2019-08-22T08:43:07.805Z - info: Rebuilding affected source files
2019-08-22T08:43:07.808Z - info: Rebuilding 3 pages
2019-08-22T08:43:08.506Z - info: Pages rebuilt
2019-08-22T08:43:08.516Z - info: Site data built
2019-08-22T08:45:52.581Z - info: [4:45:52 PM] Reload for file change: E:\Teaching\CS2113\CS2113-AY1920Sem1\website\admin\project-w04-mid-v10.md
2019-08-22T08:45:53.584Z - info: Rebuilding affected source files
2019-08-22T08:45:53.586Z - info: Rebuilding 3 pages
2019-08-22T08:45:54.462Z - info: Pages rebuilt
2019-08-22T08:45:54.472Z - info: Site data built
2019-08-22T08:46:41.994Z - info: [4:46:41 PM] Reload for file change: E:\Teaching\CS2113\CS2113-AY1920Sem1\website\admin\project-w04-mid-v10.md
2019-08-22T08:46:42.996Z - info: Rebuilding affected source files
2019-08-22T08:46:42.997Z - info: Rebuilding 3 pages
2019-08-22T08:46:43.843Z - info: Pages rebuilt
2019-08-22T08:46:43.854Z - info: Site data built
2019-08-22T08:48:48.816Z - info: [4:48:48 PM] Reload for file change: E:\Teaching\CS2113\CS2113-AY1920Sem1\website\admin\project-w04-mid-v10.md
2019-08-22T08:48:49.819Z - info: Rebuilding affected source files
2019-08-22T08:48:49.824Z - info: Rebuilding 3 pages
2019-08-22T08:48:50.870Z - info: Pages rebuilt
2019-08-22T08:48:50.880Z - info: Site data built
2019-08-22T08:49:52.138Z - info: [4:49:52 PM] Reload for file change: E:\Teaching\CS2113\CS2113-AY1920Sem1\website\admin\project-w04-mid-v10.md
2019-08-22T08:49:53.140Z - info: Rebuilding affected source files
2019-08-22T08:49:53.141Z - info: Rebuilding 3 pages
2019-08-22T08:49:54.088Z - info: Pages rebuilt
2019-08-22T08:49:54.097Z - info: Site data built
2019-08-22T08:50:15.982Z - info: [4:50:15 PM] Reload for file change: E:\Teaching\CS2113\CS2113-AY1920Sem1\website\admin\project-w04-mid-v10.md
2019-08-22T08:50:16.984Z - info: Rebuilding affected source files
2019-08-22T08:50:16.988Z - info: Rebuilding 3 pages
2019-08-22T08:50:17.941Z - info: Pages rebuilt
2019-08-22T08:50:17.952Z - info: Site data built
2019-08-22T08:56:12.508Z - info: [4:56:12 PM] Reload for file change: E:\Teaching\CS2113\CS2113-AY1920Sem1\website\admin\project-w04-mid-v10.md
2019-08-22T08:56:13.509Z - info: Rebuilding affected source files
2019-08-22T08:56:13.510Z - info: Rebuilding 3 pages
2019-08-22T08:56:14.372Z - info: Pages rebuilt
2019-08-22T08:56:14.383Z - info: Site data built
2019-08-22T08:57:41.098Z - info: [4:57:41 PM] Reload for file change: E:\Teaching\CS2113\CS2113-AY1920Sem1\website\admin\project-w04-mid-v10.md
2019-08-22T08:57:42.099Z - info: Rebuilding affected source files
2019-08-22T08:57:42.101Z - info: Rebuilding 3 pages
2019-08-22T08:57:43.168Z - info: Pages rebuilt
2019-08-22T08:57:43.177Z - info: Site data built
2019-08-22T08:58:11.333Z - info: [4:58:11 PM] Reload for file change: E:\Teaching\CS2113\CS2113-AY1920Sem1\website\admin\project-w04-mid-v10.md
2019-08-22T08:58:12.334Z - info: Rebuilding affected source files
2019-08-22T08:58:12.336Z - info: Rebuilding 3 pages
2019-08-22T08:58:13.269Z - info: Pages rebuilt
2019-08-22T08:58:13.278Z - info: Site data built
2019-08-22T08:58:43.309Z - info: [4:58:43 PM] Reload for file change: E:\Teaching\CS2113\CS2113-AY1920Sem1\website\admin\project-w04-mid-v10.md
2019-08-22T08:58:44.310Z - info: Rebuilding affected source files
2019-08-22T08:58:44.312Z - info: Rebuilding 3 pages
2019-08-22T08:58:45.373Z - info: Pages rebuilt
2019-08-22T08:58:45.387Z - info: Site data built
2019-08-22T08:59:01.715Z - info: [4:59:01 PM] Reload for file change: E:\Teaching\CS2113\CS2113-AY1920Sem1\website\admin\project-w04-mid-v10.md
2019-08-22T08:59:02.715Z - info: Rebuilding affected source files
2019-08-22T08:59:02.717Z - info: Rebuilding 3 pages
2019-08-22T08:59:03.702Z - info: Pages rebuilt
2019-08-22T08:59:03.710Z - info: Site data built
2019-08-22T08:59:27.629Z - info: [4:59:27 PM] Reload for file change: E:\Teaching\CS2113\CS2113-AY1920Sem1\website\admin\project-w04-mid-v10.md
2019-08-22T08:59:28.630Z - info: Rebuilding affected source files
2019-08-22T08:59:28.631Z - info: Rebuilding 3 pages
2019-08-22T08:59:29.624Z - info: Pages rebuilt
2019-08-22T08:59:29.638Z - info: Site data built
2019-08-22T08:59:36.600Z - info: [4:59:36 PM] Reload for file change: E:\Teaching\CS2113\CS2113-AY1920Sem1\website\admin\project-w04-mid-v10.md
2019-08-22T08:59:37.602Z - info: Rebuilding affected source files
2019-08-22T08:59:37.603Z - info: Rebuilding 3 pages
2019-08-22T08:59:38.517Z - info: Pages rebuilt
2019-08-22T08:59:38.525Z - info: Site data built
2019-08-22T09:00:45.623Z - info: [5:00:45 PM] Reload for file change: E:\Teaching\CS2113\CS2113-AY1920Sem1\website\admin\project-w04-mid-v10.md
2019-08-22T09:00:46.624Z - info: Rebuilding affected source files
2019-08-22T09:00:46.625Z - info: Rebuilding 3 pages
2019-08-22T09:00:47.712Z - info: Pages rebuilt
2019-08-22T09:00:47.721Z - info: Site data built
2019-08-22T09:01:24.385Z - info: [5:01:24 PM] Reload for file change: E:\Teaching\CS2113\CS2113-AY1920Sem1\website\admin\project-w04-mid-v10.md
2019-08-22T09:01:25.386Z - info: Rebuilding affected source files
2019-08-22T09:01:25.391Z - info: Rebuilding 3 pages
2019-08-22T09:01:26.454Z - info: Pages rebuilt
2019-08-22T09:01:26.463Z - info: Site data built
2019-08-22T09:02:07.042Z - info: [5:02:07 PM] Reload for file change: E:\Teaching\CS2113\CS2113-AY1920Sem1\website\admin\project-w04-mid-v10.md
2019-08-22T09:02:08.046Z - info: Rebuilding affected source files
2019-08-22T09:02:08.050Z - info: Rebuilding 3 pages
2019-08-22T09:02:09.109Z - info: Pages rebuilt
2019-08-22T09:02:09.120Z - info: Site data built
2019-08-22T09:02:30.244Z - info: [5:02:30 PM] Reload for file change: E:\Teaching\CS2113\CS2113-AY1920Sem1\website\schedule\week4\tutorial-cs2113.md
2019-08-22T09:02:31.247Z - info: Rebuilding affected source files
2019-08-22T09:02:31.251Z - info: Rebuilding 1 pages
2019-08-22T09:02:31.339Z - info: Pages rebuilt
2019-08-22T09:02:31.346Z - info: Site data built
2019-08-22T09:02:37.619Z - info: [5:02:37 PM] Reload for file change: E:\Teaching\CS2113\CS2113-AY1920Sem1\website\schedule\week4\tutorial-cs2113.md
2019-08-22T09:02:38.620Z - info: Rebuilding affected source files
2019-08-22T09:02:38.621Z - info: Rebuilding 1 pages
2019-08-22T09:02:38.694Z - info: Pages rebuilt
2019-08-22T09:02:38.700Z - info: Site data built
2019-08-22T09:03:17.827Z - info: [5:03:17 PM] Reload for file change: E:\Teaching\CS2113\CS2113-AY1920Sem1\website\schedule\week5\notices-cs2113.md
2019-08-22T09:03:18.829Z - info: Rebuilding affected source files
2019-08-22T09:03:18.830Z - info: Rebuilding 1 pages
2019-08-22T09:03:18.893Z - info: Pages rebuilt
2019-08-22T09:03:18.899Z - info: Site data built
2019-08-22T09:04:45.274Z - info: [5:04:45 PM] Reload for file change: E:\Teaching\CS2113\CS2113-AY1920Sem1\website\schedule\week6\notices-cs2113.md
2019-08-22T09:04:46.276Z - info: Rebuilding affected source files
2019-08-22T09:04:46.280Z - info: Rebuilding 1 pages
2019-08-22T09:04:46.334Z - info: Pages rebuilt
2019-08-22T09:04:46.341Z - info: Site data built
2019-08-22T09:05:38.700Z - info: [5:05:38 PM] Reload for file change: E:\Teaching\CS2113\CS2113-AY1920Sem1\website\schedule\week6\notices-cs2113.md
2019-08-22T09:05:39.702Z - info: Rebuilding affected source files
2019-08-22T09:05:39.703Z - info: Rebuilding 1 pages
2019-08-22T09:05:39.763Z - info: Pages rebuilt
2019-08-22T09:05:39.770Z - info: Site data built
2019-08-22T09:06:01.793Z - info: [5:06:01 PM] Reload for file change: E:\Teaching\CS2113\CS2113-AY1920Sem1\website\schedule\week6\project.md
2019-08-22T09:06:02.794Z - info: Rebuilding affected source files
2019-08-22T09:06:02.795Z - info: Rebuilding 1 pages
2019-08-22T09:06:02.893Z - info: Pages rebuilt
2019-08-22T09:06:02.900Z - info: Site data built
2019-08-22T09:07:30.320Z - info: [5:07:30 PM] Reload for file change: E:\Teaching\CS2113\CS2113-AY1920Sem1\website\schedule\week5\tutorial-cs2113.md
2019-08-22T09:07:31.320Z - info: Rebuilding affected source files
2019-08-22T09:07:31.321Z - info: Rebuilding 1 pages
2019-08-22T09:07:31.388Z - info: Pages rebuilt
2019-08-22T09:07:31.394Z - info: Site data built
2019-08-22T09:07:46.708Z - info: [5:07:46 PM] Reload for file change: E:\Teaching\CS2113\CS2113-AY1920Sem1\website\schedule\week4\tutorial-cs2113.md
2019-08-22T09:07:47.709Z - info: Rebuilding affected source files
2019-08-22T09:07:47.711Z - info: Rebuilding 1 pages
2019-08-22T09:07:47.770Z - info: Pages rebuilt
2019-08-22T09:07:47.777Z - info: Site data built
2019-08-22T09:08:38.556Z - info: [5:08:38 PM] Reload for file change: E:\Teaching\CS2113\CS2113-AY1920Sem1\website\schedule\week5\tutorial-cs2113.md
2019-08-22T09:08:39.558Z - info: Rebuilding affected source files
2019-08-22T09:08:39.559Z - info: Rebuilding 1 pages
2019-08-22T09:08:39.610Z - info: Pages rebuilt
2019-08-22T09:08:39.621Z - info: Site data built
2019-08-22T09:08:48.942Z - info: [5:08:48 PM] Reload for file change: E:\Teaching\CS2113\CS2113-AY1920Sem1\website\schedule\week4\tutorial-cs2113.md
2019-08-22T09:08:49.945Z - info: Rebuilding affected source files
2019-08-22T09:08:49.947Z - info: Rebuilding 1 pages
2019-08-22T09:08:50.039Z - info: Pages rebuilt
2019-08-22T09:08:50.045Z - info: Site data built
