2019-11-20T08:36:43.478Z - info: Website generation started at 4:36:42 PM
2019-11-20T08:36:44.829Z - info: Building assets...
2019-11-20T08:36:46.488Z - info: Assets built
2019-11-20T08:36:46.505Z - info: Generating pages...
2019-11-20T08:38:26.451Z - info: Pages built
2019-11-20T08:38:47.334Z - info: Website generation complete! Total build time: 124.66s
2019-11-20T08:38:47.336Z - info: Build success!
2019-11-20T08:38:47.346Z - info: Site data built
2019-11-20T08:39:50.335Z - info: Deployed!
2019-11-20T08:43:02.963Z - info: Website generation started at 4:43:02 PM
2019-11-20T08:43:03.913Z - info: Building assets...
2019-11-20T08:43:05.347Z - info: Assets built
2019-11-20T08:43:05.348Z - info: Generating pages...
2019-11-20T08:44:44.159Z - info: Pages built
2019-11-20T08:45:04.048Z - info: Website generation complete! Total build time: 121.78s
2019-11-20T08:45:04.049Z - info: Build success!
2019-11-20T08:45:04.063Z - info: Site data built
2019-11-20T08:45:55.692Z - info: Deployed!
2019-11-20T09:34:51.778Z - info: Website generation started at 5:34:50 PM
2019-11-20T09:34:52.747Z - info: Building assets...
2019-11-20T09:34:54.244Z - info: Assets built
2019-11-20T09:34:54.245Z - info: Generating pages...
2019-11-20T09:35:40.738Z - error:  Error: No such segment 'warning-use-catcher' in file: E:\Teaching\CS2113\CS2113-AY1920Sem1\website\admin\project-deliverables.md
Missing reference in E:\Teaching\CS2113\CS2113-AY1920Sem1\website\admin\project-deliverables.md
    at Parser._preprocess (C:\users\dcsaksh\appdata\roaming\npm\node_modules\markbind-cli\src\lib\markbind\src\parser.js:325:25)
    at element.children.element.children.map.e (C:\users\dcsaksh\appdata\roaming\npm\node_modules\markbind-cli\src\lib\markbind\src\parser.js:399:57)
    at Array.map (<anonymous>)
    at Parser._preprocess (C:\users\dcsaksh\appdata\roaming\npm\node_modules\markbind-cli\src\lib\markbind\src\parser.js:399:43)
    at element.children.element.children.map.e (C:\users\dcsaksh\appdata\roaming\npm\node_modules\markbind-cli\src\lib\markbind\src\parser.js:399:57)
    at Array.map (<anonymous>)
    at Parser._preprocess (C:\users\dcsaksh\appdata\roaming\npm\node_modules\markbind-cli\src\lib\markbind\src\parser.js:399:43)
    at element.children.element.children.map.e (C:\users\dcsaksh\appdata\roaming\npm\node_modules\markbind-cli\src\lib\markbind\src\parser.js:399:57)
    at Array.map (<anonymous>)
    at Parser._preprocess (C:\users\dcsaksh\appdata\roaming\npm\node_modules\markbind-cli\src\lib\markbind\src\parser.js:399:43)
    at element.children.element.children.map.e (C:\users\dcsaksh\appdata\roaming\npm\node_modules\markbind-cli\src\lib\markbind\src\parser.js:399:57)
    at Array.map (<anonymous>)
    at Parser._preprocess (C:\users\dcsaksh\appdata\roaming\npm\node_modules\markbind-cli\src\lib\markbind\src\parser.js:399:43)
    at element.children.element.children.map.e (C:\users\dcsaksh\appdata\roaming\npm\node_modules\markbind-cli\src\lib\markbind\src\parser.js:399:57)
    at Array.map (<anonymous>)
    at Parser._preprocess (C:\users\dcsaksh\appdata\roaming\npm\node_modules\markbind-cli\src\lib\markbind\src\parser.js:399:43)
2019-11-20T09:36:22.085Z - error:  Error: No such segment 'warning-use-catcher' in file: E:\Teaching\CS2113\CS2113-AY1920Sem1\website\admin\project-deliverables.md
Missing reference in E:\Teaching\CS2113\CS2113-AY1920Sem1\website\admin\project-deliverables.md
    at Parser._preprocess (C:\users\dcsaksh\appdata\roaming\npm\node_modules\markbind-cli\src\lib\markbind\src\parser.js:325:25)
    at element.children.element.children.map.e (C:\users\dcsaksh\appdata\roaming\npm\node_modules\markbind-cli\src\lib\markbind\src\parser.js:399:57)
    at Array.map (<anonymous>)
    at Parser._preprocess (C:\users\dcsaksh\appdata\roaming\npm\node_modules\markbind-cli\src\lib\markbind\src\parser.js:399:43)
    at element.children.element.children.map.e (C:\users\dcsaksh\appdata\roaming\npm\node_modules\markbind-cli\src\lib\markbind\src\parser.js:399:57)
    at Array.map (<anonymous>)
    at Parser._preprocess (C:\users\dcsaksh\appdata\roaming\npm\node_modules\markbind-cli\src\lib\markbind\src\parser.js:399:43)
    at element.children.element.children.map.e (C:\users\dcsaksh\appdata\roaming\npm\node_modules\markbind-cli\src\lib\markbind\src\parser.js:399:57)
    at Array.map (<anonymous>)
    at Parser._preprocess (C:\users\dcsaksh\appdata\roaming\npm\node_modules\markbind-cli\src\lib\markbind\src\parser.js:399:43)
    at element.children.element.children.map.e (C:\users\dcsaksh\appdata\roaming\npm\node_modules\markbind-cli\src\lib\markbind\src\parser.js:399:57)
    at Array.map (<anonymous>)
    at Parser._preprocess (C:\users\dcsaksh\appdata\roaming\npm\node_modules\markbind-cli\src\lib\markbind\src\parser.js:399:43)
    at element.children.element.children.map.e (C:\users\dcsaksh\appdata\roaming\npm\node_modules\markbind-cli\src\lib\markbind\src\parser.js:399:57)
    at Array.map (<anonymous>)
    at Parser._preprocess (C:\users\dcsaksh\appdata\roaming\npm\node_modules\markbind-cli\src\lib\markbind\src\parser.js:399:43)
2019-11-20T09:36:35.284Z - info: Pages built
2019-11-20T09:36:55.406Z - info: Website generation complete! Total build time: 124.455s
2019-11-20T09:37:05.854Z - info: Serving "E:\Teaching\CS2113\CS2113-AY1920Sem1\website\_site" at http://127.0.0.1:8080
2019-11-20T09:37:05.855Z - info: Press CTRL+C to stop ...
2019-11-20T09:37:05.886Z - info: Site data built
2019-11-20T09:37:45.598Z - info: [5:37:45 PM] Reload for file change: E:\Teaching\CS2113\CS2113-AY1920Sem1\website\admin\project-deliverables.md
2019-11-20T09:37:46.600Z - info: Rebuilding affected source files
2019-11-20T09:37:46.606Z - info: Rebuilding 31 pages
2019-11-20T09:37:54.560Z - error:  Error: No such segment 'warning-use-catcher' in file: E:\Teaching\CS2113\CS2113-AY1920Sem1\website\admin\project-deliverables.md
Missing reference in E:\Teaching\CS2113\CS2113-AY1920Sem1\website\admin\project-deliverables.md
    at Parser._preprocess (C:\users\dcsaksh\appdata\roaming\npm\node_modules\markbind-cli\src\lib\markbind\src\parser.js:325:25)
    at element.children.element.children.map.e (C:\users\dcsaksh\appdata\roaming\npm\node_modules\markbind-cli\src\lib\markbind\src\parser.js:399:57)
    at Array.map (<anonymous>)
    at Parser._preprocess (C:\users\dcsaksh\appdata\roaming\npm\node_modules\markbind-cli\src\lib\markbind\src\parser.js:399:43)
    at element.children.element.children.map.e (C:\users\dcsaksh\appdata\roaming\npm\node_modules\markbind-cli\src\lib\markbind\src\parser.js:399:57)
    at Array.map (<anonymous>)
    at Parser._preprocess (C:\users\dcsaksh\appdata\roaming\npm\node_modules\markbind-cli\src\lib\markbind\src\parser.js:399:43)
    at element.children.element.children.map.e (C:\users\dcsaksh\appdata\roaming\npm\node_modules\markbind-cli\src\lib\markbind\src\parser.js:399:57)
    at Array.map (<anonymous>)
    at Parser._preprocess (C:\users\dcsaksh\appdata\roaming\npm\node_modules\markbind-cli\src\lib\markbind\src\parser.js:399:43)
    at element.children.element.children.map.e (C:\users\dcsaksh\appdata\roaming\npm\node_modules\markbind-cli\src\lib\markbind\src\parser.js:399:57)
    at Array.map (<anonymous>)
    at Parser._preprocess (C:\users\dcsaksh\appdata\roaming\npm\node_modules\markbind-cli\src\lib\markbind\src\parser.js:399:43)
    at element.children.element.children.map.e (C:\users\dcsaksh\appdata\roaming\npm\node_modules\markbind-cli\src\lib\markbind\src\parser.js:399:57)
    at Array.map (<anonymous>)
    at Parser._preprocess (C:\users\dcsaksh\appdata\roaming\npm\node_modules\markbind-cli\src\lib\markbind\src\parser.js:399:43)
2019-11-20T09:38:01.784Z - error:  Error: No such segment 'warning-use-catcher' in file: E:\Teaching\CS2113\CS2113-AY1920Sem1\website\admin\project-deliverables.md
Missing reference in E:\Teaching\CS2113\CS2113-AY1920Sem1\website\admin\project-deliverables.md
    at Parser._preprocess (C:\users\dcsaksh\appdata\roaming\npm\node_modules\markbind-cli\src\lib\markbind\src\parser.js:325:25)
    at element.children.element.children.map.e (C:\users\dcsaksh\appdata\roaming\npm\node_modules\markbind-cli\src\lib\markbind\src\parser.js:399:57)
    at Array.map (<anonymous>)
    at Parser._preprocess (C:\users\dcsaksh\appdata\roaming\npm\node_modules\markbind-cli\src\lib\markbind\src\parser.js:399:43)
    at element.children.element.children.map.e (C:\users\dcsaksh\appdata\roaming\npm\node_modules\markbind-cli\src\lib\markbind\src\parser.js:399:57)
    at Array.map (<anonymous>)
    at Parser._preprocess (C:\users\dcsaksh\appdata\roaming\npm\node_modules\markbind-cli\src\lib\markbind\src\parser.js:399:43)
    at element.children.element.children.map.e (C:\users\dcsaksh\appdata\roaming\npm\node_modules\markbind-cli\src\lib\markbind\src\parser.js:399:57)
    at Array.map (<anonymous>)
    at Parser._preprocess (C:\users\dcsaksh\appdata\roaming\npm\node_modules\markbind-cli\src\lib\markbind\src\parser.js:399:43)
    at element.children.element.children.map.e (C:\users\dcsaksh\appdata\roaming\npm\node_modules\markbind-cli\src\lib\markbind\src\parser.js:399:57)
    at Array.map (<anonymous>)
    at Parser._preprocess (C:\users\dcsaksh\appdata\roaming\npm\node_modules\markbind-cli\src\lib\markbind\src\parser.js:399:43)
    at element.children.element.children.map.e (C:\users\dcsaksh\appdata\roaming\npm\node_modules\markbind-cli\src\lib\markbind\src\parser.js:399:57)
    at Array.map (<anonymous>)
    at Parser._preprocess (C:\users\dcsaksh\appdata\roaming\npm\node_modules\markbind-cli\src\lib\markbind\src\parser.js:399:43)
2019-11-20T09:38:14.193Z - info: Pages rebuilt
2019-11-20T09:38:14.221Z - info: Site data built
2019-11-20T09:38:28.409Z - info: [5:38:28 PM] Reload for file change: E:\Teaching\CS2113\CS2113-AY1920Sem1\website\admin\project-deliverables.md
2019-11-20T09:38:29.441Z - info: Rebuilding affected source files
2019-11-20T09:38:29.466Z - info: Rebuilding 29 pages
2019-11-20T09:38:36.798Z - error:  Error: No such segment 'warning-use-catcher' in file: E:\Teaching\CS2113\CS2113-AY1920Sem1\website\admin\project-deliverables.md
Missing reference in E:\Teaching\CS2113\CS2113-AY1920Sem1\website\admin\project-deliverables.md
    at Parser._preprocess (C:\users\dcsaksh\appdata\roaming\npm\node_modules\markbind-cli\src\lib\markbind\src\parser.js:325:25)
    at element.children.element.children.map.e (C:\users\dcsaksh\appdata\roaming\npm\node_modules\markbind-cli\src\lib\markbind\src\parser.js:399:57)
    at Array.map (<anonymous>)
    at Parser._preprocess (C:\users\dcsaksh\appdata\roaming\npm\node_modules\markbind-cli\src\lib\markbind\src\parser.js:399:43)
    at element.children.element.children.map.e (C:\users\dcsaksh\appdata\roaming\npm\node_modules\markbind-cli\src\lib\markbind\src\parser.js:399:57)
    at Array.map (<anonymous>)
    at Parser._preprocess (C:\users\dcsaksh\appdata\roaming\npm\node_modules\markbind-cli\src\lib\markbind\src\parser.js:399:43)
    at element.children.element.children.map.e (C:\users\dcsaksh\appdata\roaming\npm\node_modules\markbind-cli\src\lib\markbind\src\parser.js:399:57)
    at Array.map (<anonymous>)
    at Parser._preprocess (C:\users\dcsaksh\appdata\roaming\npm\node_modules\markbind-cli\src\lib\markbind\src\parser.js:399:43)
    at element.children.element.children.map.e (C:\users\dcsaksh\appdata\roaming\npm\node_modules\markbind-cli\src\lib\markbind\src\parser.js:399:57)
    at Array.map (<anonymous>)
    at Parser._preprocess (C:\users\dcsaksh\appdata\roaming\npm\node_modules\markbind-cli\src\lib\markbind\src\parser.js:399:43)
    at element.children.element.children.map.e (C:\users\dcsaksh\appdata\roaming\npm\node_modules\markbind-cli\src\lib\markbind\src\parser.js:399:57)
    at Array.map (<anonymous>)
    at Parser._preprocess (C:\users\dcsaksh\appdata\roaming\npm\node_modules\markbind-cli\src\lib\markbind\src\parser.js:399:43)
2019-11-20T09:38:47.597Z - error:  Error: No such segment 'warning-use-catcher' in file: E:\Teaching\CS2113\CS2113-AY1920Sem1\website\admin\project-deliverables.md
Missing reference in E:\Teaching\CS2113\CS2113-AY1920Sem1\website\admin\project-deliverables.md
    at Parser._preprocess (C:\users\dcsaksh\appdata\roaming\npm\node_modules\markbind-cli\src\lib\markbind\src\parser.js:325:25)
    at element.children.element.children.map.e (C:\users\dcsaksh\appdata\roaming\npm\node_modules\markbind-cli\src\lib\markbind\src\parser.js:399:57)
    at Array.map (<anonymous>)
    at Parser._preprocess (C:\users\dcsaksh\appdata\roaming\npm\node_modules\markbind-cli\src\lib\markbind\src\parser.js:399:43)
    at element.children.element.children.map.e (C:\users\dcsaksh\appdata\roaming\npm\node_modules\markbind-cli\src\lib\markbind\src\parser.js:399:57)
    at Array.map (<anonymous>)
    at Parser._preprocess (C:\users\dcsaksh\appdata\roaming\npm\node_modules\markbind-cli\src\lib\markbind\src\parser.js:399:43)
    at element.children.element.children.map.e (C:\users\dcsaksh\appdata\roaming\npm\node_modules\markbind-cli\src\lib\markbind\src\parser.js:399:57)
    at Array.map (<anonymous>)
    at Parser._preprocess (C:\users\dcsaksh\appdata\roaming\npm\node_modules\markbind-cli\src\lib\markbind\src\parser.js:399:43)
    at element.children.element.children.map.e (C:\users\dcsaksh\appdata\roaming\npm\node_modules\markbind-cli\src\lib\markbind\src\parser.js:399:57)
    at Array.map (<anonymous>)
    at Parser._preprocess (C:\users\dcsaksh\appdata\roaming\npm\node_modules\markbind-cli\src\lib\markbind\src\parser.js:399:43)
    at element.children.element.children.map.e (C:\users\dcsaksh\appdata\roaming\npm\node_modules\markbind-cli\src\lib\markbind\src\parser.js:399:57)
    at Array.map (<anonymous>)
    at Parser._preprocess (C:\users\dcsaksh\appdata\roaming\npm\node_modules\markbind-cli\src\lib\markbind\src\parser.js:399:43)
2019-11-20T09:38:54.645Z - info: Pages rebuilt
2019-11-20T09:38:54.662Z - info: Site data built
2019-11-20T09:40:04.159Z - info: [5:40:04 PM] Reload for file change: E:\Teaching\CS2113\CS2113-AY1920Sem1\website\admin\project-deliverables.md
2019-11-20T09:40:05.174Z - info: Rebuilding affected source files
2019-11-20T09:40:05.179Z - info: Rebuilding 29 pages
2019-11-20T09:40:23.698Z - info: Website generation started at 5:40:23 PM
2019-11-20T09:40:24.688Z - info: Building assets...
2019-11-20T09:40:26.447Z - info: Assets built
2019-11-20T09:40:26.448Z - info: Generating pages...
2019-11-20T09:42:03.422Z - info: Pages built
2019-11-20T09:42:25.448Z - info: Website generation complete! Total build time: 122.442s
2019-11-20T09:42:35.878Z - info: Serving "E:\Teaching\CS2113\CS2113-AY1920Sem1\website\_site" at http://127.0.0.1:8080
2019-11-20T09:42:35.878Z - info: Press CTRL+C to stop ...
2019-11-20T09:42:35.907Z - info: Site data built
2019-11-20T09:50:35.105Z - info: Website generation started at 5:50:34 PM
2019-11-20T09:50:36.259Z - info: Building assets...
