2019-10-24T21:17:57.776Z - info: Website generation started at 5:17:56 AM
2019-10-24T21:17:59.392Z - info: Building assets...
2019-10-24T21:18:01.657Z - info: Assets built
2019-10-24T21:18:01.658Z - info: Generating pages...
2019-10-24T21:20:01.490Z - info: Pages built
2019-10-24T21:20:27.508Z - info: Website generation complete! Total build time: 151.395s
2019-10-24T21:20:27.576Z - info: Serving "D:\Teaching\CS2113\AY1920Sem1\website\_site" at http://127.0.0.1:8080
2019-10-24T21:20:27.577Z - info: Press CTRL+C to stop ...
2019-10-24T21:20:27.601Z - info: Site data built
2019-10-24T21:40:11.773Z - info: [5:40:11 AM] Reload for file change: D:\Teaching\CS2113\AY1920Sem1\website\schedule\week11\notices-cs2113.md
2019-10-24T21:40:12.779Z - info: Rebuilding affected source files
2019-10-24T21:40:12.783Z - info: Rebuilding 1 pages
2019-10-24T21:40:13.228Z - info: Pages rebuilt
2019-10-24T21:40:13.237Z - info: Site data built
2019-10-24T21:40:45.696Z - info: [5:40:45 AM] Reload for file change: D:\Teaching\CS2113\AY1920Sem1\website\schedule\week11\notices-cs2113.md
2019-10-24T21:40:46.698Z - info: Rebuilding affected source files
2019-10-24T21:40:46.701Z - info: Rebuilding 1 pages
2019-10-24T21:40:46.921Z - info: Pages rebuilt
2019-10-24T21:40:46.931Z - info: Site data built
2019-10-24T21:41:13.629Z - info: [5:41:13 AM] Reload for file change: D:\Teaching\CS2113\AY1920Sem1\website\schedule\week11\notices-cs2113.md
2019-10-24T21:41:14.631Z - info: Rebuilding affected source files
2019-10-24T21:41:14.633Z - info: Rebuilding 1 pages
2019-10-24T21:41:14.827Z - info: Pages rebuilt
2019-10-24T21:41:14.837Z - info: Site data built
2019-10-24T21:41:58.153Z - info: [5:41:58 AM] Reload for file change: D:\Teaching\CS2113\AY1920Sem1\website\schedule\week11\notices-cs2113.md
2019-10-24T21:41:59.158Z - info: Rebuilding affected source files
2019-10-24T21:41:59.160Z - info: Rebuilding 1 pages
2019-10-24T21:41:59.371Z - info: Pages rebuilt
2019-10-24T21:41:59.385Z - info: Site data built
2019-10-24T21:42:30.860Z - info: [5:42:30 AM] Reload for file change: D:\Teaching\CS2113\AY1920Sem1\website\schedule\week11\notices-cs2113.md
2019-10-24T21:42:31.871Z - info: Rebuilding affected source files
2019-10-24T21:42:31.873Z - info: Rebuilding 1 pages
2019-10-24T21:42:32.188Z - info: Pages rebuilt
2019-10-24T21:42:32.197Z - info: Site data built
2019-10-24T21:42:44.136Z - info: [5:42:44 AM] Reload for file change: D:\Teaching\CS2113\AY1920Sem1\website\schedule\week11\notices-cs2113.md
2019-10-24T21:42:45.139Z - info: Rebuilding affected source files
2019-10-24T21:42:45.141Z - info: Rebuilding 1 pages
2019-10-24T21:42:45.367Z - info: Pages rebuilt
2019-10-24T21:42:45.376Z - info: Site data built
2019-10-24T21:46:44.887Z - info: [5:46:44 AM] Reload for file change: D:\Teaching\CS2113\AY1920Sem1\website\schedule\week11\notices-cs2113.md
2019-10-24T21:46:45.894Z - info: Rebuilding affected source files
2019-10-24T21:46:45.897Z - info: Rebuilding 1 pages
2019-10-24T21:46:46.103Z - info: Pages rebuilt
2019-10-24T21:46:46.114Z - info: Site data built
2019-10-24T21:47:00.438Z - info: [5:47:00 AM] Reload for file change: D:\Teaching\CS2113\AY1920Sem1\website\schedule\week11\notices-cs2113.md
2019-10-24T21:47:01.441Z - info: Rebuilding affected source files
2019-10-24T21:47:01.443Z - info: Rebuilding 1 pages
2019-10-24T21:47:01.621Z - info: Pages rebuilt
2019-10-24T21:47:01.628Z - info: Site data built
2019-10-24T21:47:07.561Z - info: [5:47:07 AM] Reload for file change: D:\Teaching\CS2113\AY1920Sem1\website\schedule\week11\notices-cs2113.md
2019-10-24T21:47:08.567Z - info: Rebuilding affected source files
2019-10-24T21:47:08.570Z - info: Rebuilding 1 pages
2019-10-24T21:47:08.740Z - info: Pages rebuilt
2019-10-24T21:47:08.753Z - info: Site data built
2019-10-24T21:47:32.549Z - info: [5:47:32 AM] Reload for file change: D:\Teaching\CS2113\AY1920Sem1\website\schedule\week11\notices-cs2113.md
2019-10-24T21:47:33.553Z - info: Rebuilding affected source files
2019-10-24T21:47:33.555Z - info: Rebuilding 1 pages
2019-10-24T21:47:33.758Z - info: Pages rebuilt
2019-10-24T21:47:33.768Z - info: Site data built
2019-10-24T21:48:10.315Z - info: [5:48:10 AM] Reload for file change: D:\Teaching\CS2113\AY1920Sem1\website\schedule\week11\notices-cs2113.md
2019-10-24T21:48:11.317Z - info: Rebuilding affected source files
2019-10-24T21:48:11.319Z - info: Rebuilding 1 pages
2019-10-24T21:48:11.513Z - info: Pages rebuilt
2019-10-24T21:48:11.522Z - info: Site data built
2019-10-24T21:48:30.371Z - info: [5:48:30 AM] Reload for file change: D:\Teaching\CS2113\AY1920Sem1\website\schedule\week11\notices-cs2113.md
2019-10-24T21:48:31.374Z - info: Rebuilding affected source files
2019-10-24T21:48:31.377Z - info: Rebuilding 1 pages
2019-10-24T21:48:31.535Z - info: Pages rebuilt
2019-10-24T21:48:31.548Z - info: Site data built
2019-10-24T21:48:36.807Z - info: [5:48:36 AM] Reload for file change: D:\Teaching\CS2113\AY1920Sem1\website\schedule\week11\notices-cs2113.md
2019-10-24T21:48:37.808Z - info: Rebuilding affected source files
2019-10-24T21:48:37.810Z - info: Rebuilding 1 pages
2019-10-24T21:48:37.977Z - info: Pages rebuilt
2019-10-24T21:48:37.990Z - info: Site data built
2019-10-24T21:50:46.772Z - info: [5:50:46 AM] Reload for file change: D:\Teaching\CS2113\AY1920Sem1\website\schedule\week11\notices-cs2113.md
2019-10-24T21:50:47.778Z - info: Rebuilding affected source files
2019-10-24T21:50:47.781Z - info: Rebuilding 1 pages
2019-10-24T21:50:48.089Z - info: Pages rebuilt
2019-10-24T21:50:48.098Z - info: Site data built
2019-10-24T21:51:25.419Z - info: [5:51:25 AM] Reload for file change: D:\Teaching\CS2113\AY1920Sem1\website\schedule\week11\notices-cs2113.md
2019-10-24T21:51:26.423Z - info: Rebuilding affected source files
2019-10-24T21:51:26.429Z - info: Rebuilding 1 pages
2019-10-24T21:51:26.659Z - info: Pages rebuilt
2019-10-24T21:51:26.666Z - info: Site data built
2019-10-24T21:53:34.318Z - info: [5:53:34 AM] Reload for file change: D:\Teaching\CS2113\AY1920Sem1\website\schedule\week11\tutorial-cs2113.md
2019-10-24T21:53:35.319Z - info: Rebuilding affected source files
2019-10-24T21:53:35.322Z - info: Rebuilding 1 pages
2019-10-24T21:53:35.492Z - info: Pages rebuilt
2019-10-24T21:53:35.501Z - info: Site data built
2019-10-24T21:54:22.145Z - info: [5:54:22 AM] Reload for file change: D:\Teaching\CS2113\AY1920Sem1\website\schedule\week11\tutorial-cs2113.md
2019-10-24T21:54:23.148Z - info: Rebuilding affected source files
2019-10-24T21:54:23.149Z - info: Rebuilding 1 pages
2019-10-24T21:54:23.466Z - info: Pages rebuilt
2019-10-24T21:54:23.480Z - info: Site data built
2019-10-24T21:55:06.480Z - info: [5:55:06 AM] Reload for file change: D:\Teaching\CS2113\AY1920Sem1\website\schedule\week11\tutorial-cs2113.md
2019-10-24T21:55:07.483Z - info: Rebuilding affected source files
2019-10-24T21:55:07.484Z - info: Rebuilding 1 pages
2019-10-24T21:55:07.697Z - info: Pages rebuilt
2019-10-24T21:55:07.706Z - info: Site data built
2019-10-24T21:57:21.972Z - info: [5:57:21 AM] Reload for file change: D:\Teaching\CS2113\AY1920Sem1\website\admin\project-w11-v13.md
2019-10-24T21:57:22.976Z - info: Rebuilding affected source files
2019-10-24T21:57:22.980Z - info: Rebuilding 4 pages
2019-10-24T21:57:28.697Z - info: Pages rebuilt
2019-10-24T21:57:28.713Z - info: Site data built
2019-10-24T21:57:56.478Z - info: [5:57:56 AM] Reload for file change: D:\Teaching\CS2113\AY1920Sem1\website\admin\project-w11-v13.md
2019-10-24T21:57:57.483Z - info: Rebuilding affected source files
2019-10-24T21:57:57.486Z - info: Rebuilding 4 pages
2019-10-24T21:58:03.633Z - info: Pages rebuilt
2019-10-24T21:58:03.646Z - info: Site data built
2019-10-24T22:00:31.024Z - info: [6:00:31 AM] Reload for file change: D:\Teaching\CS2113\AY1920Sem1\website\admin\project-w11-v13.md
2019-10-24T22:00:32.030Z - info: Rebuilding affected source files
2019-10-24T22:00:32.038Z - info: Rebuilding 4 pages
2019-10-24T22:00:38.471Z - info: Pages rebuilt
2019-10-24T22:00:38.493Z - info: Site data built
2019-10-24T22:00:56.361Z - info: [6:00:56 AM] Reload for file change: D:\Teaching\CS2113\AY1920Sem1\website\admin\project-w11-v13.md
2019-10-24T22:00:57.365Z - info: Rebuilding affected source files
2019-10-24T22:00:57.368Z - info: Rebuilding 4 pages
2019-10-24T22:01:04.047Z - info: Pages rebuilt
2019-10-24T22:01:04.064Z - info: Site data built
2019-10-24T22:01:22.480Z - info: [6:01:22 AM] Reload for file change: D:\Teaching\CS2113\AY1920Sem1\website\admin\project-w11-v13.md
2019-10-24T22:01:23.485Z - info: Rebuilding affected source files
2019-10-24T22:01:23.488Z - info: Rebuilding 4 pages
2019-10-24T22:01:29.635Z - info: Pages rebuilt
2019-10-24T22:01:29.661Z - info: Site data built
2019-10-24T22:02:03.232Z - info: [6:02:03 AM] Reload for file change: D:\Teaching\CS2113\AY1920Sem1\website\admin\project-w11-v13.md
2019-10-24T22:02:04.240Z - info: Rebuilding affected source files
2019-10-24T22:02:04.242Z - info: Rebuilding 4 pages
2019-10-24T22:02:12.048Z - info: Pages rebuilt
2019-10-24T22:02:12.063Z - info: Site data built
2019-10-24T22:03:13.948Z - info: [6:03:13 AM] Reload for file change: D:\Teaching\CS2113\AY1920Sem1\website\admin\project-w11-v13.md
2019-10-24T22:03:14.953Z - info: Rebuilding affected source files
2019-10-24T22:03:14.956Z - info: Rebuilding 4 pages
2019-10-24T22:03:21.306Z - info: Pages rebuilt
2019-10-24T22:03:21.327Z - info: Site data built
2019-10-24T22:04:14.318Z - info: [6:04:14 AM] Reload for file change: D:\Teaching\CS2113\AY1920Sem1\website\admin\project-w11-v13.md
2019-10-24T22:04:15.329Z - info: Rebuilding affected source files
2019-10-24T22:04:15.336Z - info: Rebuilding 4 pages
2019-10-24T22:04:22.666Z - info: Pages rebuilt
2019-10-24T22:04:22.681Z - info: Site data built
2019-10-24T22:04:29.788Z - info: [6:04:29 AM] Reload for file change: D:\Teaching\CS2113\AY1920Sem1\website\admin\project-w11-v13.md
2019-10-24T22:04:30.800Z - info: Rebuilding affected source files
2019-10-24T22:04:30.802Z - info: Rebuilding 4 pages
2019-10-24T22:04:36.412Z - info: Pages rebuilt
2019-10-24T22:04:36.427Z - info: Site data built
2019-10-24T22:13:09.641Z - info: [6:13:09 AM] Reload for file change: D:\Teaching\CS2113\AY1920Sem1\website\admin\project-w11-v13.md
2019-10-24T22:13:10.647Z - info: Rebuilding affected source files
2019-10-24T22:13:10.650Z - info: Rebuilding 4 pages
2019-10-24T22:13:15.396Z - info: Pages rebuilt
2019-10-24T22:13:15.411Z - info: Site data built
2019-10-24T22:13:37.293Z - info: [6:13:37 AM] Reload for file change: D:\Teaching\CS2113\AY1920Sem1\website\admin\project-deliverables.md
2019-10-24T22:13:38.303Z - info: Rebuilding affected source files
2019-10-24T22:13:38.311Z - info: Rebuilding 22 pages
2019-10-24T22:13:58.071Z - info: Pages rebuilt
2019-10-24T22:13:58.092Z - info: Site data built
2019-10-24T22:16:57.056Z - info: [6:16:57 AM] Reload for file change: D:\Teaching\CS2113\AY1920Sem1\website\admin\project-deliverables.md
2019-10-24T22:16:58.062Z - info: Rebuilding affected source files
2019-10-24T22:16:58.071Z - info: Rebuilding 22 pages
2019-10-24T22:17:21.163Z - info: Pages rebuilt
2019-10-24T22:17:21.182Z - info: Site data built
2019-10-24T22:18:23.883Z - info: [6:18:23 AM] Reload for file change: D:\Teaching\CS2113\AY1920Sem1\website\admin\project-deliverables.md
2019-10-24T22:18:24.889Z - info: Rebuilding affected source files
2019-10-24T22:18:24.897Z - info: Rebuilding 22 pages
2019-10-24T22:18:43.059Z - info: Pages rebuilt
2019-10-24T22:18:43.076Z - info: Site data built
2019-10-24T22:30:09.230Z - info: [6:30:09 AM] Reload for file change: D:\Teaching\CS2113\AY1920Sem1\website\admin\project-deliverables.md
2019-10-24T22:30:09.261Z - info: [6:30:09 AM] Reload for file change: D:\Teaching\CS2113\AY1920Sem1\website\schedule\week11\notices-cs2113.md
2019-10-24T22:30:10.236Z - info: Rebuilding affected source files
2019-10-24T22:30:10.244Z - info: Rebuilding 23 pages
2019-10-24T22:30:23.247Z - info: [6:30:23 AM] Reload for file change: D:\Teaching\CS2113\AY1920Sem1\website\admin\project-deliverables.md
2019-10-24T22:30:29.643Z - info: Pages rebuilt
2019-10-24T22:30:29.664Z - info: Site data built
2019-10-24T22:30:29.754Z - info: Rebuilding affected source files
2019-10-24T22:30:29.764Z - info: Rebuilding 22 pages
2019-10-24T22:30:52.351Z - info: Pages rebuilt
2019-10-24T22:30:52.375Z - info: Site data built
2019-10-24T22:33:51.730Z - info: [6:33:51 AM] Reload for file change: D:\Teaching\CS2113\AY1920Sem1\website\admin\project-deliverables.md
2019-10-24T22:33:52.740Z - info: Rebuilding affected source files
2019-10-24T22:33:52.747Z - info: Rebuilding 22 pages
2019-10-24T22:34:12.326Z - info: Pages rebuilt
2019-10-24T22:34:12.354Z - info: Site data built
2019-10-24T22:35:20.618Z - info: [6:35:20 AM] Reload for file change: D:\Teaching\CS2113\AY1920Sem1\website\admin\project-deliverables.md
2019-10-24T22:35:21.624Z - info: Rebuilding affected source files
2019-10-24T22:35:21.634Z - info: Rebuilding 22 pages
2019-10-24T22:35:41.865Z - info: Pages rebuilt
2019-10-24T22:35:41.891Z - info: Site data built
2019-10-24T22:38:14.776Z - info: [6:38:14 AM] Reload for file change: D:\Teaching\CS2113\AY1920Sem1\website\admin\project-deliverables.md
2019-10-24T22:38:15.782Z - info: Rebuilding affected source files
2019-10-24T22:38:15.796Z - info: Rebuilding 22 pages
2019-10-24T22:38:35.941Z - info: Pages rebuilt
2019-10-24T22:38:35.967Z - info: Site data built
2019-10-24T22:40:24.872Z - info: [6:40:24 AM] Reload for file change: D:\Teaching\CS2113\AY1920Sem1\website\admin\project-deliverables.md
2019-10-24T22:40:25.882Z - info: Rebuilding affected source files
2019-10-24T22:40:25.914Z - info: Rebuilding 22 pages
2019-10-24T22:40:45.987Z - info: Pages rebuilt
2019-10-24T22:40:46.011Z - info: Site data built
2019-10-24T22:56:37.022Z - info: [6:56:37 AM] Reload for file change: D:\Teaching\CS2113\AY1920Sem1\website\admin\project-deliverables.md
2019-10-24T22:56:38.030Z - info: Rebuilding affected source files
2019-10-24T22:56:38.040Z - info: Rebuilding 22 pages
2019-10-24T22:56:57.888Z - info: Pages rebuilt
2019-10-24T22:56:57.917Z - info: Site data built
2019-10-24T23:08:11.755Z - info: [7:08:11 AM] Reload for file change: D:\Teaching\CS2113\AY1920Sem1\website\admin\project-w11-v13.md
2019-10-24T23:08:12.760Z - info: Rebuilding affected source files
2019-10-24T23:08:12.765Z - info: Rebuilding 4 pages
2019-10-24T23:08:20.588Z - info: Pages rebuilt
2019-10-24T23:08:20.606Z - info: Site data built
2019-10-24T23:09:31.618Z - info: [7:09:31 AM] Reload for file change: D:\Teaching\CS2113\AY1920Sem1\website\admin\project-w11-v13.md
2019-10-24T23:09:32.635Z - info: Rebuilding affected source files
2019-10-24T23:09:32.639Z - info: Rebuilding 4 pages
2019-10-24T23:09:39.016Z - info: Pages rebuilt
2019-10-24T23:09:39.028Z - info: Site data built
2019-10-24T23:10:11.085Z - info: [7:10:11 AM] Reload for file change: D:\Teaching\CS2113\AY1920Sem1\website\admin\project-w11-v13.md
2019-10-24T23:10:12.090Z - info: Rebuilding affected source files
2019-10-24T23:10:12.093Z - info: Rebuilding 4 pages
2019-10-24T23:10:18.473Z - info: Pages rebuilt
2019-10-24T23:10:18.492Z - info: Site data built
2019-10-24T23:12:02.001Z - info: Website generation started at 7:12:00 AM
2019-10-24T23:12:03.366Z - info: Building assets...
2019-10-24T23:12:04.988Z - info: Assets built
2019-10-24T23:12:04.989Z - info: Generating pages...
2019-10-24T23:14:34.020Z - info: Pages built
2019-10-24T23:15:13.052Z - info: Website generation complete! Total build time: 192.734s
2019-10-24T23:15:13.054Z - info: Build success!
2019-10-24T23:15:13.061Z - info: Site data built
2019-10-24T23:15:56.670Z - info: Deployed!
2019-10-25T02:22:48.389Z - info: Website generation started at 10:22:47 AM
2019-10-25T02:22:49.329Z - info: Building assets...
2019-10-25T02:22:50.244Z - info: Assets built
2019-10-25T02:22:50.245Z - info: Generating pages...
2019-10-25T02:24:12.111Z - info: Pages built
2019-10-25T02:24:36.764Z - info: Website generation complete! Total build time: 109.168s
2019-10-25T02:24:36.765Z - info: Build success!
2019-10-25T02:24:36.771Z - info: Site data built
2019-10-25T02:25:04.369Z - info: Deployed!
2019-10-25T02:36:42.133Z - info: Website generation started at 10:36:41 AM
2019-10-25T02:36:43.013Z - info: Building assets...
2019-10-25T02:36:44.189Z - info: Assets built
2019-10-25T02:36:44.189Z - info: Generating pages...
2019-10-25T02:36:44.576Z - error:  Error: No such file: D:\Teaching\CS2113\AY1920Sem1\website\schedule\week11\project-testing.mbdf
Missing reference in D:\Teaching\CS2113\AY1920Sem1\website\schedule\week11\notices-cs2113.md
    at Parser._preprocess (C:\Users\anarayan\AppData\Roaming\npm\node_modules\markbind-cli\src\lib\markbind\src\parser.js:225:21)
    at element.children.element.children.map.e (C:\Users\anarayan\AppData\Roaming\npm\node_modules\markbind-cli\src\lib\markbind\src\parser.js:399:57)
    at Array.map (<anonymous>)
    at Parser._preprocess (C:\Users\anarayan\AppData\Roaming\npm\node_modules\markbind-cli\src\lib\markbind\src\parser.js:399:43)
    at element.children.element.children.map.e (C:\Users\anarayan\AppData\Roaming\npm\node_modules\markbind-cli\src\lib\markbind\src\parser.js:399:57)
    at Array.map (<anonymous>)
    at Parser._preprocess (C:\Users\anarayan\AppData\Roaming\npm\node_modules\markbind-cli\src\lib\markbind\src\parser.js:399:43)
    at element.children.element.children.map.e (C:\Users\anarayan\AppData\Roaming\npm\node_modules\markbind-cli\src\lib\markbind\src\parser.js:382:57)
    at Array.map (<anonymous>)
    at Parser._preprocess (C:\Users\anarayan\AppData\Roaming\npm\node_modules\markbind-cli\src\lib\markbind\src\parser.js:382:43)
    at element.children.element.children.map.e (C:\Users\anarayan\AppData\Roaming\npm\node_modules\markbind-cli\src\lib\markbind\src\parser.js:399:57)
    at Array.map (<anonymous>)
    at Parser._preprocess (C:\Users\anarayan\AppData\Roaming\npm\node_modules\markbind-cli\src\lib\markbind\src\parser.js:399:43)
    at element.children.element.children.map.e (C:\Users\anarayan\AppData\Roaming\npm\node_modules\markbind-cli\src\lib\markbind\src\parser.js:382:57)
    at Array.map (<anonymous>)
    at Parser._preprocess (C:\Users\anarayan\AppData\Roaming\npm\node_modules\markbind-cli\src\lib\markbind\src\parser.js:382:43)
2019-10-25T02:36:47.115Z - error:  Error: No such file: D:\Teaching\CS2113\AY1920Sem1\website\schedule\week11\project-testing.mbdf
Missing reference in D:\Teaching\CS2113\AY1920Sem1\website\schedule\week11\notices-cs2113.md
    at Parser._preprocess (C:\Users\anarayan\AppData\Roaming\npm\node_modules\markbind-cli\src\lib\markbind\src\parser.js:225:21)
    at element.children.element.children.map.e (C:\Users\anarayan\AppData\Roaming\npm\node_modules\markbind-cli\src\lib\markbind\src\parser.js:399:57)
    at Array.map (<anonymous>)
    at Parser._preprocess (C:\Users\anarayan\AppData\Roaming\npm\node_modules\markbind-cli\src\lib\markbind\src\parser.js:399:43)
    at element.children.element.children.map.e (C:\Users\anarayan\AppData\Roaming\npm\node_modules\markbind-cli\src\lib\markbind\src\parser.js:399:57)
    at Array.map (<anonymous>)
    at Parser._preprocess (C:\Users\anarayan\AppData\Roaming\npm\node_modules\markbind-cli\src\lib\markbind\src\parser.js:399:43)
    at element.children.element.children.map.e (C:\Users\anarayan\AppData\Roaming\npm\node_modules\markbind-cli\src\lib\markbind\src\parser.js:382:57)
    at Array.map (<anonymous>)
    at Parser._preprocess (C:\Users\anarayan\AppData\Roaming\npm\node_modules\markbind-cli\src\lib\markbind\src\parser.js:382:43)
    at dom.map (C:\Users\anarayan\AppData\Roaming\npm\node_modules\markbind-cli\src\lib\markbind\src\parser.js:567:28)
    at Array.map (<anonymous>)
    at DomHandler.htmlparser.DomHandler [as _callback] (C:\Users\anarayan\AppData\Roaming\npm\node_modules\markbind-cli\src\lib\markbind\src\parser.js:564:25)
    at DomHandler._handleCallback.DomHandler.onerror (C:\Users\anarayan\AppData\Roaming\npm\node_modules\markbind-cli\node_modules\domhandler\index.js:52:8)
    at DomHandler.onend (C:\Users\anarayan\AppData\Roaming\npm\node_modules\markbind-cli\node_modules\domhandler\index.js:46:7)
    at Parser.onend (C:\Users\anarayan\AppData\Roaming\npm\node_modules\markbind-cli\node_modules\htmlparser2\lib\Parser.js:310:32)
2019-10-25T02:37:19.906Z - error:  Error: No such file: D:\Teaching\CS2113\AY1920Sem1\website\schedule\week11\project-testing.mbdf
Missing reference in D:\Teaching\CS2113\AY1920Sem1\website\schedule\week11\notices-cs2113.md
    at Parser._preprocess (C:\Users\anarayan\AppData\Roaming\npm\node_modules\markbind-cli\src\lib\markbind\src\parser.js:225:21)
    at element.children.element.children.map.e (C:\Users\anarayan\AppData\Roaming\npm\node_modules\markbind-cli\src\lib\markbind\src\parser.js:399:57)
    at Array.map (<anonymous>)
    at Parser._preprocess (C:\Users\anarayan\AppData\Roaming\npm\node_modules\markbind-cli\src\lib\markbind\src\parser.js:399:43)
    at element.children.element.children.map.e (C:\Users\anarayan\AppData\Roaming\npm\node_modules\markbind-cli\src\lib\markbind\src\parser.js:399:57)
    at Array.map (<anonymous>)
    at Parser._preprocess (C:\Users\anarayan\AppData\Roaming\npm\node_modules\markbind-cli\src\lib\markbind\src\parser.js:399:43)
    at element.children.element.children.map.e (C:\Users\anarayan\AppData\Roaming\npm\node_modules\markbind-cli\src\lib\markbind\src\parser.js:382:57)
    at Array.map (<anonymous>)
    at Parser._preprocess (C:\Users\anarayan\AppData\Roaming\npm\node_modules\markbind-cli\src\lib\markbind\src\parser.js:382:43)
    at element.children.element.children.map.e (C:\Users\anarayan\AppData\Roaming\npm\node_modules\markbind-cli\src\lib\markbind\src\parser.js:399:57)
    at Array.map (<anonymous>)
    at Parser._preprocess (C:\Users\anarayan\AppData\Roaming\npm\node_modules\markbind-cli\src\lib\markbind\src\parser.js:399:43)
    at element.children.element.children.map.e (C:\Users\anarayan\AppData\Roaming\npm\node_modules\markbind-cli\src\lib\markbind\src\parser.js:382:57)
    at Array.map (<anonymous>)
    at Parser._preprocess (C:\Users\anarayan\AppData\Roaming\npm\node_modules\markbind-cli\src\lib\markbind\src\parser.js:382:43)
2019-10-25T02:38:16.701Z - info: Pages built
2019-10-25T02:38:36.611Z - info: Website generation complete! Total build time: 115.256s
2019-10-25T02:38:36.664Z - info: Serving "D:\Teaching\CS2113\AY1920Sem1\website\_site" at http://127.0.0.1:8080
2019-10-25T02:38:36.664Z - info: Press CTRL+C to stop ...
2019-10-25T02:38:36.683Z - info: Site data built
2019-10-25T02:39:16.032Z - info: [10:39:16 AM] Reload for file change: D:\Teaching\CS2113\AY1920Sem1\website\admin\project-deliverables.md
2019-10-25T02:39:17.039Z - info: Rebuilding affected source files
2019-10-25T02:39:17.051Z - info: Rebuilding 24 pages
2019-10-25T02:39:17.520Z - error:  Error: No such file: D:\Teaching\CS2113\AY1920Sem1\admin\project-testing.mbdf
Missing reference in D:\Teaching\CS2113\AY1920Sem1\website\admin\project-deliverables.md
    at Parser._preprocess (C:\Users\anarayan\AppData\Roaming\npm\node_modules\markbind-cli\src\lib\markbind\src\parser.js:225:21)
    at element.children.element.children.map.e (C:\Users\anarayan\AppData\Roaming\npm\node_modules\markbind-cli\src\lib\markbind\src\parser.js:399:57)
    at Array.map (<anonymous>)
    at Parser._preprocess (C:\Users\anarayan\AppData\Roaming\npm\node_modules\markbind-cli\src\lib\markbind\src\parser.js:399:43)
    at element.children.element.children.map.e (C:\Users\anarayan\AppData\Roaming\npm\node_modules\markbind-cli\src\lib\markbind\src\parser.js:382:57)
    at Array.map (<anonymous>)
    at Parser._preprocess (C:\Users\anarayan\AppData\Roaming\npm\node_modules\markbind-cli\src\lib\markbind\src\parser.js:382:43)
    at element.children.element.children.map.e (C:\Users\anarayan\AppData\Roaming\npm\node_modules\markbind-cli\src\lib\markbind\src\parser.js:399:57)
    at Array.map (<anonymous>)
    at Parser._preprocess (C:\Users\anarayan\AppData\Roaming\npm\node_modules\markbind-cli\src\lib\markbind\src\parser.js:399:43)
    at element.children.element.children.map.e (C:\Users\anarayan\AppData\Roaming\npm\node_modules\markbind-cli\src\lib\markbind\src\parser.js:399:57)
    at Array.map (<anonymous>)
    at Parser._preprocess (C:\Users\anarayan\AppData\Roaming\npm\node_modules\markbind-cli\src\lib\markbind\src\parser.js:399:43)
    at element.children.element.children.map.e (C:\Users\anarayan\AppData\Roaming\npm\node_modules\markbind-cli\src\lib\markbind\src\parser.js:399:57)
    at Array.map (<anonymous>)
    at Parser._preprocess (C:\Users\anarayan\AppData\Roaming\npm\node_modules\markbind-cli\src\lib\markbind\src\parser.js:399:43)
2019-10-25T02:39:18.110Z - error:  Error: No such file: D:\Teaching\CS2113\AY1920Sem1\admin\project-testing.mbdf
Missing reference in D:\Teaching\CS2113\AY1920Sem1\website\admin\project-deliverables.md
    at Parser._preprocess (C:\Users\anarayan\AppData\Roaming\npm\node_modules\markbind-cli\src\lib\markbind\src\parser.js:225:21)
    at element.children.element.children.map.e (C:\Users\anarayan\AppData\Roaming\npm\node_modules\markbind-cli\src\lib\markbind\src\parser.js:399:57)
    at Array.map (<anonymous>)
    at Parser._preprocess (C:\Users\anarayan\AppData\Roaming\npm\node_modules\markbind-cli\src\lib\markbind\src\parser.js:399:43)
    at element.children.element.children.map.e (C:\Users\anarayan\AppData\Roaming\npm\node_modules\markbind-cli\src\lib\markbind\src\parser.js:382:57)
    at Array.map (<anonymous>)
    at Parser._preprocess (C:\Users\anarayan\AppData\Roaming\npm\node_modules\markbind-cli\src\lib\markbind\src\parser.js:382:43)
    at element.children.element.children.map.e (C:\Users\anarayan\AppData\Roaming\npm\node_modules\markbind-cli\src\lib\markbind\src\parser.js:399:57)
    at Array.map (<anonymous>)
    at Parser._preprocess (C:\Users\anarayan\AppData\Roaming\npm\node_modules\markbind-cli\src\lib\markbind\src\parser.js:399:43)
    at element.children.element.children.map.e (C:\Users\anarayan\AppData\Roaming\npm\node_modules\markbind-cli\src\lib\markbind\src\parser.js:399:57)
    at Array.map (<anonymous>)
    at Parser._preprocess (C:\Users\anarayan\AppData\Roaming\npm\node_modules\markbind-cli\src\lib\markbind\src\parser.js:399:43)
    at element.children.element.children.map.e (C:\Users\anarayan\AppData\Roaming\npm\node_modules\markbind-cli\src\lib\markbind\src\parser.js:399:57)
    at Array.map (<anonymous>)
    at Parser._preprocess (C:\Users\anarayan\AppData\Roaming\npm\node_modules\markbind-cli\src\lib\markbind\src\parser.js:399:43)
2019-10-25T02:39:20.499Z - error:  Error: No such file: D:\Teaching\CS2113\AY1920Sem1\admin\project-testing.mbdf
Missing reference in D:\Teaching\CS2113\AY1920Sem1\website\admin\project-deliverables.md
    at Parser._preprocess (C:\Users\anarayan\AppData\Roaming\npm\node_modules\markbind-cli\src\lib\markbind\src\parser.js:225:21)
    at element.children.element.children.map.e (C:\Users\anarayan\AppData\Roaming\npm\node_modules\markbind-cli\src\lib\markbind\src\parser.js:399:57)
    at Array.map (<anonymous>)
    at Parser._preprocess (C:\Users\anarayan\AppData\Roaming\npm\node_modules\markbind-cli\src\lib\markbind\src\parser.js:399:43)
    at element.children.element.children.map.e (C:\Users\anarayan\AppData\Roaming\npm\node_modules\markbind-cli\src\lib\markbind\src\parser.js:382:57)
    at Array.map (<anonymous>)
    at Parser._preprocess (C:\Users\anarayan\AppData\Roaming\npm\node_modules\markbind-cli\src\lib\markbind\src\parser.js:382:43)
    at element.children.element.children.map.e (C:\Users\anarayan\AppData\Roaming\npm\node_modules\markbind-cli\src\lib\markbind\src\parser.js:399:57)
    at Array.map (<anonymous>)
    at Parser._preprocess (C:\Users\anarayan\AppData\Roaming\npm\node_modules\markbind-cli\src\lib\markbind\src\parser.js:399:43)
    at element.children.element.children.map.e (C:\Users\anarayan\AppData\Roaming\npm\node_modules\markbind-cli\src\lib\markbind\src\parser.js:399:57)
    at Array.map (<anonymous>)
    at Parser._preprocess (C:\Users\anarayan\AppData\Roaming\npm\node_modules\markbind-cli\src\lib\markbind\src\parser.js:399:43)
    at element.children.element.children.map.e (C:\Users\anarayan\AppData\Roaming\npm\node_modules\markbind-cli\src\lib\markbind\src\parser.js:399:57)
    at Array.map (<anonymous>)
    at Parser._preprocess (C:\Users\anarayan\AppData\Roaming\npm\node_modules\markbind-cli\src\lib\markbind\src\parser.js:399:43)
2019-10-25T02:39:21.482Z - error:  Error: No such file: D:\Teaching\CS2113\AY1920Sem1\admin\project-testing.mbdf
Missing reference in D:\Teaching\CS2113\AY1920Sem1\website\admin\project-deliverables.md
    at Parser._preprocess (C:\Users\anarayan\AppData\Roaming\npm\node_modules\markbind-cli\src\lib\markbind\src\parser.js:225:21)
    at element.children.element.children.map.e (C:\Users\anarayan\AppData\Roaming\npm\node_modules\markbind-cli\src\lib\markbind\src\parser.js:399:57)
    at Array.map (<anonymous>)
    at Parser._preprocess (C:\Users\anarayan\AppData\Roaming\npm\node_modules\markbind-cli\src\lib\markbind\src\parser.js:399:43)
    at element.children.element.children.map.e (C:\Users\anarayan\AppData\Roaming\npm\node_modules\markbind-cli\src\lib\markbind\src\parser.js:399:57)
    at Array.map (<anonymous>)
    at Parser._preprocess (C:\Users\anarayan\AppData\Roaming\npm\node_modules\markbind-cli\src\lib\markbind\src\parser.js:399:43)
    at element.children.element.children.map.e (C:\Users\anarayan\AppData\Roaming\npm\node_modules\markbind-cli\src\lib\markbind\src\parser.js:399:57)
    at Array.map (<anonymous>)
    at Parser._preprocess (C:\Users\anarayan\AppData\Roaming\npm\node_modules\markbind-cli\src\lib\markbind\src\parser.js:399:43)
    at element.children.element.children.map.e (C:\Users\anarayan\AppData\Roaming\npm\node_modules\markbind-cli\src\lib\markbind\src\parser.js:399:57)
    at Array.map (<anonymous>)
    at Parser._preprocess (C:\Users\anarayan\AppData\Roaming\npm\node_modules\markbind-cli\src\lib\markbind\src\parser.js:399:43)
    at dom.map (C:\Users\anarayan\AppData\Roaming\npm\node_modules\markbind-cli\src\lib\markbind\src\parser.js:567:28)
    at Array.map (<anonymous>)
    at DomHandler.htmlparser.DomHandler [as _callback] (C:\Users\anarayan\AppData\Roaming\npm\node_modules\markbind-cli\src\lib\markbind\src\parser.js:564:25)
2019-10-25T02:39:25.577Z - error:  Error: No such file: D:\Teaching\CS2113\AY1920Sem1\admin\project-testing.mbdf
Missing reference in D:\Teaching\CS2113\AY1920Sem1\website\admin\project-deliverables.md
    at Parser._preprocess (C:\Users\anarayan\AppData\Roaming\npm\node_modules\markbind-cli\src\lib\markbind\src\parser.js:225:21)
    at element.children.element.children.map.e (C:\Users\anarayan\AppData\Roaming\npm\node_modules\markbind-cli\src\lib\markbind\src\parser.js:399:57)
    at Array.map (<anonymous>)
    at Parser._preprocess (C:\Users\anarayan\AppData\Roaming\npm\node_modules\markbind-cli\src\lib\markbind\src\parser.js:399:43)
    at element.children.element.children.map.e (C:\Users\anarayan\AppData\Roaming\npm\node_modules\markbind-cli\src\lib\markbind\src\parser.js:382:57)
    at Array.map (<anonymous>)
    at Parser._preprocess (C:\Users\anarayan\AppData\Roaming\npm\node_modules\markbind-cli\src\lib\markbind\src\parser.js:382:43)
    at element.children.element.children.map.e (C:\Users\anarayan\AppData\Roaming\npm\node_modules\markbind-cli\src\lib\markbind\src\parser.js:399:57)
    at Array.map (<anonymous>)
    at Parser._preprocess (C:\Users\anarayan\AppData\Roaming\npm\node_modules\markbind-cli\src\lib\markbind\src\parser.js:399:43)
    at element.children.element.children.map.e (C:\Users\anarayan\AppData\Roaming\npm\node_modules\markbind-cli\src\lib\markbind\src\parser.js:399:57)
    at Array.map (<anonymous>)
    at Parser._preprocess (C:\Users\anarayan\AppData\Roaming\npm\node_modules\markbind-cli\src\lib\markbind\src\parser.js:399:43)
    at element.children.element.children.map.e (C:\Users\anarayan\AppData\Roaming\npm\node_modules\markbind-cli\src\lib\markbind\src\parser.js:399:57)
    at Array.map (<anonymous>)
    at Parser._preprocess (C:\Users\anarayan\AppData\Roaming\npm\node_modules\markbind-cli\src\lib\markbind\src\parser.js:399:43)
2019-10-25T02:39:26.320Z - error:  Error: No such file: D:\Teaching\CS2113\AY1920Sem1\admin\project-testing.mbdf
Missing reference in D:\Teaching\CS2113\AY1920Sem1\website\admin\project-deliverables.md
    at Parser._preprocess (C:\Users\anarayan\AppData\Roaming\npm\node_modules\markbind-cli\src\lib\markbind\src\parser.js:225:21)
    at element.children.element.children.map.e (C:\Users\anarayan\AppData\Roaming\npm\node_modules\markbind-cli\src\lib\markbind\src\parser.js:399:57)
    at Array.map (<anonymous>)
    at Parser._preprocess (C:\Users\anarayan\AppData\Roaming\npm\node_modules\markbind-cli\src\lib\markbind\src\parser.js:399:43)
    at element.children.element.children.map.e (C:\Users\anarayan\AppData\Roaming\npm\node_modules\markbind-cli\src\lib\markbind\src\parser.js:399:57)
    at Array.map (<anonymous>)
    at Parser._preprocess (C:\Users\anarayan\AppData\Roaming\npm\node_modules\markbind-cli\src\lib\markbind\src\parser.js:399:43)
    at element.children.element.children.map.e (C:\Users\anarayan\AppData\Roaming\npm\node_modules\markbind-cli\src\lib\markbind\src\parser.js:399:57)
    at Array.map (<anonymous>)
    at Parser._preprocess (C:\Users\anarayan\AppData\Roaming\npm\node_modules\markbind-cli\src\lib\markbind\src\parser.js:399:43)
    at element.children.element.children.map.e (C:\Users\anarayan\AppData\Roaming\npm\node_modules\markbind-cli\src\lib\markbind\src\parser.js:399:57)
    at Array.map (<anonymous>)
    at Parser._preprocess (C:\Users\anarayan\AppData\Roaming\npm\node_modules\markbind-cli\src\lib\markbind\src\parser.js:399:43)
    at dom.map (C:\Users\anarayan\AppData\Roaming\npm\node_modules\markbind-cli\src\lib\markbind\src\parser.js:567:28)
    at Array.map (<anonymous>)
    at DomHandler.htmlparser.DomHandler [as _callback] (C:\Users\anarayan\AppData\Roaming\npm\node_modules\markbind-cli\src\lib\markbind\src\parser.js:564:25)
2019-10-25T02:39:32.243Z - info: Pages rebuilt
2019-10-25T02:39:32.289Z - info: Site data built
2019-10-25T02:39:52.571Z - info: Website generation started at 10:39:51 AM
2019-10-25T02:39:53.422Z - info: Building assets...
2019-10-25T02:39:54.236Z - info: Assets built
2019-10-25T02:39:54.237Z - info: Generating pages...
2019-10-25T02:39:54.639Z - error:  Error: No such file: D:\Teaching\CS2113\AY1920Sem1\website\schedule\week11\project-testing.mbdf
Missing reference in D:\Teaching\CS2113\AY1920Sem1\website\schedule\week11\notices-cs2113.md
    at Parser._preprocess (C:\Users\anarayan\AppData\Roaming\npm\node_modules\markbind-cli\src\lib\markbind\src\parser.js:225:21)
    at element.children.element.children.map.e (C:\Users\anarayan\AppData\Roaming\npm\node_modules\markbind-cli\src\lib\markbind\src\parser.js:399:57)
    at Array.map (<anonymous>)
    at Parser._preprocess (C:\Users\anarayan\AppData\Roaming\npm\node_modules\markbind-cli\src\lib\markbind\src\parser.js:399:43)
    at element.children.element.children.map.e (C:\Users\anarayan\AppData\Roaming\npm\node_modules\markbind-cli\src\lib\markbind\src\parser.js:399:57)
    at Array.map (<anonymous>)
    at Parser._preprocess (C:\Users\anarayan\AppData\Roaming\npm\node_modules\markbind-cli\src\lib\markbind\src\parser.js:399:43)
    at element.children.element.children.map.e (C:\Users\anarayan\AppData\Roaming\npm\node_modules\markbind-cli\src\lib\markbind\src\parser.js:382:57)
    at Array.map (<anonymous>)
    at Parser._preprocess (C:\Users\anarayan\AppData\Roaming\npm\node_modules\markbind-cli\src\lib\markbind\src\parser.js:382:43)
    at element.children.element.children.map.e (C:\Users\anarayan\AppData\Roaming\npm\node_modules\markbind-cli\src\lib\markbind\src\parser.js:399:57)
    at Array.map (<anonymous>)
    at Parser._preprocess (C:\Users\anarayan\AppData\Roaming\npm\node_modules\markbind-cli\src\lib\markbind\src\parser.js:399:43)
    at element.children.element.children.map.e (C:\Users\anarayan\AppData\Roaming\npm\node_modules\markbind-cli\src\lib\markbind\src\parser.js:382:57)
    at Array.map (<anonymous>)
    at Parser._preprocess (C:\Users\anarayan\AppData\Roaming\npm\node_modules\markbind-cli\src\lib\markbind\src\parser.js:382:43)
2019-10-25T02:40:12.685Z - info: Website generation started at 10:40:12 AM
2019-10-25T02:40:13.552Z - info: Building assets...
2019-10-25T02:40:14.506Z - info: Assets built
2019-10-25T02:40:14.507Z - info: Generating pages...
2019-10-25T02:40:15.216Z - error:  Error: No such file: D:\Teaching\CS2113\AY1920Sem1\website\schedule\week11\project-testing.mbdf
Missing reference in D:\Teaching\CS2113\AY1920Sem1\website\schedule\week11\notices-cs2113.md
    at Parser._preprocess (C:\Users\anarayan\AppData\Roaming\npm\node_modules\markbind-cli\src\lib\markbind\src\parser.js:225:21)
    at element.children.element.children.map.e (C:\Users\anarayan\AppData\Roaming\npm\node_modules\markbind-cli\src\lib\markbind\src\parser.js:399:57)
    at Array.map (<anonymous>)
    at Parser._preprocess (C:\Users\anarayan\AppData\Roaming\npm\node_modules\markbind-cli\src\lib\markbind\src\parser.js:399:43)
    at element.children.element.children.map.e (C:\Users\anarayan\AppData\Roaming\npm\node_modules\markbind-cli\src\lib\markbind\src\parser.js:399:57)
    at Array.map (<anonymous>)
    at Parser._preprocess (C:\Users\anarayan\AppData\Roaming\npm\node_modules\markbind-cli\src\lib\markbind\src\parser.js:399:43)
    at element.children.element.children.map.e (C:\Users\anarayan\AppData\Roaming\npm\node_modules\markbind-cli\src\lib\markbind\src\parser.js:382:57)
    at Array.map (<anonymous>)
    at Parser._preprocess (C:\Users\anarayan\AppData\Roaming\npm\node_modules\markbind-cli\src\lib\markbind\src\parser.js:382:43)
    at element.children.element.children.map.e (C:\Users\anarayan\AppData\Roaming\npm\node_modules\markbind-cli\src\lib\markbind\src\parser.js:399:57)
    at Array.map (<anonymous>)
    at Parser._preprocess (C:\Users\anarayan\AppData\Roaming\npm\node_modules\markbind-cli\src\lib\markbind\src\parser.js:399:43)
    at element.children.element.children.map.e (C:\Users\anarayan\AppData\Roaming\npm\node_modules\markbind-cli\src\lib\markbind\src\parser.js:382:57)
    at Array.map (<anonymous>)
    at Parser._preprocess (C:\Users\anarayan\AppData\Roaming\npm\node_modules\markbind-cli\src\lib\markbind\src\parser.js:382:43)
2019-10-25T02:41:20.963Z - info: Website generation started at 10:41:20 AM
2019-10-25T02:41:21.817Z - info: Building assets...
2019-10-25T02:41:22.652Z - info: Assets built
2019-10-25T02:41:22.652Z - info: Generating pages...
2019-10-25T02:42:53.570Z - info: Pages built
2019-10-25T02:43:11.724Z - info: Website generation complete! Total build time: 111.087s
2019-10-25T02:43:11.761Z - info: Serving "D:\Teaching\CS2113\AY1920Sem1\website\_site" at http://127.0.0.1:8080
2019-10-25T02:43:11.761Z - info: Press CTRL+C to stop ...
2019-10-25T02:43:11.780Z - info: Site data built
2019-10-25T02:45:35.810Z - info: [10:45:35 AM] Reload for file change: D:\Teaching\CS2113\AY1920Sem1\website\schedule\week11\notices-cs2113.md
2019-10-25T02:45:36.820Z - info: Rebuilding affected source files
2019-10-25T02:45:36.824Z - info: Rebuilding 3 pages
2019-10-25T02:45:38.277Z - info: Pages rebuilt
2019-10-25T02:45:38.300Z - info: Site data built
2019-10-25T02:45:43.123Z - info: [10:45:43 AM] Reload for file change: D:\Teaching\CS2113\AY1920Sem1\website\schedule\week11\notices-cs2113.md
2019-10-25T02:45:44.128Z - info: Rebuilding affected source files
2019-10-25T02:45:44.132Z - info: Rebuilding 3 pages
2019-10-25T02:45:45.123Z - info: Pages rebuilt
2019-10-25T02:45:45.137Z - info: Site data built
2019-10-25T02:50:07.401Z - info: [10:50:07 AM] Reload for file change: D:\Teaching\CS2113\AY1920Sem1\website\admin\project-testing.mbdf
2019-10-25T02:50:08.410Z - info: Rebuilding affected source files
2019-10-25T02:50:08.415Z - info: Rebuilding 9 pages
2019-10-25T02:50:21.906Z - info: Pages rebuilt
2019-10-25T02:50:21.927Z - info: Site data built
2019-10-25T02:50:45.460Z - info: Website generation started at 10:50:43 AM
2019-10-25T02:50:47.932Z - info: Building assets...
