2019-09-29T14:21:43.580Z - info: Website generation started at 10:21:41 PM
2019-09-29T14:21:45.218Z - info: Building assets...
2019-09-29T14:21:46.720Z - info: Assets built
2019-09-29T14:21:46.722Z - info: Generating pages...
2019-09-29T14:24:10.379Z - info: Pages built
2019-09-29T14:24:34.802Z - info: Website generation complete! Total build time: 173.331s
2019-09-29T14:24:34.877Z - info: Serving "D:\Teaching\CS2113\AY1920Sem1\website\_site" at http://127.0.0.1:8080
2019-09-29T14:24:34.878Z - info: Press CTRL+C to stop ...
2019-09-29T14:24:34.900Z - info: Site data built
2019-09-29T14:24:35.781Z - info: [10:24:35 PM] Reload for file change: D:\Teaching\CS2113\AY1920Sem1\website\admin\project-w07-v11.md
2019-09-29T14:24:36.842Z - info: Rebuilding affected source files
2019-09-29T14:24:36.846Z - info: Rebuilding 4 pages
2019-09-29T14:25:00.287Z - info: Pages rebuilt
2019-09-29T14:25:00.412Z - info: Site data built
2019-09-29T14:25:02.116Z - info: [10:25:02 PM] Reload for file change: D:\Teaching\CS2113\AY1920Sem1\website\admin\project-w07-v11.md
2019-09-29T14:25:03.216Z - info: Rebuilding affected source files
2019-09-29T14:25:03.362Z - info: Rebuilding 4 pages
2019-09-29T14:25:08.877Z - info: Pages rebuilt
2019-09-29T14:25:08.893Z - info: Site data built
2019-09-29T14:25:15.087Z - info: [10:25:15 PM] Reload for file change: D:\Teaching\CS2113\AY1920Sem1\website\admin\project-w07-v11.md
2019-09-29T14:25:16.095Z - info: Rebuilding affected source files
2019-09-29T14:25:16.102Z - info: Rebuilding 4 pages
2019-09-29T14:25:20.340Z - info: Pages rebuilt
2019-09-29T14:25:20.351Z - info: Site data built
2019-09-29T14:25:47.008Z - info: [10:25:47 PM] Reload for file change: D:\Teaching\CS2113\AY1920Sem1\website\admin\project-w07-v11.md
2019-09-29T14:25:48.015Z - info: Rebuilding affected source files
2019-09-29T14:25:48.018Z - info: Rebuilding 4 pages
2019-09-29T14:25:52.997Z - info: Pages rebuilt
2019-09-29T14:25:53.014Z - info: Site data built
2019-09-29T14:26:19.695Z - info: [10:26:19 PM] Reload for file change: D:\Teaching\CS2113\AY1920Sem1\website\admin\project-w07-v11.md
2019-09-29T14:26:20.701Z - info: Rebuilding affected source files
2019-09-29T14:26:20.703Z - info: Rebuilding 4 pages
2019-09-29T14:26:25.685Z - info: Pages rebuilt
2019-09-29T14:26:25.701Z - info: Site data built
2019-09-29T14:27:14.811Z - info: [10:27:14 PM] Reload for file change: D:\Teaching\CS2113\AY1920Sem1\website\admin\project-w07-v11.md
2019-09-29T14:27:15.817Z - info: Rebuilding affected source files
2019-09-29T14:27:15.819Z - info: Rebuilding 4 pages
2019-09-29T14:27:21.291Z - info: Pages rebuilt
2019-09-29T14:27:21.308Z - info: Site data built
2019-09-29T14:30:19.332Z - info: Website generation started at 10:30:17 PM
2019-09-29T14:30:20.838Z - info: Building assets...
2019-09-29T14:30:22.369Z - info: Assets built
2019-09-29T14:30:22.371Z - info: Generating pages...
2019-09-29T14:32:49.736Z - info: Pages built
2019-09-29T14:33:24.223Z - info: Website generation complete! Total build time: 186.579s
2019-09-29T14:33:24.225Z - info: Build success!
2019-09-29T14:33:24.241Z - info: Site data built
2019-09-29T14:34:24.064Z - info: Deployed!
2019-09-29T14:35:11.955Z - info: Website generation started at 10:35:10 PM
2019-09-29T14:35:13.869Z - info: Building assets...
