2019-10-11T05:28:27.889Z - info: Website generation started at 1:28:23 PM
2019-10-11T05:28:29.810Z - info: Building assets...
2019-10-11T05:28:31.636Z - info: Assets built
2019-10-11T05:28:31.636Z - info: Generating pages...
2019-10-11T05:29:40.994Z - info: Pages built
2019-10-11T05:29:54.629Z - info: Website generation complete! Total build time: 90.705s
2019-10-11T05:29:55.009Z - info: Serving "E:\Teaching\CS2113\CS2113-AY1920Sem1\website\_site" at http://127.0.0.1:8080
2019-10-11T05:29:55.010Z - info: Press CTRL+C to stop ...
2019-10-11T05:29:55.035Z - info: Site data built
2019-10-11T05:30:48.575Z - info: Website generation started at 1:30:44 PM
2019-10-11T05:30:50.341Z - info: Building assets...
2019-10-11T05:30:52.010Z - info: Assets built
2019-10-11T05:30:52.011Z - info: Generating pages...
2019-10-11T05:32:05.747Z - info: Pages built
2019-10-11T05:32:19.924Z - info: Website generation complete! Total build time: 95.012s
2019-10-11T05:32:20.308Z - info: Serving "E:\Teaching\CS2113\CS2113-AY1920Sem1\website\_site" at http://127.0.0.1:8080
2019-10-11T05:32:20.309Z - info: Press CTRL+C to stop ...
2019-10-11T05:32:20.333Z - info: Site data built
2019-10-11T05:44:34.353Z - info: [1:44:34 PM] Reload for file change: E:\Teaching\CS2113\CS2113-AY1920Sem1\website\admin\project-w09-v12.md
2019-10-11T05:44:35.361Z - info: Rebuilding affected source files
2019-10-11T05:44:35.371Z - info: Rebuilding 4 pages
2019-10-11T05:44:37.914Z - info: Pages rebuilt
2019-10-11T05:44:37.925Z - info: Site data built
2019-10-11T05:44:48.357Z - info: [1:44:48 PM] Reload for file change: E:\Teaching\CS2113\CS2113-AY1920Sem1\website\admin\project-w09-v12.md
2019-10-11T05:44:49.359Z - info: Rebuilding affected source files
2019-10-11T05:44:49.361Z - info: Rebuilding 4 pages
2019-10-11T05:44:51.174Z - info: Pages rebuilt
2019-10-11T05:44:51.186Z - info: Site data built
2019-10-11T05:46:56.200Z - info: [1:46:56 PM] Reload for file change: E:\Teaching\CS2113\CS2113-AY1920Sem1\website\schedule\week9\notices-cs2113.md
2019-10-11T05:46:57.202Z - info: Rebuilding affected source files
2019-10-11T05:46:57.204Z - info: Rebuilding 3 pages
2019-10-11T05:46:57.523Z - info: Pages rebuilt
2019-10-11T05:46:57.534Z - info: Site data built
2019-10-11T05:48:49.967Z - info: [1:48:49 PM] Reload for file change: E:\Teaching\CS2113\CS2113-AY1920Sem1\website\admin\project-w09-v12.md
2019-10-11T05:48:50.969Z - info: Rebuilding affected source files
2019-10-11T05:48:50.972Z - info: Rebuilding 4 pages
2019-10-11T05:48:53.132Z - info: Pages rebuilt
2019-10-11T05:48:53.143Z - info: Site data built
2019-10-11T05:49:16.589Z - info: [1:49:16 PM] Reload for file change: E:\Teaching\CS2113\CS2113-AY1920Sem1\website\admin\project-w09-v12.md
2019-10-11T05:49:17.595Z - info: Rebuilding affected source files
2019-10-11T05:49:17.596Z - info: Rebuilding 4 pages
2019-10-11T05:49:19.597Z - info: Pages rebuilt
2019-10-11T05:49:19.608Z - info: Site data built
2019-10-11T05:51:26.823Z - info: [1:51:26 PM] Reload for file change: E:\Teaching\CS2113\CS2113-AY1920Sem1\website\admin\project-w09-v12.md
2019-10-11T05:51:27.826Z - info: Rebuilding affected source files
2019-10-11T05:51:27.828Z - info: Rebuilding 4 pages
2019-10-11T05:51:29.951Z - info: Pages rebuilt
2019-10-11T05:51:29.963Z - info: Site data built
2019-10-11T05:56:26.864Z - info: [1:56:26 PM] Reload for file change: E:\Teaching\CS2113\CS2113-AY1920Sem1\website\admin\project-w09-v12.md
2019-10-11T05:56:27.870Z - info: Rebuilding affected source files
2019-10-11T05:56:27.875Z - info: Rebuilding 4 pages
2019-10-11T05:56:30.157Z - info: Pages rebuilt
2019-10-11T05:56:30.169Z - info: Site data built
2019-10-11T05:56:49.276Z - info: [1:56:49 PM] Reload for file change: E:\Teaching\CS2113\CS2113-AY1920Sem1\website\admin\project-w09-v12.md
2019-10-11T05:56:50.278Z - info: Rebuilding affected source files
2019-10-11T05:56:50.280Z - info: Rebuilding 4 pages
2019-10-11T05:56:52.381Z - info: Pages rebuilt
2019-10-11T05:56:52.394Z - info: Site data built
2019-10-11T05:57:23.179Z - info: [1:57:23 PM] Reload for file change: E:\Teaching\CS2113\CS2113-AY1920Sem1\website\schedule\week9\notices-cs2113.md
2019-10-11T05:57:24.181Z - info: Rebuilding affected source files
2019-10-11T05:57:24.182Z - info: Rebuilding 3 pages
2019-10-11T05:57:24.534Z - info: Pages rebuilt
2019-10-11T05:57:24.547Z - info: Site data built
2019-10-11T05:58:19.998Z - info: [1:58:19 PM] Reload for file change: E:\Teaching\CS2113\CS2113-AY1920Sem1\website\schedule\week9\tutorial-cs2113.md
2019-10-11T05:58:21.000Z - info: Rebuilding affected source files
2019-10-11T05:58:21.001Z - info: Rebuilding 1 pages
2019-10-11T05:58:21.147Z - info: Pages rebuilt
2019-10-11T05:58:21.155Z - info: Site data built
2019-10-11T05:59:14.903Z - info: [1:59:14 PM] Reload for file change: E:\Teaching\CS2113\CS2113-AY1920Sem1\website\schedule\week9\notices-cs2113.md
2019-10-11T05:59:15.904Z - info: Rebuilding affected source files
2019-10-11T05:59:15.906Z - info: Rebuilding 3 pages
2019-10-11T05:59:16.148Z - info: Pages rebuilt
2019-10-11T05:59:16.157Z - info: Site data built
2019-10-11T06:09:30.722Z - info: Website generation started at 2:09:24 PM
2019-10-11T06:09:33.565Z - info: Building assets...
