2019-10-12T03:10:32.561Z - info: Website generation started at 11:10:31 AM
2019-10-12T03:10:33.712Z - info: Building assets...
2019-10-12T03:10:34.960Z - info: Assets built
2019-10-12T03:10:34.960Z - info: Generating pages...
2019-10-12T03:11:52.365Z - info: Pages built
2019-10-12T03:12:11.050Z - info: Website generation complete! Total build time: 99.661s
2019-10-12T03:12:11.107Z - info: Serving "D:\Teaching\CS2113\AY1920Sem1\website\_site" at http://127.0.0.1:8080
2019-10-12T03:12:11.108Z - info: Press CTRL+C to stop ...
2019-10-12T03:12:11.142Z - info: Site data built
2019-10-12T03:13:06.594Z - info: [11:13:06 AM] Reload for file change: D:\Teaching\CS2113\AY1920Sem1\website\admin\project-w10-mid-v13.md
2019-10-12T03:13:07.600Z - info: Rebuilding affected source files
2019-10-12T03:13:07.605Z - info: Rebuilding 4 pages
2019-10-12T03:13:16.368Z - info: Pages rebuilt
2019-10-12T03:13:16.408Z - info: Site data built
2019-10-12T03:14:24.176Z - info: [11:14:24 AM] Reload for file change: D:\Teaching\CS2113\AY1920Sem1\website\schedule\week10\notices-cs2113.md
2019-10-12T03:14:25.179Z - info: Rebuilding affected source files
2019-10-12T03:14:25.184Z - info: Rebuilding 1 pages
2019-10-12T03:14:25.361Z - info: Pages rebuilt
2019-10-12T03:14:25.365Z - info: Site data built
2019-10-12T03:15:49.716Z - info: [11:15:49 AM] Reload for file change: D:\Teaching\CS2113\AY1920Sem1\website\schedule\week10\notices-cs2113.md
2019-10-12T03:15:50.716Z - info: Rebuilding affected source files
2019-10-12T03:15:50.718Z - info: Rebuilding 1 pages
2019-10-12T03:15:50.807Z - info: Pages rebuilt
2019-10-12T03:15:50.813Z - info: Site data built
2019-10-12T03:16:52.086Z - info: [11:16:52 AM] Reload for file change: D:\Teaching\CS2113\AY1920Sem1\website\admin\reposenseCompatibility.md
2019-10-12T03:16:53.091Z - info: Rebuilding affected source files
2019-10-12T03:16:53.093Z - info: Rebuilding 8 pages
2019-10-12T03:16:56.105Z - info: Pages rebuilt
2019-10-12T03:16:56.111Z - info: Site data built
2019-10-12T03:20:53.849Z - info: [11:20:53 AM] Reload for file change: D:\Teaching\CS2113\AY1920Sem1\website\schedule\week10\notices-cs2113.md
2019-10-12T03:20:54.851Z - info: Rebuilding affected source files
2019-10-12T03:20:54.853Z - info: Rebuilding 1 pages
2019-10-12T03:20:54.985Z - info: Pages rebuilt
2019-10-12T03:20:54.991Z - info: Site data built
2019-10-12T03:23:33.176Z - info: [11:23:33 AM] Reload for file change: D:\Teaching\CS2113\AY1920Sem1\website\admin\reposenseConfigTemplates.md
2019-10-12T03:23:34.177Z - info: Rebuilding affected source files
2019-10-12T03:23:34.178Z - info: Rebuilding 1 pages
2019-10-12T03:23:34.247Z - info: Pages rebuilt
2019-10-12T03:23:34.252Z - info: Site data built
2019-10-12T03:23:47.040Z - info: [11:23:47 AM] Reload for file change: D:\Teaching\CS2113\AY1920Sem1\website\admin\reposenseConfigTemplates.md
2019-10-12T03:23:48.049Z - info: Rebuilding affected source files
2019-10-12T03:23:48.051Z - info: Rebuilding 1 pages
2019-10-12T03:23:48.154Z - info: Pages rebuilt
2019-10-12T03:23:48.159Z - info: Site data built
2019-10-12T03:26:37.068Z - info: [11:26:37 AM] Reload for file change: D:\Teaching\CS2113\AY1920Sem1\website\admin\reposenseConfigTemplates.md
2019-10-12T03:26:38.068Z - info: Rebuilding affected source files
2019-10-12T03:26:38.070Z - info: Rebuilding 1 pages
2019-10-12T03:26:38.128Z - info: Pages rebuilt
2019-10-12T03:26:38.134Z - info: Site data built
2019-10-12T03:27:00.376Z - info: [11:27:00 AM] Reload for file change: D:\Teaching\CS2113\AY1920Sem1\website\admin\reposenseConfigTemplates.md
2019-10-12T03:27:01.380Z - info: Rebuilding affected source files
2019-10-12T03:27:01.383Z - info: Rebuilding 1 pages
2019-10-12T03:27:01.454Z - info: Pages rebuilt
2019-10-12T03:27:01.459Z - info: Site data built
2019-10-12T03:27:09.801Z - info: [11:27:09 AM] Reload for file change: D:\Teaching\CS2113\AY1920Sem1\website\admin\reposenseConfigTemplates.md
2019-10-12T03:27:10.803Z - info: Rebuilding affected source files
2019-10-12T03:27:10.804Z - info: Rebuilding 1 pages
2019-10-12T03:27:10.862Z - info: Pages rebuilt
2019-10-12T03:27:10.869Z - info: Site data built
2019-10-12T03:27:30.219Z - info: [11:27:30 AM] Reload for file change: D:\Teaching\CS2113\AY1920Sem1\website\admin\reposenseConfigTemplates.md
2019-10-12T03:27:31.223Z - info: Rebuilding affected source files
2019-10-12T03:27:31.225Z - info: Rebuilding 1 pages
2019-10-12T03:27:31.273Z - info: Pages rebuilt
2019-10-12T03:27:31.277Z - info: Site data built
2019-10-12T03:27:59.658Z - info: [11:27:59 AM] Reload for file change: D:\Teaching\CS2113\AY1920Sem1\website\admin\reposenseConfigTemplates.md
2019-10-12T03:28:00.660Z - info: Rebuilding affected source files
2019-10-12T03:28:00.662Z - info: Rebuilding 1 pages
2019-10-12T03:28:00.753Z - info: Pages rebuilt
2019-10-12T03:28:00.758Z - info: Site data built
2019-10-12T03:28:39.403Z - info: [11:28:39 AM] Reload for file change: D:\Teaching\CS2113\AY1920Sem1\website\admin\reposenseConfigTemplates.md
2019-10-12T03:28:40.408Z - info: Rebuilding affected source files
2019-10-12T03:28:40.411Z - info: Rebuilding 1 pages
2019-10-12T03:28:40.491Z - info: Pages rebuilt
2019-10-12T03:28:40.497Z - info: Site data built
2019-10-12T03:31:53.938Z - info: [11:31:53 AM] Reload for file change: D:\Teaching\CS2113\AY1920Sem1\website\admin\reposenseConfigTemplates.md
2019-10-12T03:31:53.958Z - info: [11:31:53 AM] Reload for file change: D:\Teaching\CS2113\AY1920Sem1\website\admin\reposenseCompatibility.md
2019-10-12T03:31:54.942Z - info: Rebuilding affected source files
2019-10-12T03:31:54.952Z - info: Rebuilding 9 pages
2019-10-12T03:31:58.179Z - info: Pages rebuilt
2019-10-12T03:31:58.196Z - info: Site data built
2019-10-12T03:33:21.882Z - info: [11:33:21 AM] Reload for file change: D:\Teaching\CS2113\AY1920Sem1\website\admin\reposenseCompatibility.md
2019-10-12T03:33:22.885Z - info: Rebuilding affected source files
2019-10-12T03:33:22.887Z - info: Rebuilding 8 pages
2019-10-12T03:33:26.053Z - info: Pages rebuilt
2019-10-12T03:33:26.065Z - info: Site data built
2019-10-12T03:38:22.685Z - info: [11:38:22 AM] Reload for file change: D:\Teaching\CS2113\AY1920Sem1\website\admin\reposenseCompatibility.md
2019-10-12T03:38:23.692Z - info: Rebuilding affected source files
2019-10-12T03:38:23.695Z - info: Rebuilding 8 pages
2019-10-12T03:38:26.853Z - info: Pages rebuilt
2019-10-12T03:38:26.875Z - info: Site data built
2019-10-12T03:39:26.846Z - info: [11:39:26 AM] Reload for file change: D:\Teaching\CS2113\AY1920Sem1\website\admin\reposenseCompatibility.md
2019-10-12T03:39:27.850Z - info: Rebuilding affected source files
2019-10-12T03:39:27.852Z - info: Rebuilding 8 pages
2019-10-12T03:39:31.006Z - info: Pages rebuilt
2019-10-12T03:39:31.035Z - info: Site data built
2019-10-12T03:39:57.465Z - info: [11:39:57 AM] Reload for file change: D:\Teaching\CS2113\AY1920Sem1\website\admin\reposenseCompatibility.md
2019-10-12T03:39:58.469Z - info: Rebuilding affected source files
2019-10-12T03:39:58.471Z - info: Rebuilding 8 pages
2019-10-12T03:40:01.552Z - info: Pages rebuilt
2019-10-12T03:40:01.581Z - info: Site data built
2019-10-12T03:41:16.362Z - info: [11:41:16 AM] Reload for file change: D:\Teaching\CS2113\AY1920Sem1\website\admin\reposenseCompatibility.md
2019-10-12T03:41:17.363Z - info: Rebuilding affected source files
2019-10-12T03:41:17.365Z - info: Rebuilding 8 pages
2019-10-12T03:41:20.841Z - info: Pages rebuilt
2019-10-12T03:41:20.868Z - info: Site data built
2019-10-12T03:41:54.260Z - info: [11:41:54 AM] Reload for file change: D:\Teaching\CS2113\AY1920Sem1\website\admin\reposenseCompatibility.md
2019-10-12T03:41:55.263Z - info: Rebuilding affected source files
2019-10-12T03:41:55.268Z - info: Rebuilding 8 pages
2019-10-12T03:41:58.416Z - info: Pages rebuilt
2019-10-12T03:41:58.440Z - info: Site data built
2019-10-12T03:47:22.649Z - info: [11:47:22 AM] Reload for file change: D:\Teaching\CS2113\AY1920Sem1\website\admin\reposenseCompatibility.md
2019-10-12T03:47:23.654Z - info: Rebuilding affected source files
2019-10-12T03:47:23.657Z - info: Rebuilding 8 pages
2019-10-12T03:47:26.736Z - info: Pages rebuilt
2019-10-12T03:47:26.767Z - info: Site data built
2019-10-12T03:48:16.246Z - info: [11:48:16 AM] Reload for file change: D:\Teaching\CS2113\AY1920Sem1\website\admin\reposenseCompatibility.md
2019-10-12T03:48:17.249Z - info: Rebuilding affected source files
2019-10-12T03:48:17.251Z - info: Rebuilding 8 pages
2019-10-12T03:48:20.544Z - info: Pages rebuilt
2019-10-12T03:48:20.578Z - info: Site data built
2019-10-12T03:50:02.307Z - info: [11:50:02 AM] Reload for file change: D:\Teaching\CS2113\AY1920Sem1\website\admin\reposenseCompatibility.md
2019-10-12T03:50:03.312Z - info: Rebuilding affected source files
2019-10-12T03:50:03.315Z - info: Rebuilding 8 pages
2019-10-12T03:50:06.522Z - info: Pages rebuilt
2019-10-12T03:50:06.550Z - info: Site data built
2019-10-12T03:50:25.644Z - info: [11:50:25 AM] Reload for file change: D:\Teaching\CS2113\AY1920Sem1\website\admin\reposenseCompatibility.md
2019-10-12T03:50:26.647Z - info: Rebuilding affected source files
2019-10-12T03:50:26.649Z - info: Rebuilding 8 pages
2019-10-12T03:50:29.714Z - info: Pages rebuilt
2019-10-12T03:50:29.738Z - info: Site data built
2019-10-12T03:51:04.353Z - info: [11:51:04 AM] Reload for file change: D:\Teaching\CS2113\AY1920Sem1\website\admin\reposenseCompatibility.md
2019-10-12T03:51:05.354Z - info: Rebuilding affected source files
2019-10-12T03:51:05.356Z - info: Rebuilding 8 pages
2019-10-12T03:51:08.605Z - info: Pages rebuilt
2019-10-12T03:51:08.621Z - info: Site data built
2019-10-12T03:51:50.260Z - info: [11:51:50 AM] Reload for file change: D:\Teaching\CS2113\AY1920Sem1\website\admin\reposenseCompatibility.md
2019-10-12T03:51:51.264Z - info: Rebuilding affected source files
2019-10-12T03:51:51.267Z - info: Rebuilding 8 pages
2019-10-12T03:51:54.677Z - info: Pages rebuilt
2019-10-12T03:51:54.713Z - info: Site data built
2019-10-12T03:52:18.839Z - info: [11:52:18 AM] Reload for file change: D:\Teaching\CS2113\AY1920Sem1\website\admin\reposenseCompatibility.md
2019-10-12T03:52:19.841Z - info: Rebuilding affected source files
2019-10-12T03:52:19.843Z - info: Rebuilding 8 pages
2019-10-12T03:52:23.526Z - info: Pages rebuilt
2019-10-12T03:52:23.553Z - info: Site data built
2019-10-12T03:54:08.425Z - info: [11:54:08 AM] Reload for file change: D:\Teaching\CS2113\AY1920Sem1\website\admin\reposenseAuthorAnnotation.md
2019-10-12T03:54:09.429Z - info: Rebuilding affected source files
2019-10-12T03:54:09.435Z - info: Rebuilding 16 pages
2019-10-12T03:54:15.725Z - info: Pages rebuilt
2019-10-12T03:54:15.744Z - info: Site data built
2019-10-12T03:54:19.279Z - info: [11:54:19 AM] Reload for file change: D:\Teaching\CS2113\AY1920Sem1\website\admin\reposenseCompatibility.md
2019-10-12T03:54:20.281Z - info: Rebuilding affected source files
2019-10-12T03:54:20.284Z - info: Rebuilding 8 pages
2019-10-12T03:54:23.286Z - info: Pages rebuilt
2019-10-12T03:54:23.304Z - info: Site data built
2019-10-12T03:54:36.897Z - info: [11:54:36 AM] Reload for file change: D:\Teaching\CS2113\AY1920Sem1\website\admin\reposenseCompatibility.md
2019-10-12T03:54:37.900Z - info: Rebuilding affected source files
2019-10-12T03:54:37.903Z - info: Rebuilding 8 pages
2019-10-12T03:54:41.455Z - info: Pages rebuilt
2019-10-12T03:54:41.476Z - info: Site data built
2019-10-12T03:56:31.736Z - info: [11:56:31 AM] Reload for file change: D:\Teaching\CS2113\AY1920Sem1\website\admin\reposenseAuthorAnnotation.md
2019-10-12T03:56:32.740Z - info: Rebuilding affected source files
2019-10-12T03:56:32.744Z - info: Rebuilding 16 pages
2019-10-12T03:56:38.559Z - info: Pages rebuilt
2019-10-12T03:56:38.570Z - info: Site data built
2019-10-12T03:57:07.221Z - info: [11:57:07 AM] Reload for file change: D:\Teaching\CS2113\AY1920Sem1\website\admin\reposenseAuthorAnnotation.md
2019-10-12T03:57:08.224Z - info: Rebuilding affected source files
2019-10-12T03:57:08.227Z - info: Rebuilding 16 pages
2019-10-12T03:57:14.079Z - info: Pages rebuilt
2019-10-12T03:57:14.094Z - info: Site data built
2019-10-12T03:57:33.168Z - info: [11:57:33 AM] Reload for file change: D:\Teaching\CS2113\AY1920Sem1\website\admin\reposenseAuthorAnnotation.md
2019-10-12T03:57:34.172Z - info: Rebuilding affected source files
2019-10-12T03:57:34.174Z - info: Rebuilding 16 pages
2019-10-12T03:57:40.199Z - info: Pages rebuilt
2019-10-12T03:57:40.206Z - info: Site data built
2019-10-12T03:58:15.044Z - info: [11:58:15 AM] Reload for file change: D:\Teaching\CS2113\AY1920Sem1\website\admin\reposenseCompatibility.md
2019-10-12T03:58:15.050Z - info: [11:58:15 AM] Reload for file change: D:\Teaching\CS2113\AY1920Sem1\website\admin\reposenseAuthorAnnotation.md
2019-10-12T03:58:16.045Z - info: Rebuilding affected source files
2019-10-12T03:58:16.048Z - info: Rebuilding 16 pages
2019-10-12T03:58:21.884Z - info: Pages rebuilt
2019-10-12T03:58:21.897Z - info: Site data built
2019-10-12T03:59:25.294Z - info: [11:59:25 AM] Reload for file change: D:\Teaching\CS2113\AY1920Sem1\website\admin\reposenseCompatibility.md
2019-10-12T03:59:26.298Z - info: Rebuilding affected source files
2019-10-12T03:59:26.302Z - info: Rebuilding 8 pages
2019-10-12T03:59:29.480Z - info: Pages rebuilt
2019-10-12T03:59:29.499Z - info: Site data built
2019-10-12T03:59:59.411Z - info: [11:59:59 AM] Reload for file change: D:\Teaching\CS2113\AY1920Sem1\website\admin\reposenseAuthorAnnotation.md
2019-10-12T04:00:00.415Z - info: Rebuilding affected source files
2019-10-12T04:00:00.417Z - info: Rebuilding 16 pages
2019-10-12T04:00:06.128Z - info: Pages rebuilt
2019-10-12T04:00:06.144Z - info: Site data built
2019-10-12T04:01:48.801Z - info: [12:01:48 PM] Reload for file change: D:\Teaching\CS2113\AY1920Sem1\website\admin\reposenseAuthorAnnotation.md
2019-10-12T04:01:49.803Z - info: Rebuilding affected source files
2019-10-12T04:01:49.807Z - info: Rebuilding 16 pages
2019-10-12T04:01:55.483Z - info: Pages rebuilt
2019-10-12T04:01:55.495Z - info: Site data built
2019-10-12T04:02:15.602Z - info: [12:02:15 PM] Reload for file change: D:\Teaching\CS2113\AY1920Sem1\website\admin\reposenseCompatibility.md
2019-10-12T04:02:16.606Z - info: Rebuilding affected source files
2019-10-12T04:02:16.608Z - info: Rebuilding 8 pages
2019-10-12T04:02:19.706Z - info: Pages rebuilt
2019-10-12T04:02:19.746Z - info: Site data built
2019-10-12T04:02:38.803Z - info: [12:02:38 PM] Reload for file change: D:\Teaching\CS2113\AY1920Sem1\website\admin\reposenseCompatibility.md
2019-10-12T04:02:39.808Z - info: Rebuilding affected source files
2019-10-12T04:02:39.810Z - info: Rebuilding 8 pages
2019-10-12T04:02:42.986Z - info: Pages rebuilt
2019-10-12T04:02:43.006Z - info: Site data built
2019-10-12T04:03:46.693Z - info: [12:03:46 PM] Reload for file change: D:\Teaching\CS2113\AY1920Sem1\website\admin\reposenseCompatibility.md
2019-10-12T04:03:47.696Z - info: Rebuilding affected source files
2019-10-12T04:03:47.698Z - info: Rebuilding 8 pages
2019-10-12T04:03:51.676Z - info: Pages rebuilt
2019-10-12T04:03:51.696Z - info: Site data built
2019-10-12T04:04:36.441Z - info: [12:04:36 PM] Reload for file change: D:\Teaching\CS2113\AY1920Sem1\website\admin\reposenseAuthorAnnotation.md
2019-10-12T04:04:37.445Z - info: Rebuilding affected source files
2019-10-12T04:04:37.448Z - info: Rebuilding 16 pages
2019-10-12T04:04:43.626Z - info: Pages rebuilt
2019-10-12T04:04:43.644Z - info: Site data built
2019-10-12T04:05:29.484Z - info: [12:05:29 PM] Reload for file change: D:\Teaching\CS2113\AY1920Sem1\website\admin\reposenseCompatibility.md
2019-10-12T04:05:30.486Z - info: Rebuilding affected source files
2019-10-12T04:05:30.489Z - info: Rebuilding 8 pages
2019-10-12T04:05:33.694Z - info: Pages rebuilt
2019-10-12T04:05:33.720Z - info: Site data built
2019-10-12T04:05:52.828Z - info: [12:05:52 PM] Reload for file change: D:\Teaching\CS2113\AY1920Sem1\website\admin\reposenseCompatibility.md
2019-10-12T04:05:53.832Z - info: Rebuilding affected source files
2019-10-12T04:05:53.836Z - info: Rebuilding 8 pages
2019-10-12T04:05:57.237Z - info: Pages rebuilt
2019-10-12T04:05:57.248Z - info: Site data built
2019-10-12T04:07:00.319Z - info: [12:07:00 PM] Reload for file change: D:\Teaching\CS2113\AY1920Sem1\website\admin\reposenseCompatibility.md
2019-10-12T04:07:01.324Z - info: Rebuilding affected source files
2019-10-12T04:07:01.326Z - info: Rebuilding 8 pages
2019-10-12T04:07:04.500Z - info: Pages rebuilt
2019-10-12T04:07:04.532Z - info: Site data built
2019-10-12T04:08:46.767Z - info: [12:08:46 PM] Reload for file change: D:\Teaching\CS2113\AY1920Sem1\website\admin\reposenseAuthorAnnotation.md
2019-10-12T04:08:47.770Z - info: Rebuilding affected source files
2019-10-12T04:08:47.773Z - info: Rebuilding 16 pages
2019-10-12T04:08:53.731Z - info: Pages rebuilt
2019-10-12T04:08:53.759Z - info: Site data built
2019-10-12T04:08:54.750Z - info: [12:08:54 PM] Reload for file change: D:\Teaching\CS2113\AY1920Sem1\website\admin\reposenseCompatibility.md
2019-10-12T04:08:55.752Z - info: Rebuilding affected source files
2019-10-12T04:08:55.754Z - info: Rebuilding 8 pages
2019-10-12T04:08:58.899Z - info: Pages rebuilt
2019-10-12T04:08:58.914Z - info: Site data built
2019-10-12T04:10:13.618Z - info: Website generation started at 12:10:12 PM
2019-10-12T04:10:14.436Z - info: Building assets...
2019-10-12T04:10:15.473Z - info: Assets built
2019-10-12T04:10:15.474Z - info: Generating pages...
2019-10-12T04:11:40.790Z - info: Pages built
2019-10-12T04:11:56.862Z - info: Website generation complete! Total build time: 103.968s
2019-10-12T04:11:56.900Z - info: Serving "D:\Teaching\CS2113\AY1920Sem1\website\_site" at http://127.0.0.1:8080
2019-10-12T04:11:56.900Z - info: Press CTRL+C to stop ...
2019-10-12T04:11:56.920Z - info: Site data built
2019-10-12T04:13:48.235Z - info: [12:13:48 PM] Reload for file change: D:\Teaching\CS2113\AY1920Sem1\website\admin\project-w10-mid-v13.md
2019-10-12T04:13:49.236Z - info: Rebuilding affected source files
2019-10-12T04:13:49.238Z - info: Rebuilding 4 pages
2019-10-12T04:13:51.821Z - info: Pages rebuilt
2019-10-12T04:13:51.834Z - info: Site data built
2019-10-12T04:16:21.841Z - info: [12:16:21 PM] Reload for file change: D:\Teaching\CS2113\AY1920Sem1\website\admin\reposenseAuthorAnnotation.md
2019-10-12T04:16:22.846Z - info: Rebuilding affected source files
2019-10-12T04:16:22.852Z - info: Rebuilding 16 pages
2019-10-12T04:16:28.580Z - info: Pages rebuilt
2019-10-12T04:16:28.597Z - info: Site data built
2019-10-12T04:22:23.879Z - info: [12:22:23 PM] Reload for file change: D:\Teaching\CS2113\AY1920Sem1\website\admin\reposenseAuthorAnnotation.md
2019-10-12T04:22:24.882Z - info: Rebuilding affected source files
2019-10-12T04:22:24.885Z - info: Rebuilding 16 pages
2019-10-12T04:22:30.810Z - info: Pages rebuilt
2019-10-12T04:22:30.820Z - info: Site data built
2019-10-12T04:23:10.835Z - info: [12:23:10 PM] Reload for file change: D:\Teaching\CS2113\AY1920Sem1\website\admin\reposenseCompatibility.md
2019-10-12T04:23:11.838Z - info: Rebuilding affected source files
2019-10-12T04:23:11.840Z - info: Rebuilding 8 pages
2019-10-12T04:23:15.125Z - info: Pages rebuilt
2019-10-12T04:23:15.140Z - info: Site data built
2019-10-12T04:23:28.741Z - info: [12:23:28 PM] Reload for file change: D:\Teaching\CS2113\AY1920Sem1\website\admin\reposenseCompatibility.md
2019-10-12T04:23:29.743Z - info: Rebuilding affected source files
2019-10-12T04:23:29.745Z - info: Rebuilding 8 pages
2019-10-12T04:23:32.832Z - info: Pages rebuilt
2019-10-12T04:23:32.842Z - info: Site data built
2019-10-12T04:24:04.520Z - info: [12:24:04 PM] Reload for file change: D:\Teaching\CS2113\AY1920Sem1\website\admin\reposenseCompatibility.md
2019-10-12T04:24:05.525Z - info: Rebuilding affected source files
2019-10-12T04:24:05.527Z - info: Rebuilding 8 pages
2019-10-12T04:24:08.866Z - info: Pages rebuilt
2019-10-12T04:24:08.897Z - info: Site data built
2019-10-12T04:24:16.597Z - info: [12:24:16 PM] Reload for file change: D:\Teaching\CS2113\AY1920Sem1\website\admin\reposenseCompatibility.md
2019-10-12T04:24:17.600Z - info: Rebuilding affected source files
2019-10-12T04:24:17.605Z - info: Rebuilding 8 pages
2019-10-12T04:24:21.038Z - info: Pages rebuilt
2019-10-12T04:24:21.047Z - info: Site data built
2019-10-12T04:25:12.830Z - info: [12:25:12 PM] Reload for file change: D:\Teaching\CS2113\AY1920Sem1\website\admin\project-w10-mid-v13.md
2019-10-12T04:25:13.834Z - info: Rebuilding affected source files
2019-10-12T04:25:13.836Z - info: Rebuilding 4 pages
2019-10-12T04:25:16.347Z - info: Pages rebuilt
2019-10-12T04:25:16.354Z - info: Site data built
2019-10-12T04:30:25.002Z - info: [12:30:25 PM] Reload for file change: D:\Teaching\CS2113\AY1920Sem1\website\admin\project-w10-mid-v13.md
2019-10-12T04:30:26.008Z - info: Rebuilding affected source files
2019-10-12T04:30:26.013Z - info: Rebuilding 4 pages
2019-10-12T04:30:28.532Z - info: Pages rebuilt
2019-10-12T04:30:28.540Z - info: Site data built
2019-10-12T04:30:54.195Z - info: [12:30:54 PM] Reload for file change: D:\Teaching\CS2113\AY1920Sem1\website\admin\project-w10-mid-v13.md
2019-10-12T04:30:55.199Z - info: Rebuilding affected source files
2019-10-12T04:30:55.201Z - info: Rebuilding 4 pages
2019-10-12T04:30:57.569Z - info: Pages rebuilt
2019-10-12T04:30:57.583Z - info: Site data built
2019-10-12T04:32:26.309Z - info: [12:32:26 PM] Reload for file change: D:\Teaching\CS2113\AY1920Sem1\website\admin\project-w10-mid-v13.md
2019-10-12T04:32:27.313Z - info: Rebuilding affected source files
2019-10-12T04:32:27.314Z - info: Rebuilding 4 pages
2019-10-12T04:32:29.761Z - info: Pages rebuilt
2019-10-12T04:32:29.773Z - info: Site data built
2019-10-12T04:32:47.131Z - info: [12:32:47 PM] Reload for file change: D:\Teaching\CS2113\AY1920Sem1\website\admin\project-w10-mid-v13.md
2019-10-12T04:32:48.137Z - info: Rebuilding affected source files
2019-10-12T04:32:48.143Z - info: Rebuilding 4 pages
2019-10-12T04:32:50.469Z - info: Pages rebuilt
2019-10-12T04:32:50.479Z - info: Site data built
2019-10-12T04:33:45.916Z - info: [12:33:45 PM] Reload for file change: D:\Teaching\CS2113\AY1920Sem1\website\admin\project-w10-mid-v13.md
2019-10-12T04:33:46.919Z - info: Rebuilding affected source files
2019-10-12T04:33:46.921Z - info: Rebuilding 4 pages
2019-10-12T04:33:49.276Z - info: Pages rebuilt
2019-10-12T04:33:49.285Z - info: Site data built
2019-10-12T04:34:56.396Z - info: [12:34:56 PM] Reload for file change: D:\Teaching\CS2113\AY1920Sem1\website\admin\project-w10-mid-v13.md
2019-10-12T04:34:57.400Z - info: Rebuilding affected source files
2019-10-12T04:34:57.403Z - info: Rebuilding 4 pages
2019-10-12T04:34:59.790Z - info: Pages rebuilt
2019-10-12T04:34:59.798Z - info: Site data built
2019-10-12T04:38:55.243Z - info: [12:38:55 PM] Reload for file change: D:\Teaching\CS2113\AY1920Sem1\website\admin\project-w10-mid-v13.md
2019-10-12T04:38:56.247Z - info: Rebuilding affected source files
2019-10-12T04:38:56.250Z - info: Rebuilding 4 pages
2019-10-12T04:38:58.633Z - info: Pages rebuilt
2019-10-12T04:38:58.641Z - info: Site data built
2019-10-12T04:40:11.169Z - info: [12:40:11 PM] Reload for file change: D:\Teaching\CS2113\AY1920Sem1\website\admin\project-w10-mid-v13.md
2019-10-12T04:40:12.172Z - info: Rebuilding affected source files
2019-10-12T04:40:12.180Z - info: Rebuilding 4 pages
2019-10-12T04:40:14.728Z - info: Pages rebuilt
2019-10-12T04:40:14.737Z - info: Site data built
2019-10-12T04:40:44.805Z - info: [12:40:44 PM] Reload for file change: D:\Teaching\CS2113\AY1920Sem1\website\admin\project-w10-mid-v13.md
2019-10-12T04:40:45.809Z - info: Rebuilding affected source files
2019-10-12T04:40:45.812Z - info: Rebuilding 4 pages
2019-10-12T04:40:48.221Z - info: Pages rebuilt
2019-10-12T04:40:48.234Z - info: Site data built
2019-10-12T04:41:12.572Z - info: [12:41:12 PM] Reload for file change: D:\Teaching\CS2113\AY1920Sem1\website\admin\project-w10-mid-v13.md
2019-10-12T04:41:13.573Z - info: Rebuilding affected source files
2019-10-12T04:41:13.577Z - info: Rebuilding 4 pages
2019-10-12T04:41:15.921Z - info: Pages rebuilt
2019-10-12T04:41:15.936Z - info: Site data built
2019-10-12T04:42:14.864Z - info: [12:42:14 PM] Reload for file change: D:\Teaching\CS2113\AY1920Sem1\website\admin\project-w10-mid-v13.md
2019-10-12T04:42:15.865Z - info: Rebuilding affected source files
2019-10-12T04:42:15.867Z - info: Rebuilding 4 pages
2019-10-12T04:42:18.208Z - info: Pages rebuilt
2019-10-12T04:42:18.217Z - info: Site data built
2019-10-12T04:42:30.533Z - info: [12:42:30 PM] Reload for file change: D:\Teaching\CS2113\AY1920Sem1\website\admin\project-w10-mid-v13.md
2019-10-12T04:42:31.536Z - info: Rebuilding affected source files
2019-10-12T04:42:31.538Z - info: Rebuilding 4 pages
2019-10-12T04:42:33.969Z - info: Pages rebuilt
2019-10-12T04:42:33.975Z - info: Site data built
2019-10-12T04:43:01.095Z - info: [12:43:01 PM] Reload for file change: D:\Teaching\CS2113\AY1920Sem1\website\admin\project-w10-mid-v13.md
2019-10-12T04:43:02.098Z - info: Rebuilding affected source files
2019-10-12T04:43:02.100Z - info: Rebuilding 4 pages
2019-10-12T04:43:04.440Z - info: Pages rebuilt
2019-10-12T04:43:04.453Z - info: Site data built
2019-10-12T04:43:56.829Z - info: [12:43:56 PM] Reload for file change: D:\Teaching\CS2113\AY1920Sem1\website\admin\project-w10-mid-v13.md
2019-10-12T04:43:57.832Z - info: Rebuilding affected source files
2019-10-12T04:43:57.835Z - info: Rebuilding 4 pages
2019-10-12T04:44:00.129Z - info: Pages rebuilt
2019-10-12T04:44:00.137Z - info: Site data built
2019-10-12T04:44:30.463Z - info: [12:44:30 PM] Reload for file change: D:\Teaching\CS2113\AY1920Sem1\website\admin\project-w10-mid-v13.md
2019-10-12T04:44:31.467Z - info: Rebuilding affected source files
2019-10-12T04:44:31.469Z - info: Rebuilding 4 pages
2019-10-12T04:44:33.781Z - info: Pages rebuilt
2019-10-12T04:44:33.789Z - info: Site data built
2019-10-12T04:44:46.012Z - info: [12:44:46 PM] Reload for file change: D:\Teaching\CS2113\AY1920Sem1\website\admin\project-w10-mid-v13.md
2019-10-12T04:44:47.016Z - info: Rebuilding affected source files
2019-10-12T04:44:47.017Z - info: Rebuilding 4 pages
2019-10-12T04:44:49.193Z - info: Pages rebuilt
2019-10-12T04:44:49.205Z - info: Site data built
2019-10-12T04:46:50.843Z - info: [12:46:50 PM] Reload for file change: D:\Teaching\CS2113\AY1920Sem1\website\admin\project-w10-mid-v13.md
2019-10-12T04:46:51.846Z - info: Rebuilding affected source files
2019-10-12T04:46:51.849Z - info: Rebuilding 4 pages
2019-10-12T04:46:54.305Z - info: Pages rebuilt
2019-10-12T04:46:54.314Z - info: Site data built
2019-10-12T04:47:47.595Z - info: [12:47:47 PM] Reload for file change: D:\Teaching\CS2113\AY1920Sem1\website\admin\project-w10-mid-v13.md
2019-10-12T04:47:48.597Z - info: Rebuilding affected source files
2019-10-12T04:47:48.599Z - info: Rebuilding 4 pages
2019-10-12T04:47:50.897Z - info: Pages rebuilt
2019-10-12T04:47:50.904Z - info: Site data built
2019-10-12T04:49:24.913Z - info: [12:49:24 PM] Reload for file change: D:\Teaching\CS2113\AY1920Sem1\website\admin\project-w10-mid-v13.md
2019-10-12T04:49:25.919Z - info: Rebuilding affected source files
2019-10-12T04:49:25.921Z - info: Rebuilding 4 pages
2019-10-12T04:49:28.550Z - info: Pages rebuilt
2019-10-12T04:49:28.565Z - info: Site data built
2019-10-12T04:49:45.815Z - info: [12:49:45 PM] Reload for file change: D:\Teaching\CS2113\AY1920Sem1\website\admin\project-w10-mid-v13.md
2019-10-12T04:49:46.821Z - info: Rebuilding affected source files
2019-10-12T04:49:46.827Z - info: Rebuilding 4 pages
2019-10-12T04:49:49.039Z - info: Pages rebuilt
2019-10-12T04:49:49.051Z - info: Site data built
2019-10-12T04:54:08.311Z - info: [12:54:08 PM] Reload for file change: D:\Teaching\CS2113\AY1920Sem1\website\admin\project-w10-mid-v13.md
2019-10-12T04:54:09.314Z - info: Rebuilding affected source files
2019-10-12T04:54:09.319Z - info: Rebuilding 4 pages
2019-10-12T04:54:11.677Z - info: Pages rebuilt
2019-10-12T04:54:11.688Z - info: Site data built
2019-10-12T04:58:47.168Z - info: [12:58:47 PM] Reload for file change: D:\Teaching\CS2113\AY1920Sem1\website\admin\project-w09-v12.md
2019-10-12T04:58:48.171Z - info: Rebuilding affected source files
2019-10-12T04:58:48.173Z - info: Rebuilding 4 pages
2019-10-12T04:58:48.252Z - error:  Error: No such file: D:\Teaching\CS2113\AY1920Sem1\website\admin\null
Missing reference in D:\Teaching\CS2113\AY1920Sem1\website\admin\project-w09-v12.md
    at Parser._preprocess (C:\Users\anarayan\AppData\Roaming\npm\node_modules\markbind-cli\src\lib\markbind\src\parser.js:225:21)
    at element.children.element.children.map.e (C:\Users\anarayan\AppData\Roaming\npm\node_modules\markbind-cli\src\lib\markbind\src\parser.js:399:57)
    at Array.map (<anonymous>)
    at Parser._preprocess (C:\Users\anarayan\AppData\Roaming\npm\node_modules\markbind-cli\src\lib\markbind\src\parser.js:399:43)
    at element.children.element.children.map.e (C:\Users\anarayan\AppData\Roaming\npm\node_modules\markbind-cli\src\lib\markbind\src\parser.js:399:57)
    at Array.map (<anonymous>)
    at Parser._preprocess (C:\Users\anarayan\AppData\Roaming\npm\node_modules\markbind-cli\src\lib\markbind\src\parser.js:399:43)
    at element.children.element.children.map.e (C:\Users\anarayan\AppData\Roaming\npm\node_modules\markbind-cli\src\lib\markbind\src\parser.js:399:57)
    at Array.map (<anonymous>)
    at Parser._preprocess (C:\Users\anarayan\AppData\Roaming\npm\node_modules\markbind-cli\src\lib\markbind\src\parser.js:399:43)
    at element.children.element.children.map.e (C:\Users\anarayan\AppData\Roaming\npm\node_modules\markbind-cli\src\lib\markbind\src\parser.js:399:57)
    at Array.map (<anonymous>)
    at Parser._preprocess (C:\Users\anarayan\AppData\Roaming\npm\node_modules\markbind-cli\src\lib\markbind\src\parser.js:399:43)
    at dom.map (C:\Users\anarayan\AppData\Roaming\npm\node_modules\markbind-cli\src\lib\markbind\src\parser.js:567:28)
    at Array.map (<anonymous>)
    at DomHandler.htmlparser.DomHandler [as _callback] (C:\Users\anarayan\AppData\Roaming\npm\node_modules\markbind-cli\src\lib\markbind\src\parser.js:564:25)
2019-10-12T04:58:48.307Z - error:  Error: No such file: D:\Teaching\CS2113\AY1920Sem1\website\admin\null
Missing reference in D:\Teaching\CS2113\AY1920Sem1\website\admin\project-w09-v12.md
    at Parser._preprocess (C:\Users\anarayan\AppData\Roaming\npm\node_modules\markbind-cli\src\lib\markbind\src\parser.js:225:21)
    at element.children.element.children.map.e (C:\Users\anarayan\AppData\Roaming\npm\node_modules\markbind-cli\src\lib\markbind\src\parser.js:399:57)
    at Array.map (<anonymous>)
    at Parser._preprocess (C:\Users\anarayan\AppData\Roaming\npm\node_modules\markbind-cli\src\lib\markbind\src\parser.js:399:43)
    at element.children.element.children.map.e (C:\Users\anarayan\AppData\Roaming\npm\node_modules\markbind-cli\src\lib\markbind\src\parser.js:399:57)
    at Array.map (<anonymous>)
    at Parser._preprocess (C:\Users\anarayan\AppData\Roaming\npm\node_modules\markbind-cli\src\lib\markbind\src\parser.js:399:43)
    at element.children.element.children.map.e (C:\Users\anarayan\AppData\Roaming\npm\node_modules\markbind-cli\src\lib\markbind\src\parser.js:382:57)
    at Array.map (<anonymous>)
    at Parser._preprocess (C:\Users\anarayan\AppData\Roaming\npm\node_modules\markbind-cli\src\lib\markbind\src\parser.js:382:43)
    at element.children.element.children.map.e (C:\Users\anarayan\AppData\Roaming\npm\node_modules\markbind-cli\src\lib\markbind\src\parser.js:399:57)
    at Array.map (<anonymous>)
    at Parser._preprocess (C:\Users\anarayan\AppData\Roaming\npm\node_modules\markbind-cli\src\lib\markbind\src\parser.js:399:43)
    at element.children.element.children.map.e (C:\Users\anarayan\AppData\Roaming\npm\node_modules\markbind-cli\src\lib\markbind\src\parser.js:399:57)
    at Array.map (<anonymous>)
    at Parser._preprocess (C:\Users\anarayan\AppData\Roaming\npm\node_modules\markbind-cli\src\lib\markbind\src\parser.js:399:43)
2019-10-12T04:58:48.350Z - error:  Error: No such file: D:\Teaching\CS2113\AY1920Sem1\website\admin\null
Missing reference in D:\Teaching\CS2113\AY1920Sem1\website\admin\project-w09-v12.md
    at Parser._preprocess (C:\Users\anarayan\AppData\Roaming\npm\node_modules\markbind-cli\src\lib\markbind\src\parser.js:225:21)
    at element.children.element.children.map.e (C:\Users\anarayan\AppData\Roaming\npm\node_modules\markbind-cli\src\lib\markbind\src\parser.js:399:57)
    at Array.map (<anonymous>)
    at Parser._preprocess (C:\Users\anarayan\AppData\Roaming\npm\node_modules\markbind-cli\src\lib\markbind\src\parser.js:399:43)
    at element.children.element.children.map.e (C:\Users\anarayan\AppData\Roaming\npm\node_modules\markbind-cli\src\lib\markbind\src\parser.js:399:57)
    at Array.map (<anonymous>)
    at Parser._preprocess (C:\Users\anarayan\AppData\Roaming\npm\node_modules\markbind-cli\src\lib\markbind\src\parser.js:399:43)
    at element.children.element.children.map.e (C:\Users\anarayan\AppData\Roaming\npm\node_modules\markbind-cli\src\lib\markbind\src\parser.js:382:57)
    at Array.map (<anonymous>)
    at Parser._preprocess (C:\Users\anarayan\AppData\Roaming\npm\node_modules\markbind-cli\src\lib\markbind\src\parser.js:382:43)
    at element.children.element.children.map.e (C:\Users\anarayan\AppData\Roaming\npm\node_modules\markbind-cli\src\lib\markbind\src\parser.js:399:57)
    at Array.map (<anonymous>)
    at Parser._preprocess (C:\Users\anarayan\AppData\Roaming\npm\node_modules\markbind-cli\src\lib\markbind\src\parser.js:399:43)
    at dom.map (C:\Users\anarayan\AppData\Roaming\npm\node_modules\markbind-cli\src\lib\markbind\src\parser.js:567:28)
    at Array.map (<anonymous>)
    at DomHandler.htmlparser.DomHandler [as _callback] (C:\Users\anarayan\AppData\Roaming\npm\node_modules\markbind-cli\src\lib\markbind\src\parser.js:564:25)
2019-10-12T04:58:49.191Z - error:  Error: No such file: D:\Teaching\CS2113\AY1920Sem1\website\admin\null
Missing reference in D:\Teaching\CS2113\AY1920Sem1\website\admin\project-w09-v12.md
    at Parser._preprocess (C:\Users\anarayan\AppData\Roaming\npm\node_modules\markbind-cli\src\lib\markbind\src\parser.js:225:21)
    at element.children.element.children.map.e (C:\Users\anarayan\AppData\Roaming\npm\node_modules\markbind-cli\src\lib\markbind\src\parser.js:399:57)
    at Array.map (<anonymous>)
    at Parser._preprocess (C:\Users\anarayan\AppData\Roaming\npm\node_modules\markbind-cli\src\lib\markbind\src\parser.js:399:43)
    at element.children.element.children.map.e (C:\Users\anarayan\AppData\Roaming\npm\node_modules\markbind-cli\src\lib\markbind\src\parser.js:399:57)
    at Array.map (<anonymous>)
    at Parser._preprocess (C:\Users\anarayan\AppData\Roaming\npm\node_modules\markbind-cli\src\lib\markbind\src\parser.js:399:43)
    at element.children.element.children.map.e (C:\Users\anarayan\AppData\Roaming\npm\node_modules\markbind-cli\src\lib\markbind\src\parser.js:399:57)
    at Array.map (<anonymous>)
    at Parser._preprocess (C:\Users\anarayan\AppData\Roaming\npm\node_modules\markbind-cli\src\lib\markbind\src\parser.js:399:43)
    at element.children.element.children.map.e (C:\Users\anarayan\AppData\Roaming\npm\node_modules\markbind-cli\src\lib\markbind\src\parser.js:399:57)
    at Array.map (<anonymous>)
    at Parser._preprocess (C:\Users\anarayan\AppData\Roaming\npm\node_modules\markbind-cli\src\lib\markbind\src\parser.js:399:43)
    at dom.map (C:\Users\anarayan\AppData\Roaming\npm\node_modules\markbind-cli\src\lib\markbind\src\parser.js:567:28)
    at Array.map (<anonymous>)
    at DomHandler.htmlparser.DomHandler [as _callback] (C:\Users\anarayan\AppData\Roaming\npm\node_modules\markbind-cli\src\lib\markbind\src\parser.js:564:25)
2019-10-12T04:58:50.766Z - info: Pages rebuilt
2019-10-12T04:58:50.773Z - info: Site data built
2019-10-12T04:59:21.545Z - info: [12:59:21 PM] Reload for file change: D:\Teaching\CS2113\AY1920Sem1\website\admin\project-w09-v12.md
2019-10-12T04:59:22.549Z - info: Rebuilding affected source files
2019-10-12T04:59:22.551Z - info: Rebuilding 4 pages
2019-10-12T04:59:25.157Z - info: Pages rebuilt
2019-10-12T04:59:25.166Z - info: Site data built
2019-10-12T04:59:43.872Z - info: [12:59:43 PM] Reload for file change: D:\Teaching\CS2113\AY1920Sem1\website\admin\project-w09-v12.md
2019-10-12T04:59:44.875Z - info: Rebuilding affected source files
2019-10-12T04:59:44.877Z - info: Rebuilding 4 pages
2019-10-12T04:59:47.436Z - info: Pages rebuilt
2019-10-12T04:59:47.443Z - info: Site data built
2019-10-12T05:00:02.050Z - info: [1:00:02 PM] Reload for file change: D:\Teaching\CS2113\AY1920Sem1\website\admin\project-w09-v12.md
2019-10-12T05:00:03.050Z - info: Rebuilding affected source files
2019-10-12T05:00:03.052Z - info: Rebuilding 4 pages
2019-10-12T05:00:05.463Z - info: Pages rebuilt
2019-10-12T05:00:05.470Z - info: Site data built
2019-10-12T05:00:50.738Z - info: [1:00:50 PM] Reload for file change: D:\Teaching\CS2113\AY1920Sem1\website\admin\project-w09-v12.md
2019-10-12T05:00:51.742Z - info: Rebuilding affected source files
2019-10-12T05:00:51.744Z - info: Rebuilding 4 pages
2019-10-12T05:00:54.129Z - info: Pages rebuilt
2019-10-12T05:00:54.139Z - info: Site data built
2019-10-12T05:03:00.045Z - info: [1:03:00 PM] Reload for file change: D:\Teaching\CS2113\AY1920Sem1\website\admin\project-w09-v12.md
2019-10-12T05:03:01.049Z - info: Rebuilding affected source files
2019-10-12T05:03:01.052Z - info: Rebuilding 4 pages
2019-10-12T05:03:03.613Z - info: Pages rebuilt
2019-10-12T05:03:03.621Z - info: Site data built
2019-10-12T05:03:18.441Z - info: [1:03:18 PM] Reload for file change: D:\Teaching\CS2113\AY1920Sem1\website\admin\project-w09-v12.md
2019-10-12T05:03:19.446Z - info: Rebuilding affected source files
2019-10-12T05:03:19.453Z - info: Rebuilding 4 pages
2019-10-12T05:03:21.948Z - info: Pages rebuilt
2019-10-12T05:03:21.956Z - info: Site data built
2019-10-12T05:04:48.279Z - info: [1:04:48 PM] Reload for file change: D:\Teaching\CS2113\AY1920Sem1\website\admin\project-w09-v12.md
2019-10-12T05:04:49.285Z - info: Rebuilding affected source files
2019-10-12T05:04:49.293Z - info: Rebuilding 4 pages
2019-10-12T05:04:52.044Z - info: Pages rebuilt
2019-10-12T05:04:52.054Z - info: Site data built
2019-10-12T05:04:58.958Z - info: [1:04:58 PM] Reload for file change: D:\Teaching\CS2113\AY1920Sem1\website\admin\project-w09-v12.md
2019-10-12T05:04:59.963Z - info: Rebuilding affected source files
2019-10-12T05:04:59.965Z - info: Rebuilding 4 pages
2019-10-12T05:05:02.739Z - info: Pages rebuilt
2019-10-12T05:05:02.747Z - info: Site data built
2019-10-12T05:05:43.519Z - info: [1:05:43 PM] Reload for file change: D:\Teaching\CS2113\AY1920Sem1\website\schedule\week9\notices-cs2113.md
2019-10-12T05:05:44.520Z - info: Rebuilding affected source files
2019-10-12T05:05:44.522Z - info: Rebuilding 3 pages
2019-10-12T05:05:44.872Z - info: Pages rebuilt
2019-10-12T05:05:44.885Z - info: Site data built
2019-10-12T05:06:11.723Z - info: [1:06:11 PM] Reload for file change: D:\Teaching\CS2113\AY1920Sem1\website\schedule\week9\notices-cs2113.md
2019-10-12T05:06:12.725Z - info: Rebuilding affected source files
2019-10-12T05:06:12.727Z - info: Rebuilding 3 pages
2019-10-12T05:06:13.069Z - info: Pages rebuilt
2019-10-12T05:06:13.085Z - info: Site data built
2019-10-12T05:06:39.202Z - info: [1:06:39 PM] Reload for file change: D:\Teaching\CS2113\AY1920Sem1\website\schedule\week9\notices-cs2113.md
2019-10-12T05:06:40.207Z - info: Rebuilding affected source files
2019-10-12T05:06:40.212Z - info: Rebuilding 3 pages
2019-10-12T05:06:40.550Z - info: Pages rebuilt
2019-10-12T05:06:40.562Z - info: Site data built
2019-10-12T05:07:24.388Z - info: [1:07:24 PM] Reload for file change: D:\Teaching\CS2113\AY1920Sem1\website\schedule\week9\notices-cs2113.md
2019-10-12T05:07:25.390Z - info: Rebuilding affected source files
2019-10-12T05:07:25.391Z - info: Rebuilding 3 pages
2019-10-12T05:07:25.763Z - info: Pages rebuilt
2019-10-12T05:07:25.770Z - info: Site data built
2019-10-12T05:08:20.240Z - info: Website generation started at 1:08:19 PM
2019-10-12T05:08:21.061Z - info: Building assets...
2019-10-12T05:08:21.908Z - info: Assets built
2019-10-12T05:08:21.909Z - info: Generating pages...
2019-10-12T05:09:44.397Z - info: Pages built
2019-10-12T05:10:02.807Z - info: Website generation complete! Total build time: 103.334s
2019-10-12T05:10:02.808Z - info: Build success!
2019-10-12T05:10:02.812Z - info: Site data built
2019-10-12T05:10:33.295Z - info: Deployed!
