2019-11-06T08:02:51.776Z - info: Website generation started at 4:02:50 PM
2019-11-06T08:02:52.795Z - info: Building assets...
2019-11-06T08:02:53.821Z - info: Assets built
2019-11-06T08:02:53.822Z - info: Generating pages...
2019-11-06T08:04:20.390Z - info: Pages built
2019-11-06T08:04:40.018Z - info: Website generation complete! Total build time: 109.103s
2019-11-06T08:04:40.018Z - info: Build success!
2019-11-06T08:04:40.021Z - info: Site data built
2019-11-06T08:04:44.567Z - info: Website generation started at 4:04:42 PM
2019-11-06T08:04:45.628Z - info: Building assets...
2019-11-06T08:04:46.728Z - info: Assets built
2019-11-06T08:04:46.729Z - info: Generating pages...
2019-11-06T08:06:15.586Z - info: Pages built
2019-11-06T08:06:34.778Z - info: Website generation complete! Total build time: 112.095s
2019-11-06T08:06:34.829Z - info: Serving "D:\Teaching\CS2113\AY1920Sem1\website\_site" at http://127.0.0.1:8080
2019-11-06T08:06:34.830Z - info: Press CTRL+C to stop ...
2019-11-06T08:06:34.853Z - info: Site data built
2019-11-06T08:10:19.404Z - info: Website generation started at 4:10:17 PM
2019-11-06T08:10:20.718Z - info: Building assets...
2019-11-06T08:10:21.650Z - info: Assets built
2019-11-06T08:10:21.651Z - info: Generating pages...
2019-11-06T08:11:42.700Z - info: Pages built
2019-11-06T08:12:01.065Z - info: Website generation complete! Total build time: 103.107s
2019-11-06T08:12:01.065Z - info: Build success!
2019-11-06T08:12:01.070Z - info: Site data built
2019-11-06T08:12:31.444Z - info: Deployed!
