2019-09-20T02:53:36.153Z - info: Website generation started at 10:53:35 AM
2019-09-20T02:53:37.326Z - info: Building assets...
2019-09-20T02:53:38.377Z - info: Assets built
2019-09-20T02:53:38.377Z - info: Generating pages...
2019-09-20T02:54:37.658Z - info: Pages built
2019-09-20T02:54:49.530Z - info: Website generation complete! Total build time: 74.427s
2019-09-20T02:54:49.811Z - info: Serving "E:\Teaching\CS2113\CS2113-AY1920Sem1\website\_site" at http://127.0.0.1:8080
2019-09-20T02:54:49.811Z - info: Press CTRL+C to stop ...
2019-09-20T02:54:49.827Z - info: Site data built
2019-09-20T02:55:42.166Z - info: [10:55:42 AM] Reload for file change: E:\Teaching\CS2113\CS2113-AY1920Sem1\website\admin\project-w07-v11.md
2019-09-20T02:55:43.168Z - info: Rebuilding affected source files
2019-09-20T02:55:43.170Z - info: Rebuilding 4 pages
2019-09-20T02:55:44.749Z - info: Pages rebuilt
2019-09-20T02:55:44.755Z - info: Site data built
2019-09-20T02:56:12.793Z - info: [10:56:12 AM] Reload for file change: E:\Teaching\CS2113\CS2113-AY1920Sem1\website\admin\project-w07-v11.md
2019-09-20T02:56:13.797Z - info: Rebuilding affected source files
2019-09-20T02:56:13.798Z - info: Rebuilding 4 pages
2019-09-20T02:56:16.520Z - info: Pages rebuilt
2019-09-20T02:56:16.529Z - info: Site data built
2019-09-20T03:36:41.544Z - info: [11:36:41 AM] Reload for file change: E:\Teaching\CS2113\CS2113-AY1920Sem1\website\admin\project-w07-v11.md
2019-09-20T03:36:42.545Z - info: Rebuilding affected source files
2019-09-20T03:36:42.547Z - info: Rebuilding 4 pages
2019-09-20T03:36:45.452Z - info: Pages rebuilt
2019-09-20T03:36:45.457Z - info: Site data built
2019-09-20T03:39:07.462Z - info: [11:39:07 AM] Reload for file change: E:\Teaching\CS2113\CS2113-AY1920Sem1\website\admin\project-w05-v10.md
2019-09-20T03:39:08.464Z - info: Rebuilding affected source files
2019-09-20T03:39:08.466Z - info: Rebuilding 3 pages
2019-09-20T03:39:10.986Z - info: Pages rebuilt
2019-09-20T03:39:10.996Z - info: Site data built
2019-09-20T03:39:25.139Z - info: [11:39:25 AM] Reload for file change: E:\Teaching\CS2113\CS2113-AY1920Sem1\website\admin\project-w05-v10.md
2019-09-20T03:39:26.140Z - info: Rebuilding affected source files
2019-09-20T03:39:26.142Z - info: Rebuilding 3 pages
2019-09-20T03:39:28.588Z - info: Pages rebuilt
2019-09-20T03:39:28.595Z - info: Site data built
2019-09-20T03:40:14.111Z - info: [11:40:14 AM] Reload for file change: E:\Teaching\CS2113\CS2113-AY1920Sem1\website\admin\project-w07-v11.md
2019-09-20T03:40:15.113Z - info: Rebuilding affected source files
2019-09-20T03:40:15.118Z - info: Rebuilding 4 pages
2019-09-20T03:40:17.096Z - info: Pages rebuilt
2019-09-20T03:40:17.101Z - info: Site data built
2019-09-20T03:40:52.468Z - info: [11:40:52 AM] Reload for file change: E:\Teaching\CS2113\CS2113-AY1920Sem1\website\admin\project-w07-v11.md
2019-09-20T03:40:53.470Z - info: Rebuilding affected source files
2019-09-20T03:40:53.472Z - info: Rebuilding 4 pages
2019-09-20T03:40:55.299Z - info: Pages rebuilt
2019-09-20T03:40:55.304Z - info: Site data built
2019-09-20T03:41:21.190Z - info: [11:41:21 AM] Reload for file change: E:\Teaching\CS2113\CS2113-AY1920Sem1\website\admin\project-w07-v11.md
2019-09-20T03:41:22.190Z - info: Rebuilding affected source files
2019-09-20T03:41:22.192Z - info: Rebuilding 4 pages
2019-09-20T03:41:24.061Z - info: Pages rebuilt
2019-09-20T03:41:24.066Z - info: Site data built
2019-09-20T03:41:51.823Z - info: [11:41:51 AM] Reload for file change: E:\Teaching\CS2113\CS2113-AY1920Sem1\website\admin\project-w07-v11.md
2019-09-20T03:41:52.826Z - info: Rebuilding affected source files
2019-09-20T03:41:52.831Z - info: Rebuilding 4 pages
2019-09-20T03:41:54.696Z - info: Pages rebuilt
2019-09-20T03:41:54.701Z - info: Site data built
2019-09-20T03:42:09.954Z - info: [11:42:09 AM] Reload for file change: E:\Teaching\CS2113\CS2113-AY1920Sem1\website\admin\project-w07-v11.md
2019-09-20T03:42:10.957Z - info: Rebuilding affected source files
2019-09-20T03:42:10.958Z - info: Rebuilding 4 pages
2019-09-20T03:42:12.681Z - info: Pages rebuilt
2019-09-20T03:42:12.688Z - info: Site data built
2019-09-20T03:42:35.634Z - info: [11:42:35 AM] Reload for file change: E:\Teaching\CS2113\CS2113-AY1920Sem1\website\admin\project-w07-v11.md
2019-09-20T03:42:36.636Z - info: Rebuilding affected source files
2019-09-20T03:42:36.637Z - info: Rebuilding 4 pages
2019-09-20T03:42:38.496Z - info: Pages rebuilt
2019-09-20T03:42:38.501Z - info: Site data built
2019-09-20T03:42:46.975Z - info: [11:42:46 AM] Reload for file change: E:\Teaching\CS2113\CS2113-AY1920Sem1\website\admin\project-w07-v11.md
2019-09-20T03:42:47.977Z - info: Rebuilding affected source files
2019-09-20T03:42:47.978Z - info: Rebuilding 4 pages
2019-09-20T03:42:49.660Z - info: Pages rebuilt
2019-09-20T03:42:49.666Z - info: Site data built
2019-09-20T03:43:25.818Z - info: [11:43:25 AM] Reload for file change: E:\Teaching\CS2113\CS2113-AY1920Sem1\website\admin\project-w07-v11.md
2019-09-20T03:43:26.821Z - info: Rebuilding affected source files
2019-09-20T03:43:26.822Z - info: Rebuilding 4 pages
2019-09-20T03:43:28.694Z - info: Pages rebuilt
2019-09-20T03:43:28.699Z - info: Site data built
2019-09-20T03:43:41.463Z - info: [11:43:41 AM] Reload for file change: E:\Teaching\CS2113\CS2113-AY1920Sem1\website\admin\project-w07-v11.md
2019-09-20T03:43:42.464Z - info: Rebuilding affected source files
2019-09-20T03:43:42.465Z - info: Rebuilding 4 pages
2019-09-20T03:43:45.117Z - info: Pages rebuilt
2019-09-20T03:43:45.122Z - info: Site data built
2019-09-20T03:44:47.448Z - info: [11:44:47 AM] Reload for file change: E:\Teaching\CS2113\CS2113-AY1920Sem1\website\admin\project-w07-v11.md
2019-09-20T03:44:48.448Z - info: Rebuilding affected source files
2019-09-20T03:44:48.450Z - info: Rebuilding 4 pages
2019-09-20T03:44:50.323Z - info: Pages rebuilt
2019-09-20T03:44:50.327Z - info: Site data built
2019-09-20T03:45:27.202Z - info: [11:45:27 AM] Reload for file change: E:\Teaching\CS2113\CS2113-AY1920Sem1\website\admin\project-w07-v11.md
2019-09-20T03:45:28.204Z - info: Rebuilding affected source files
2019-09-20T03:45:28.206Z - info: Rebuilding 4 pages
2019-09-20T03:45:30.286Z - info: Pages rebuilt
2019-09-20T03:45:30.290Z - info: Site data built
2019-09-20T03:46:30.488Z - info: [11:46:30 AM] Reload for file change: E:\Teaching\CS2113\CS2113-AY1920Sem1\website\admin\project-w07-v11.md
2019-09-20T03:46:31.491Z - info: Rebuilding affected source files
2019-09-20T03:46:31.492Z - info: Rebuilding 4 pages
2019-09-20T03:46:33.477Z - info: Pages rebuilt
2019-09-20T03:46:33.482Z - info: Site data built
2019-09-20T03:47:03.499Z - info: [11:47:03 AM] Reload for file change: E:\Teaching\CS2113\CS2113-AY1920Sem1\website\admin\project-w07-v11.md
2019-09-20T03:47:04.500Z - info: Rebuilding affected source files
2019-09-20T03:47:04.501Z - info: Rebuilding 4 pages
2019-09-20T03:47:06.700Z - info: Pages rebuilt
2019-09-20T03:47:06.707Z - info: Site data built
2019-09-20T03:47:22.463Z - info: [11:47:22 AM] Reload for file change: E:\Teaching\CS2113\CS2113-AY1920Sem1\website\admin\project-w07-v11.md
2019-09-20T03:47:23.465Z - info: Rebuilding affected source files
2019-09-20T03:47:23.466Z - info: Rebuilding 4 pages
2019-09-20T03:47:25.317Z - info: Pages rebuilt
2019-09-20T03:47:25.322Z - info: Site data built
2019-09-20T03:47:49.999Z - info: [11:47:49 AM] Reload for file change: E:\Teaching\CS2113\CS2113-AY1920Sem1\website\admin\project-w07-v11.md
2019-09-20T03:47:51.001Z - info: Rebuilding affected source files
2019-09-20T03:47:51.003Z - info: Rebuilding 4 pages
2019-09-20T03:47:53.128Z - info: Pages rebuilt
2019-09-20T03:47:53.134Z - info: Site data built
2019-09-20T03:48:44.197Z - info: [11:48:44 AM] Reload for file change: E:\Teaching\CS2113\CS2113-AY1920Sem1\website\admin\project-w07-v11.md
2019-09-20T03:48:45.197Z - info: Rebuilding affected source files
2019-09-20T03:48:45.198Z - info: Rebuilding 4 pages
2019-09-20T03:48:47.140Z - info: Pages rebuilt
2019-09-20T03:48:47.145Z - info: Site data built
2019-09-20T03:49:05.484Z - info: [11:49:05 AM] Reload for file change: E:\Teaching\CS2113\CS2113-AY1920Sem1\website\admin\project-w07-v11.md
2019-09-20T03:49:06.486Z - info: Rebuilding affected source files
2019-09-20T03:49:06.489Z - info: Rebuilding 4 pages
2019-09-20T03:49:08.342Z - info: Pages rebuilt
2019-09-20T03:49:08.350Z - info: Site data built
2019-09-20T03:49:52.632Z - info: [11:49:52 AM] Reload for file change: E:\Teaching\CS2113\CS2113-AY1920Sem1\website\admin\project-w05-v10.md
2019-09-20T03:49:53.634Z - info: Rebuilding affected source files
2019-09-20T03:49:53.637Z - info: Rebuilding 6 pages
2019-09-20T03:49:56.350Z - info: Pages rebuilt
2019-09-20T03:49:56.384Z - info: Site data built
2019-09-20T03:50:06.136Z - info: [11:50:06 AM] Reload for file change: E:\Teaching\CS2113\CS2113-AY1920Sem1\website\admin\project-w05-v10.md
2019-09-20T03:50:07.137Z - info: Rebuilding affected source files
2019-09-20T03:50:07.139Z - info: Rebuilding 6 pages
2019-09-20T03:50:09.852Z - info: Pages rebuilt
2019-09-20T03:50:09.865Z - info: Site data built
2019-09-20T03:51:55.510Z - info: [11:51:55 AM] Reload for file change: E:\Teaching\CS2113\CS2113-AY1920Sem1\website\admin\project-w07-v11.md
2019-09-20T03:51:56.511Z - info: Rebuilding affected source files
2019-09-20T03:51:56.513Z - info: Rebuilding 4 pages
2019-09-20T03:51:59.280Z - info: Pages rebuilt
2019-09-20T03:51:59.288Z - info: Site data built
2019-09-20T03:54:54.094Z - info: [11:54:54 AM] Reload for file change: E:\Teaching\CS2113\CS2113-AY1920Sem1\website\admin\project-w07-v11.md
2019-09-20T03:54:55.094Z - info: Rebuilding affected source files
2019-09-20T03:54:55.095Z - info: Rebuilding 4 pages
2019-09-20T03:54:57.347Z - info: Pages rebuilt
2019-09-20T03:54:57.353Z - info: Site data built
2019-09-20T03:55:37.299Z - info: [11:55:37 AM] Reload for file change: E:\Teaching\CS2113\CS2113-AY1920Sem1\website\admin\project-w07-v11.md
2019-09-20T03:55:38.301Z - info: Rebuilding affected source files
2019-09-20T03:55:38.302Z - info: Rebuilding 4 pages
2019-09-20T03:55:40.680Z - info: Pages rebuilt
2019-09-20T03:55:40.686Z - info: Site data built
2019-09-20T03:55:55.371Z - info: [11:55:55 AM] Reload for file change: E:\Teaching\CS2113\CS2113-AY1920Sem1\website\admin\project-w07-v11.md
2019-09-20T03:55:56.373Z - info: Rebuilding affected source files
2019-09-20T03:55:56.375Z - info: Rebuilding 4 pages
2019-09-20T03:55:58.888Z - info: Pages rebuilt
2019-09-20T03:55:58.893Z - info: Site data built
2019-09-20T03:56:17.782Z - info: [11:56:17 AM] Reload for file change: E:\Teaching\CS2113\CS2113-AY1920Sem1\website\admin\project-w07-v11.md
2019-09-20T03:56:18.783Z - info: Rebuilding affected source files
2019-09-20T03:56:18.784Z - info: Rebuilding 4 pages
2019-09-20T03:56:21.103Z - info: Pages rebuilt
2019-09-20T03:56:21.109Z - info: Site data built
2019-09-20T03:56:29.895Z - info: [11:56:29 AM] Reload for file change: E:\Teaching\CS2113\CS2113-AY1920Sem1\website\admin\project-w07-v11.md
2019-09-20T03:56:30.896Z - info: Rebuilding affected source files
2019-09-20T03:56:30.897Z - info: Rebuilding 4 pages
2019-09-20T03:56:33.111Z - info: Pages rebuilt
2019-09-20T03:56:33.117Z - info: Site data built
2019-09-20T03:56:56.374Z - info: [11:56:56 AM] Reload for file change: E:\Teaching\CS2113\CS2113-AY1920Sem1\website\admin\project-w07-v11.md
2019-09-20T03:56:57.376Z - info: Rebuilding affected source files
2019-09-20T03:56:57.377Z - info: Rebuilding 4 pages
2019-09-20T03:56:59.688Z - info: Pages rebuilt
2019-09-20T03:56:59.694Z - info: Site data built
2019-09-20T03:57:06.027Z - info: [11:57:06 AM] Reload for file change: E:\Teaching\CS2113\CS2113-AY1920Sem1\website\admin\project-w07-v11.md
2019-09-20T03:57:07.027Z - info: Rebuilding affected source files
2019-09-20T03:57:07.028Z - info: Rebuilding 4 pages
2019-09-20T03:57:09.483Z - info: Pages rebuilt
2019-09-20T03:57:09.492Z - info: Site data built
2019-09-20T03:57:39.146Z - info: [11:57:39 AM] Reload for file change: E:\Teaching\CS2113\CS2113-AY1920Sem1\website\admin\project-w07-v11.md
2019-09-20T03:57:40.147Z - info: Rebuilding affected source files
2019-09-20T03:57:40.148Z - info: Rebuilding 4 pages
2019-09-20T03:57:42.608Z - info: Pages rebuilt
2019-09-20T03:57:42.614Z - info: Site data built
2019-09-20T03:59:52.197Z - info: [11:59:52 AM] Reload for file change: E:\Teaching\CS2113\CS2113-AY1920Sem1\website\schedule\week9\tutorial-cs2113.md
2019-09-20T03:59:53.199Z - info: Rebuilding affected source files
2019-09-20T03:59:53.202Z - info: Rebuilding 1 pages
2019-09-20T03:59:53.287Z - info: Pages rebuilt
2019-09-20T03:59:53.291Z - info: Site data built
2019-09-20T03:59:58.592Z - info: [11:59:58 AM] Reload for file change: E:\Teaching\CS2113\CS2113-AY1920Sem1\website\schedule\week7\tutorial-cs2113.md
2019-09-20T03:59:59.593Z - info: Rebuilding affected source files
2019-09-20T03:59:59.594Z - info: Rebuilding 1 pages
2019-09-20T03:59:59.661Z - info: Pages rebuilt
2019-09-20T03:59:59.666Z - info: Site data built
2019-09-20T04:01:35.992Z - info: [12:01:35 PM] Reload for file change: E:\Teaching\CS2113\CS2113-AY1920Sem1\website\schedule\week7\notices-cs2113.md
2019-09-20T04:01:36.994Z - info: Rebuilding affected source files
2019-09-20T04:01:36.994Z - info: Rebuilding 1 pages
2019-09-20T04:01:37.058Z - info: Pages rebuilt
2019-09-20T04:01:37.062Z - info: Site data built
2019-09-20T04:01:40.260Z - info: [12:01:40 PM] Reload for file change: E:\Teaching\CS2113\CS2113-AY1920Sem1\website\schedule\week7\notices-cs2113.md
2019-09-20T04:01:41.261Z - info: Rebuilding affected source files
2019-09-20T04:01:41.262Z - info: Rebuilding 1 pages
2019-09-20T04:01:41.315Z - info: Pages rebuilt
2019-09-20T04:01:41.318Z - info: Site data built
2019-09-20T04:02:32.871Z - info: [12:02:32 PM] Reload for file change: E:\Teaching\CS2113\CS2113-AY1920Sem1\website\schedule\week7\tutorial-cs2113.md
2019-09-20T04:02:32.874Z - info: [12:02:32 PM] Reload for file change: E:\Teaching\CS2113\CS2113-AY1920Sem1\website\schedule\week7\notices-cs2113.md
2019-09-20T04:02:33.872Z - info: Rebuilding affected source files
2019-09-20T04:02:33.873Z - info: Rebuilding 2 pages
2019-09-20T04:02:33.979Z - info: Pages rebuilt
2019-09-20T04:02:33.988Z - info: Site data built
2019-09-20T04:03:11.979Z - info: [12:03:11 PM] Reload for file change: E:\Teaching\CS2113\CS2113-AY1920Sem1\website\schedule\week7\notices-cs2113.md
2019-09-20T04:03:12.982Z - info: Rebuilding affected source files
2019-09-20T04:03:12.982Z - info: Rebuilding 1 pages
2019-09-20T04:03:13.068Z - info: Pages rebuilt
2019-09-20T04:03:13.073Z - info: Site data built
2019-09-20T04:04:16.761Z - info: [12:04:16 PM] Reload for file change: E:\Teaching\CS2113\CS2113-AY1920Sem1\website\schedule\week7\notices-cs2113.md
2019-09-20T04:04:17.763Z - info: Rebuilding affected source files
2019-09-20T04:04:17.764Z - info: Rebuilding 1 pages
2019-09-20T04:04:17.836Z - info: Pages rebuilt
2019-09-20T04:04:17.840Z - info: Site data built
2019-09-20T04:04:28.742Z - info: [12:04:28 PM] Reload for file change: E:\Teaching\CS2113\CS2113-AY1920Sem1\website\schedule\week7\notices-cs2113.md
2019-09-20T04:04:29.744Z - info: Rebuilding affected source files
2019-09-20T04:04:29.745Z - info: Rebuilding 1 pages
2019-09-20T04:04:29.809Z - info: Pages rebuilt
2019-09-20T04:04:29.813Z - info: Site data built
2019-09-20T04:05:54.473Z - info: [12:05:54 PM] Reload for file change: E:\Teaching\CS2113\CS2113-AY1920Sem1\website\admin\project-w07-v11.md
2019-09-20T04:05:55.476Z - info: Rebuilding affected source files
2019-09-20T04:05:55.477Z - info: Rebuilding 4 pages
2019-09-20T04:05:57.803Z - info: Pages rebuilt
2019-09-20T04:05:57.809Z - info: Site data built
2019-09-20T04:06:36.554Z - info: [12:06:36 PM] Reload for file change: E:\Teaching\CS2113\CS2113-AY1920Sem1\website\admin\project-w07-v11.md
2019-09-20T04:06:37.556Z - info: Rebuilding affected source files
2019-09-20T04:06:37.559Z - info: Rebuilding 4 pages
2019-09-20T04:06:39.988Z - info: Pages rebuilt
2019-09-20T04:06:39.993Z - info: Site data built
2019-09-20T04:07:17.416Z - info: [12:07:17 PM] Reload for file change: E:\Teaching\CS2113\CS2113-AY1920Sem1\website\admin\project-w07-v11.md
2019-09-20T04:07:18.420Z - info: Rebuilding affected source files
2019-09-20T04:07:18.421Z - info: Rebuilding 4 pages
2019-09-20T04:07:20.662Z - info: Pages rebuilt
2019-09-20T04:07:20.668Z - info: Site data built
2019-09-20T04:19:24.454Z - info: [12:19:24 PM] Reload for file change: E:\Teaching\CS2113\CS2113-AY1920Sem1\website\admin\project-w07-v11.md
2019-09-20T04:19:25.456Z - info: Rebuilding affected source files
2019-09-20T04:19:25.458Z - info: Rebuilding 4 pages
2019-09-20T04:19:27.846Z - info: Pages rebuilt
2019-09-20T04:19:27.850Z - info: Site data built
2019-09-20T04:21:02.190Z - info: [12:21:02 PM] Reload for file change: E:\Teaching\CS2113\CS2113-AY1920Sem1\website\admin\project-w07-v11.md
2019-09-20T04:21:03.191Z - info: Rebuilding affected source files
2019-09-20T04:21:03.192Z - info: Rebuilding 4 pages
2019-09-20T04:21:05.387Z - info: Pages rebuilt
2019-09-20T04:21:05.394Z - info: Site data built
2019-09-20T04:21:15.399Z - info: [12:21:15 PM] Reload for file change: E:\Teaching\CS2113\CS2113-AY1920Sem1\website\admin\project-w07-v11.md
2019-09-20T04:21:16.402Z - info: Rebuilding affected source files
2019-09-20T04:21:16.404Z - info: Rebuilding 4 pages
2019-09-20T04:21:18.802Z - info: Pages rebuilt
2019-09-20T04:21:18.806Z - info: Site data built
2019-09-20T04:26:20.166Z - info: Website generation started at 12:26:19 PM
2019-09-20T04:26:21.145Z - info: Building assets...
2019-09-20T04:26:22.115Z - info: Assets built
2019-09-20T04:26:22.115Z - info: Generating pages...
2019-09-20T04:27:22.618Z - info: Pages built
2019-09-20T04:27:34.516Z - info: Website generation complete! Total build time: 75.351s
2019-09-20T04:27:34.517Z - info: Build success!
2019-09-20T04:27:34.525Z - info: Site data built
2019-09-20T04:30:45.621Z - info: Website generation started at 12:30:44 PM
2019-09-20T04:30:46.607Z - info: Building assets...
