2019-09-13T02:08:01.963Z - info: Website generation started at 10:08:00 AM
2019-09-13T02:08:02.908Z - info: Building assets...
2019-09-13T02:08:03.796Z - info: Assets built
2019-09-13T02:08:03.797Z - info: Generating pages...
2019-09-13T02:09:05.482Z - info: Pages built
2019-09-13T02:09:17.553Z - info: Website generation complete! Total build time: 76.553s
2019-09-13T02:09:17.821Z - info: Serving "E:\Teaching\CS2113\CS2113-AY1920Sem1\website\_site" at http://127.0.0.1:8080
2019-09-13T02:09:17.821Z - info: Press CTRL+C to stop ...
2019-09-13T02:09:17.840Z - info: Site data built
2019-09-13T02:14:52.446Z - info: [10:14:52 AM] Reload for file change: E:\Teaching\CS2113\CS2113-AY1920Sem1\website\admin\project-w06-mid-v11.md
2019-09-13T02:14:53.448Z - info: Rebuilding affected source files
2019-09-13T02:14:53.451Z - info: Rebuilding 5 pages
2019-09-13T02:14:56.844Z - info: Pages rebuilt
2019-09-13T02:14:56.855Z - info: Site data built
2019-09-13T02:15:13.011Z - info: [10:15:13 AM] Reload for file change: E:\Teaching\CS2113\CS2113-AY1920Sem1\website\admin\project-w06-mid-v11.md
2019-09-13T02:15:14.012Z - info: Rebuilding affected source files
2019-09-13T02:15:14.018Z - info: Rebuilding 5 pages
2019-09-13T02:15:17.008Z - info: Pages rebuilt
2019-09-13T02:15:17.016Z - info: Site data built
2019-09-13T02:16:19.181Z - info: [10:16:19 AM] Reload for file change: E:\Teaching\CS2113\CS2113-AY1920Sem1\website\admin\project-w06-mid-v11.md
2019-09-13T02:16:20.186Z - info: Rebuilding affected source files
2019-09-13T02:16:20.191Z - info: Rebuilding 5 pages
2019-09-13T02:16:23.222Z - info: Pages rebuilt
2019-09-13T02:16:23.230Z - info: Site data built
2019-09-13T02:16:51.987Z - info: [10:16:51 AM] Reload for file change: E:\Teaching\CS2113\CS2113-AY1920Sem1\website\admin\project-w06-mid-v11.md
2019-09-13T02:16:52.988Z - info: Rebuilding affected source files
2019-09-13T02:16:52.989Z - info: Rebuilding 5 pages
2019-09-13T02:16:56.072Z - info: Pages rebuilt
2019-09-13T02:16:56.081Z - info: Site data built
2019-09-13T02:18:24.590Z - info: [10:18:24 AM] Reload for file change: E:\Teaching\CS2113\CS2113-AY1920Sem1\website\admin\project-w06-mid-v11.md
2019-09-13T02:18:25.593Z - info: Rebuilding affected source files
2019-09-13T02:18:25.598Z - info: Rebuilding 5 pages
2019-09-13T02:18:28.616Z - info: Pages rebuilt
2019-09-13T02:18:28.626Z - info: Site data built
2019-09-13T02:19:16.846Z - info: [10:19:16 AM] Reload for file change: E:\Teaching\CS2113\CS2113-AY1920Sem1\website\admin\project-w06-mid-v11.md
2019-09-13T02:19:17.849Z - info: Rebuilding affected source files
2019-09-13T02:19:17.854Z - info: Rebuilding 5 pages
2019-09-13T02:19:20.947Z - info: Pages rebuilt
2019-09-13T02:19:20.953Z - info: Site data built
2019-09-13T02:19:35.522Z - info: [10:19:35 AM] Reload for file change: E:\Teaching\CS2113\CS2113-AY1920Sem1\website\admin\project-w06-mid-v11.md
2019-09-13T02:19:36.525Z - info: Rebuilding affected source files
2019-09-13T02:19:36.527Z - info: Rebuilding 5 pages
2019-09-13T02:19:39.538Z - info: Pages rebuilt
2019-09-13T02:19:39.548Z - info: Site data built
2019-09-13T02:20:47.228Z - info: [10:20:47 AM] Reload for file change: E:\Teaching\CS2113\CS2113-AY1920Sem1\website\admin\project-w06-mid-v11.md
2019-09-13T02:20:48.230Z - info: Rebuilding affected source files
2019-09-13T02:20:48.231Z - info: Rebuilding 5 pages
2019-09-13T02:20:51.303Z - info: Pages rebuilt
2019-09-13T02:20:51.316Z - info: Site data built
2019-09-13T02:21:04.051Z - info: [10:21:04 AM] Reload for file change: E:\Teaching\CS2113\CS2113-AY1920Sem1\website\admin\project-w06-mid-v11.md
2019-09-13T02:21:05.052Z - info: Rebuilding affected source files
2019-09-13T02:21:05.053Z - info: Rebuilding 5 pages
2019-09-13T02:21:07.963Z - info: Pages rebuilt
2019-09-13T02:21:07.975Z - info: Site data built
2019-09-13T02:21:18.986Z - info: [10:21:18 AM] Reload for file change: E:\Teaching\CS2113\CS2113-AY1920Sem1\website\admin\project-w06-mid-v11.md
2019-09-13T02:21:19.987Z - info: Rebuilding affected source files
2019-09-13T02:21:19.991Z - info: Rebuilding 5 pages
2019-09-13T02:21:22.803Z - info: Pages rebuilt
2019-09-13T02:21:22.813Z - info: Site data built
2019-09-13T02:24:32.908Z - info: [10:24:32 AM] Reload for file change: E:\Teaching\CS2113\CS2113-AY1920Sem1\website\schedule\week7\notices-cs2113.md
2019-09-13T02:24:33.910Z - info: Rebuilding affected source files
2019-09-13T02:24:33.911Z - info: Rebuilding 1 pages
2019-09-13T02:24:34.041Z - info: Pages rebuilt
2019-09-13T02:24:34.045Z - info: Site data built
2019-09-13T02:25:07.082Z - info: [10:25:07 AM] Reload for file change: E:\Teaching\CS2113\CS2113-AY1920Sem1\website\admin\projectList.md
2019-09-13T02:25:08.083Z - info: Rebuilding affected source files
2019-09-13T02:25:08.085Z - info: Rebuilding 1 pages
2019-09-13T02:25:08.150Z - info: Pages rebuilt
2019-09-13T02:25:08.153Z - info: Site data built
2019-09-13T02:26:51.130Z - info: [10:26:51 AM] Reload for file change: E:\Teaching\CS2113\CS2113-AY1920Sem1\website\admin\project-timeline.md
2019-09-13T02:26:52.131Z - info: Rebuilding affected source files
2019-09-13T02:26:52.139Z - info: Rebuilding 36 pages
2019-09-13T02:27:00.029Z - info: Pages rebuilt
2019-09-13T02:27:00.035Z - info: Site data built
2019-09-13T02:27:34.180Z - info: [10:27:34 AM] Reload for file change: E:\Teaching\CS2113\CS2113-AY1920Sem1\website\admin\project-timeline.md
2019-09-13T02:27:35.183Z - info: Rebuilding affected source files
2019-09-13T02:27:35.187Z - info: Rebuilding 36 pages
2019-09-13T02:27:43.102Z - info: Pages rebuilt
2019-09-13T02:27:43.116Z - info: Site data built
2019-09-13T02:27:57.119Z - info: [10:27:57 AM] Reload for file change: E:\Teaching\CS2113\CS2113-AY1920Sem1\website\admin\project-timeline.md
2019-09-13T02:27:58.121Z - info: Rebuilding affected source files
2019-09-13T02:27:58.127Z - info: Rebuilding 36 pages
2019-09-13T02:28:05.895Z - info: Pages rebuilt
2019-09-13T02:28:05.906Z - info: Site data built
2019-09-13T02:30:28.592Z - info: [10:30:28 AM] Reload for file change: E:\Teaching\CS2113\CS2113-AY1920Sem1\website\schedule\week7\notices-cs2113.md
2019-09-13T02:30:29.595Z - info: Rebuilding affected source files
2019-09-13T02:30:29.596Z - info: Rebuilding 1 pages
2019-09-13T02:30:29.719Z - info: Pages rebuilt
2019-09-13T02:30:29.723Z - info: Site data built
2019-09-13T02:31:24.710Z - info: [10:31:24 AM] Reload for file change: E:\Teaching\CS2113\CS2113-AY1920Sem1\website\schedule\week6\tutorial-cs2113.md
2019-09-13T02:31:24.718Z - info: [10:31:24 AM] Reload for file change: E:\Teaching\CS2113\CS2113-AY1920Sem1\website\schedule\week7\tutorial-cs2113.md
2019-09-13T02:31:25.712Z - info: Rebuilding affected source files
2019-09-13T02:31:25.713Z - info: Rebuilding 2 pages
2019-09-13T02:31:25.935Z - info: Pages rebuilt
2019-09-13T02:31:25.939Z - info: Site data built
2019-09-13T02:31:45.461Z - info: [10:31:45 AM] Reload for file change: E:\Teaching\CS2113\CS2113-AY1920Sem1\website\schedule\week7\tutorial-cs2113.md
2019-09-13T02:31:46.462Z - info: Rebuilding affected source files
2019-09-13T02:31:46.463Z - info: Rebuilding 1 pages
2019-09-13T02:31:46.622Z - info: Pages rebuilt
2019-09-13T02:31:46.626Z - info: Site data built
2019-09-13T02:37:16.213Z - info: [10:37:16 AM] Reload for file change: E:\Teaching\CS2113\CS2113-AY1920Sem1\website\schedule\week7\tutorial-cs2113.md
2019-09-13T02:37:16.220Z - info: [10:37:16 AM] Reload for file change: E:\Teaching\CS2113\CS2113-AY1920Sem1\website\schedule\week8\tutorial-cs2113.md
2019-09-13T02:37:17.214Z - info: Rebuilding affected source files
2019-09-13T02:37:17.215Z - info: Rebuilding 2 pages
2019-09-13T02:37:17.408Z - info: Pages rebuilt
2019-09-13T02:37:17.412Z - info: Site data built
2019-09-13T02:41:40.992Z - info: [10:41:40 AM] Reload for file change: E:\Teaching\CS2113\CS2113-AY1920Sem1\website\schedule\week8\tutorial-cs2113.md
2019-09-13T02:41:41.000Z - info: [10:41:41 AM] Reload for file change: E:\Teaching\CS2113\CS2113-AY1920Sem1\website\schedule\week9\tutorial-cs2113.md
2019-09-13T02:41:41.995Z - info: Rebuilding affected source files
2019-09-13T02:41:41.996Z - info: Rebuilding 2 pages
2019-09-13T02:41:42.223Z - info: Pages rebuilt
2019-09-13T02:41:42.227Z - info: Site data built
2019-09-13T02:42:04.684Z - info: [10:42:04 AM] Reload for file change: E:\Teaching\CS2113\CS2113-AY1920Sem1\website\schedule\week8\tutorial-cs2113.md
2019-09-13T02:42:05.685Z - info: Rebuilding affected source files
2019-09-13T02:42:05.688Z - info: Rebuilding 1 pages
2019-09-13T02:42:05.883Z - info: Pages rebuilt
2019-09-13T02:42:05.887Z - info: Site data built
2019-09-13T02:42:16.646Z - info: [10:42:16 AM] Reload for file change: E:\Teaching\CS2113\CS2113-AY1920Sem1\website\schedule\week8\tutorial-cs2113.md
2019-09-13T02:42:17.647Z - info: Rebuilding affected source files
2019-09-13T02:42:17.650Z - info: Rebuilding 1 pages
2019-09-13T02:42:17.804Z - info: Pages rebuilt
2019-09-13T02:42:17.812Z - info: Site data built
2019-09-13T02:43:40.716Z - info: [10:43:40 AM] Reload for file change: E:\Teaching\CS2113\CS2113-AY1920Sem1\website\schedule\week8\tutorial-cs2113.md
2019-09-13T02:43:41.716Z - info: Rebuilding affected source files
2019-09-13T02:43:41.718Z - info: Rebuilding 1 pages
2019-09-13T02:43:41.907Z - info: Pages rebuilt
2019-09-13T02:43:41.910Z - info: Site data built
2019-09-13T02:45:53.448Z - info: [10:45:53 AM] Reload for file change: E:\Teaching\CS2113\CS2113-AY1920Sem1\website\schedule\week9\tutorial-cs2113.md
2019-09-13T02:45:53.450Z - info: [10:45:53 AM] Reload for file change: E:\Teaching\CS2113\CS2113-AY1920Sem1\website\schedule\week8\tutorial-cs2113.md
2019-09-13T02:45:54.450Z - info: Rebuilding affected source files
2019-09-13T02:45:54.453Z - info: Rebuilding 2 pages
2019-09-13T02:45:54.686Z - info: Pages rebuilt
2019-09-13T02:45:54.694Z - info: Site data built
2019-09-13T02:46:18.535Z - info: [10:46:18 AM] Reload for file change: E:\Teaching\CS2113\CS2113-AY1920Sem1\website\schedule\week8\tutorial-cs2113.md
2019-09-13T02:46:19.536Z - info: Rebuilding affected source files
2019-09-13T02:46:19.538Z - info: Rebuilding 1 pages
2019-09-13T02:46:19.707Z - info: Pages rebuilt
2019-09-13T02:46:19.711Z - info: Site data built
2019-09-13T02:46:30.119Z - info: [10:46:30 AM] Reload for file change: E:\Teaching\CS2113\CS2113-AY1920Sem1\website\schedule\week8\tutorial-cs2113.md
2019-09-13T02:46:31.120Z - info: Rebuilding affected source files
2019-09-13T02:46:31.121Z - info: Rebuilding 1 pages
2019-09-13T02:46:31.224Z - info: Pages rebuilt
2019-09-13T02:46:31.228Z - info: Site data built
2019-09-13T02:46:40.350Z - info: [10:46:40 AM] Reload for file change: E:\Teaching\CS2113\CS2113-AY1920Sem1\website\schedule\week8\tutorial-cs2113.md
2019-09-13T02:46:41.351Z - info: Rebuilding affected source files
2019-09-13T02:46:41.351Z - info: Rebuilding 1 pages
2019-09-13T02:46:41.454Z - info: Pages rebuilt
2019-09-13T02:46:41.460Z - info: Site data built
2019-09-13T02:46:53.129Z - info: [10:46:53 AM] Reload for file change: E:\Teaching\CS2113\CS2113-AY1920Sem1\website\schedule\week8\tutorial-cs2113.md
2019-09-13T02:46:54.131Z - info: Rebuilding affected source files
2019-09-13T02:46:54.131Z - info: Rebuilding 1 pages
2019-09-13T02:46:54.280Z - info: Pages rebuilt
2019-09-13T02:46:54.284Z - info: Site data built
2019-09-13T02:50:37.625Z - info: [10:50:37 AM] Reload for file change: E:\Teaching\CS2113\CS2113-AY1920Sem1\website\schedule\week7\tutorial-cs2113.md
2019-09-13T02:50:38.626Z - info: Rebuilding affected source files
2019-09-13T02:50:38.627Z - info: Rebuilding 1 pages
2019-09-13T02:50:38.695Z - info: Pages rebuilt
2019-09-13T02:50:38.699Z - info: Site data built
2019-09-13T02:50:39.576Z - info: [10:50:39 AM] Reload for file change: E:\Teaching\CS2113\CS2113-AY1920Sem1\website\schedule\week7\tutorial-cs2113.md
2019-09-13T02:50:40.579Z - info: Rebuilding affected source files
2019-09-13T02:50:40.579Z - info: Rebuilding 1 pages
2019-09-13T02:50:40.653Z - info: Pages rebuilt
2019-09-13T02:50:40.658Z - info: Site data built
2019-09-13T02:52:00.989Z - info: [10:52:00 AM] Reload for file change: E:\Teaching\CS2113\CS2113-AY1920Sem1\website\schedule\week7\tutorial-cs2113.md
2019-09-13T02:52:01.991Z - info: Rebuilding affected source files
2019-09-13T02:52:01.993Z - info: Rebuilding 1 pages
2019-09-13T02:52:02.071Z - info: Pages rebuilt
2019-09-13T02:52:02.076Z - info: Site data built
2019-09-13T02:52:32.779Z - info: [10:52:32 AM] Reload for file change: E:\Teaching\CS2113\CS2113-AY1920Sem1\website\schedule\week7\tutorial-cs2113.md
2019-09-13T02:52:33.780Z - info: Rebuilding affected source files
2019-09-13T02:52:33.780Z - info: Rebuilding 1 pages
2019-09-13T02:52:33.842Z - info: Pages rebuilt
2019-09-13T02:52:33.848Z - info: Site data built
2019-09-13T02:54:09.384Z - info: [10:54:09 AM] Reload for file change: E:\Teaching\CS2113\CS2113-AY1920Sem1\website\schedule\week8\notices-cs2113.md
2019-09-13T02:54:10.387Z - info: Rebuilding affected source files
2019-09-13T02:54:10.388Z - info: Rebuilding 1 pages
2019-09-13T02:54:10.509Z - info: Pages rebuilt
2019-09-13T02:54:10.514Z - info: Site data built
2019-09-13T02:54:34.422Z - info: [10:54:34 AM] Reload for file change: E:\Teaching\CS2113\CS2113-AY1920Sem1\website\schedule\week8\notices-cs2113.md
2019-09-13T02:54:35.423Z - info: Rebuilding affected source files
2019-09-13T02:54:35.424Z - info: Rebuilding 1 pages
2019-09-13T02:54:35.509Z - info: Pages rebuilt
2019-09-13T02:54:35.513Z - info: Site data built
2019-09-13T02:54:41.231Z - info: [10:54:41 AM] Reload for file change: E:\Teaching\CS2113\CS2113-AY1920Sem1\website\schedule\week8\notices-cs2113.md
2019-09-13T02:54:42.233Z - info: Rebuilding affected source files
2019-09-13T02:54:42.234Z - info: Rebuilding 1 pages
2019-09-13T02:54:42.300Z - info: Pages rebuilt
2019-09-13T02:54:42.304Z - info: Site data built
2019-09-13T02:54:53.438Z - info: [10:54:53 AM] Reload for file change: E:\Teaching\CS2113\CS2113-AY1920Sem1\website\schedule\week8\notices-cs2113.md
2019-09-13T02:54:54.439Z - info: Rebuilding affected source files
2019-09-13T02:54:54.440Z - info: Rebuilding 1 pages
2019-09-13T02:54:54.495Z - info: Pages rebuilt
2019-09-13T02:54:54.499Z - info: Site data built
2019-09-13T02:55:00.671Z - info: [10:55:00 AM] Reload for file change: E:\Teaching\CS2113\CS2113-AY1920Sem1\website\schedule\week8\notices-cs2113.md
2019-09-13T02:55:01.672Z - info: Rebuilding affected source files
2019-09-13T02:55:01.673Z - info: Rebuilding 1 pages
2019-09-13T02:55:01.726Z - info: Pages rebuilt
2019-09-13T02:55:01.730Z - info: Site data built
2019-09-13T02:56:26.358Z - info: Website generation started at 10:56:25 AM
2019-09-13T02:56:27.330Z - info: Building assets...
2019-09-13T02:56:28.561Z - info: Assets built
2019-09-13T02:56:28.562Z - info: Generating pages...
2019-09-13T02:57:28.093Z - info: Pages built
2019-09-13T02:57:40.069Z - info: Website generation complete! Total build time: 74.76s
2019-09-13T02:57:40.366Z - info: Serving "E:\Teaching\CS2113\CS2113-AY1920Sem1\website\_site" at http://127.0.0.1:8080
2019-09-13T02:57:40.366Z - info: Press CTRL+C to stop ...
2019-09-13T02:57:40.383Z - info: Site data built
2019-09-13T03:00:15.727Z - info: [11:00:15 AM] Reload for file change: E:\Teaching\CS2113\CS2113-AY1920Sem1\website\schedule\week6\notices-cs2113.md
2019-09-13T03:00:16.729Z - info: Rebuilding affected source files
2019-09-13T03:00:16.730Z - info: Rebuilding 3 pages
2019-09-13T03:00:17.032Z - info: Pages rebuilt
2019-09-13T03:00:17.040Z - info: Site data built
2019-09-13T03:00:59.148Z - info: [11:00:59 AM] Reload for file change: E:\Teaching\CS2113\CS2113-AY1920Sem1\website\schedule\week6\notices-cs2113.md
2019-09-13T03:00:59.149Z - info: [11:00:59 AM] Reload for file change: E:\Teaching\CS2113\CS2113-AY1920Sem1\website\schedule\week8\notices-cs2113.md
2019-09-13T03:01:00.148Z - info: Rebuilding affected source files
2019-09-13T03:01:00.150Z - info: Rebuilding 4 pages
2019-09-13T03:01:00.454Z - info: Pages rebuilt
2019-09-13T03:01:00.465Z - info: Site data built
2019-09-13T03:02:03.692Z - info: [11:02:03 AM] Reload for file change: E:\Teaching\CS2113\CS2113-AY1920Sem1\website\schedule\week6\notices-cs2113.md
2019-09-13T03:02:04.692Z - info: Rebuilding affected source files
2019-09-13T03:02:04.694Z - info: Rebuilding 3 pages
2019-09-13T03:02:04.982Z - info: Pages rebuilt
2019-09-13T03:02:04.986Z - info: Site data built
2019-09-13T03:02:48.719Z - info: Website generation started at 11:02:47 AM
2019-09-13T03:02:49.690Z - info: Building assets...
